times in msec
592.272: VimEnter autocommands
412.463  008.474: sourcing $HOME/.vimrc
356.237  100.547: sourcing /private/var/mobile/Containers/Data/Application/EFEEF93A-2AA6-4B6B-83D1-DD8971FF3349/Documents/.vim/_rc/pac.vim
255.690  255.189: sourcing /private/var/mobile/Containers/Data/Application/EFEEF93A-2AA6-4B6B-83D1-DD8971FF3349/Documents/_vim/pack/__Dev_Python__/opt/python-mode/plugin/pymode.vim
198.589  198.589: sourcing /private/var/mobile/Containers/Data/Application/EFEEF93A-2AA6-4B6B-83D1-DD8971FF3349/Documents/_vim/pack/__Find&Fold&Indent&Search&Jump__/start/searchvim/plugin/searchvim.vim
193.354: loading plugins
187.817: first screen update
105.929: starting GUI
079.587: loading packages
047.752  045.813: sourcing /private/var/mobile/Containers/Data/Application/EFEEF93A-2AA6-4B6B-83D1-DD8971FF3349/Documents/.vim/_rc/basic.vim
047.478  046.735: sourcing /private/var/mobile/Containers/Data/Application/EFEEF93A-2AA6-4B6B-83D1-DD8971FF3349/Documents/_vim/pack/complete-snippets-engine/start/ultisnips/plugin/UltiSnips.vim
045.179  045.179: sourcing /private/var/mobile/Containers/Data/Application/EFEEF93A-2AA6-4B6B-83D1-DD8971FF3349/Documents/_vim/pack/__Edit_Diff_Undo_Swap__/start/EngSpChk/plugin/engspchk.vim
043.722  029.034: sourcing /private/var/mobile/Containers/Data/Application/EFEEF93A-2AA6-4B6B-83D1-DD8971FF3349/Documents/_vim/pack/__Explore__/start/nerdtree/plugin/NERD_tree.vim
033.285  007.935: sourcing /private/var/mobile/Containers/Data/Application/EFEEF93A-2AA6-4B6B-83D1-DD8971FF3349/Documents/_vim/pack/__Code&DebugLint&Run&Tag__/start/vimtags_vim/plugin/vimtags.vim
028.796  015.143: sourcing /private/var/mobile/Containers/Data/Application/EFEEF93A-2AA6-4B6B-83D1-DD8971FF3349/Documents/_vim/pack/__Find&Fold&Indent&Search&Jump__/start/vim-fuzzyfinder/plugin/fuf.vim
027.609  027.064: sourcing /private/var/mobile/Containers/Data/Application/EFEEF93A-2AA6-4B6B-83D1-DD8971FF3349/Documents/_vim/pack/__Find&Fold&Indent&Search&Jump__/start/vim-easygrep/plugin/EasyGrep.vim
025.129  007.434: sourcing $VIM/vimrc
016.416  002.293: sourcing /private/var/containers/Bundle/Application/76D344F8-263C-4B2C-A0CD-FE55308DDA68/iVim.app/runtime/syntax/syntax.vim
015.124  015.124: sourcing /private/var/mobile/Containers/Data/Application/EFEEF93A-2AA6-4B6B-83D1-DD8971FF3349/Documents/.vim/pack/__FileTypes__/start/vimtex/autoload/vimtex.vim
013.075  013.075: sourcing /private/var/mobile/Containers/Data/Application/EFEEF93A-2AA6-4B6B-83D1-DD8971FF3349/Documents/.vim/pack/__Code&DebugLint&Run&Tag__/start/vimtags_vim/autoload/vimtags/defs/r.vim
011.291  006.484: sourcing /private/var/containers/Bundle/Application/76D344F8-263C-4B2C-A0CD-FE55308DDA68/iVim.app/runtime/filetype.vim
009.421  008.883: sourcing /private/var/mobile/Containers/Data/Application/EFEEF93A-2AA6-4B6B-83D1-DD8971FF3349/Documents/_vim/pack/misc/start/swy-ivim/plugin/vim_uctags.vim
009.086  009.086: sourcing /private/var/mobile/Containers/Data/Application/EFEEF93A-2AA6-4B6B-83D1-DD8971FF3349/Documents/_vim/pack/__Find&Fold&Indent&Search&Jump__/start/vim-grepper/plugin/grepper.vim
007.931  007.819: sourcing /private/var/mobile/Containers/Data/Application/EFEEF93A-2AA6-4B6B-83D1-DD8971FF3349/Documents/.vim/pack/__Dev_Python__/opt/python-mode/plugin/pymode.vim
006.833  005.898: sourcing /private/var/containers/Bundle/Application/76D344F8-263C-4B2C-A0CD-FE55308DDA68/iVim.app/runtime/colors/murphy.vim
006.192  004.588: sourcing /private/var/mobile/Containers/Data/Application/EFEEF93A-2AA6-4B6B-83D1-DD8971FF3349/Documents/_vim/pack/misc/start/vim-timetap/plugin/timetap.vim
006.098  006.098: sourcing /private/var/mobile/Containers/Data/Application/EFEEF93A-2AA6-4B6B-83D1-DD8971FF3349/Documents/_vim/pack/__Clipboard&Yank&Comment__/start/yankring_200/plugin/yankring.vim
005.721  004.167: sourcing /private/var/mobile/Containers/Data/Application/EFEEF93A-2AA6-4B6B-83D1-DD8971FF3349/Documents/_vim/pack/___UI__/start/vim-airline/plugin/airline.vim
005.379  005.379: sourcing /private/var/mobile/Containers/Data/Application/EFEEF93A-2AA6-4B6B-83D1-DD8971FF3349/Documents/_vim/pack/__key&mode&motion&op&textobj__/start/vim-easymotion/plugin/EasyMotion.vim
005.232  005.232: sourcing /private/var/mobile/Containers/Data/Application/EFEEF93A-2AA6-4B6B-83D1-DD8971FF3349/Documents/_vim/pack/__key&mode&motion&op&textobj__/start/vim-sneak/plugin/sneak.vim
005.056  005.056: sourcing /private/var/mobile/Containers/Data/Application/EFEEF93A-2AA6-4B6B-83D1-DD8971FF3349/Documents/_vim/pack/__Edit_Diff_Undo_Swap__/start/VOoM/plugin/voom.vim
004.831: BufEnter autocommands
004.807  004.567: sourcing /private/var/containers/Bundle/Application/76D344F8-263C-4B2C-A0CD-FE55308DDA68/iVim.app/runtime/menu.vim
004.732: opening buffers
004.679  004.328: sourcing /private/var/mobile/Containers/Data/Application/EFEEF93A-2AA6-4B6B-83D1-DD8971FF3349/Documents/_vim/pack/__Clipboard&Yank&Comment__/start/tcomment_vim/plugin/tcomment.vim
004.518  003.892: sourcing /private/var/mobile/Containers/Data/Application/EFEEF93A-2AA6-4B6B-83D1-DD8971FF3349/Documents/.vim/pack/__Edit_Diff_Undo_Swap__/start/tabular/after/plugin/TabularMaps.vim
004.430  004.430: sourcing /private/var/mobile/Containers/Data/Application/EFEEF93A-2AA6-4B6B-83D1-DD8971FF3349/Documents/_vim/pack/__Clipboard&Yank&Comment__/start/nerdcommenter/plugin/NERD_commenter.vim
003.518  003.518: sourcing /private/var/mobile/Containers/Data/Application/EFEEF93A-2AA6-4B6B-83D1-DD8971FF3349/Documents/_vim/pack/__Find&Fold&Indent&Search&Jump__/start/eregex.vim/plugin/eregex.vim
003.486  003.486: sourcing /private/var/mobile/Containers/Data/Application/EFEEF93A-2AA6-4B6B-83D1-DD8971FF3349/Documents/.vim/pack/__Code&DebugLint&Run&Tag__/start/tagbar/autoload/tagbar.vim
003.424  002.920: sourcing /private/var/mobile/Containers/Data/Application/EFEEF93A-2AA6-4B6B-83D1-DD8971FF3349/Documents/.vim/pack/misc/start/devotion.vim/autoload/devotion.vim
003.094  003.094: sourcing /private/var/mobile/Containers/Data/Application/EFEEF93A-2AA6-4B6B-83D1-DD8971FF3349/Documents/_vim/pack/__FileTypes__/start/vim-polyglot/ftdetect/polyglot.vim
002.993  002.993: sourcing /private/var/mobile/Containers/Data/Application/EFEEF93A-2AA6-4B6B-83D1-DD8971FF3349/Documents/.vim/pack/_hi&&sy&th_/start/vim-highlighturl/autoload/highlighturl.vim
002.970  002.595: sourcing /private/var/mobile/Containers/Data/Application/EFEEF93A-2AA6-4B6B-83D1-DD8971FF3349/Documents/_vim/pack/__Edit_Diff_Undo_Swap__/start/splitjoin.vim/plugin/splitjoin.vim
002.865: Allocated generic buffers
002.856  002.340: sourcing /private/var/mobile/Containers/Data/Application/EFEEF93A-2AA6-4B6B-83D1-DD8971FF3349/Documents/_vim/pack/__Find&Fold&Indent&Search&Jump__/start/ctrlp.vim/plugin/ctrlp.vim
002.832  001.090: sourcing /private/var/containers/Bundle/Application/76D344F8-263C-4B2C-A0CD-FE55308DDA68/iVim.app/runtime/syntax/synload.vim
002.830: inits 1
002.627  002.627: sourcing /private/var/mobile/Containers/Data/Application/EFEEF93A-2AA6-4B6B-83D1-DD8971FF3349/Documents/_vim/pack/__Find&Fold&Indent&Search&Jump__/start/mru/plugin/mru.vim
002.535  002.535: sourcing /private/var/mobile/Containers/Data/Application/EFEEF93A-2AA6-4B6B-83D1-DD8971FF3349/Documents/.vim/pack/__Code&DebugLint&Run&Tag__/start/vimtags_vim/autoload/vimtags/defs/kotlin.vim
002.377  001.433: sourcing /private/var/mobile/Containers/Data/Application/EFEEF93A-2AA6-4B6B-83D1-DD8971FF3349/Documents/.vim/pack/___UI__/start/vim-airline/autoload/airline/extensions/term.vim
002.059  002.059: sourcing /private/var/mobile/Containers/Data/Application/EFEEF93A-2AA6-4B6B-83D1-DD8971FF3349/Documents/.vim/pack/__Edit_Diff_Undo_Swap__/start/changesPlugin/autoload/changes.vim
001.950  001.950: sourcing /private/var/mobile/Containers/Data/Application/EFEEF93A-2AA6-4B6B-83D1-DD8971FF3349/Documents/.vim/pack/__Code&DebugLint&Run&Tag__/start/vimtags_vim/autoload/vimtags/defs/clojure.vim
001.923  001.923: sourcing /private/var/mobile/Containers/Data/Application/EFEEF93A-2AA6-4B6B-83D1-DD8971FF3349/Documents/.vim/pack/__Code&DebugLint&Run&Tag__/start/vimtags_vim/autoload/vimtags/defs/scala.vim
001.859  001.859: sourcing /private/var/mobile/Containers/Data/Application/EFEEF93A-2AA6-4B6B-83D1-DD8971FF3349/Documents/_vim/pack/__Edit_Diff_Undo_Swap__/start/auto-pairs/plugin/auto-pairs.vim
001.844  001.844: sourcing /private/var/mobile/Containers/Data/Application/EFEEF93A-2AA6-4B6B-83D1-DD8971FF3349/Documents/.vim/pack/__Find&Fold&Indent&Search&Jump__/start/vim-fuzzyfinder/autoload/fuf.vim
001.840  001.840: sourcing /private/var/mobile/Containers/Data/Application/EFEEF93A-2AA6-4B6B-83D1-DD8971FF3349/Documents/_vim/pack/___deps__/start/utl.vim/plugin/utl.vim
001.742  001.742: sourcing /private/var/containers/Bundle/Application/76D344F8-263C-4B2C-A0CD-FE55308DDA68/iVim.app/runtime/syntax/syncolor.vim
001.646  001.646: sourcing /private/var/mobile/Containers/Data/Application/EFEEF93A-2AA6-4B6B-83D1-DD8971FF3349/Documents/_vim/pack/__Markdown__/start/vim-markdown-toc/ftdetect/markdown.vim
001.604  001.604: sourcing /private/var/mobile/Containers/Data/Application/EFEEF93A-2AA6-4B6B-83D1-DD8971FF3349/Documents/.vim/pack/misc/start/vim-timetap/autoload/timetap.vim
001.568  001.568: sourcing /private/var/mobile/Containers/Data/Application/EFEEF93A-2AA6-4B6B-83D1-DD8971FF3349/Documents/.vim/pack/__Code&DebugLint&Run&Tag__/start/tagbar/autoload/tagbar/types/uctags.vim
001.547  001.547: sourcing /private/var/mobile/Containers/Data/Application/EFEEF93A-2AA6-4B6B-83D1-DD8971FF3349/Documents/.vim/pack/___UI__/start/vim-airline/autoload/airline/extensions/tabline/ctrlspace.vim
001.535  001.535: sourcing /private/var/mobile/Containers/Data/Application/EFEEF93A-2AA6-4B6B-83D1-DD8971FF3349/Documents/.vim/pack/__Explore__/start/nerdtree_menu_util/nerdtree_plugin/nerdtree_menu_util.vim
001.499  001.499: sourcing /private/var/mobile/Containers/Data/Application/EFEEF93A-2AA6-4B6B-83D1-DD8971FF3349/Documents/.vim/pack/__Explore__/start/nerdtree_fs_menu/nerdtree_plugin/nerdtree_fs_menu.vim
001.486  001.486: sourcing /private/var/mobile/Containers/Data/Application/EFEEF93A-2AA6-4B6B-83D1-DD8971FF3349/Documents/.vim/pack/__Code&DebugLint&Run&Tag__/start/vimtags_vim/autoload/vimtags/defs/haxe.vim
001.427  001.427: sourcing /private/var/mobile/Containers/Data/Application/EFEEF93A-2AA6-4B6B-83D1-DD8971FF3349/Documents/_vim/pack/__cmd&terminal__/start/vim-repl/plugin/default.vim
001.426  001.034: sourcing /private/var/mobile/Containers/Data/Application/EFEEF93A-2AA6-4B6B-83D1-DD8971FF3349/Documents/.vim/pack/___UI__/start/vim-airline/autoload/airline/themes/dark.vim
001.372  001.372: sourcing /private/var/mobile/Containers/Data/Application/EFEEF93A-2AA6-4B6B-83D1-DD8971FF3349/Documents/_vim/pack/__Code&DebugLint&Run&Tag__/start/taglist/plugin/taglist.vim
001.348: sourcing vimrc file(s)
001.323  001.323: sourcing /private/var/mobile/Containers/Data/Application/EFEEF93A-2AA6-4B6B-83D1-DD8971FF3349/Documents/_vim/pack/__Edit_Diff_Undo_Swap__/start/vim-surround/plugin/surround.vim
001.314  001.314: sourcing /private/var/mobile/Containers/Data/Application/EFEEF93A-2AA6-4B6B-83D1-DD8971FF3349/Documents/_vim/pack/misc/start/swy-ivim/plugin/interestingwords.vim
001.296: reading viminfo
001.260  001.260: sourcing /private/var/mobile/Containers/Data/Application/EFEEF93A-2AA6-4B6B-83D1-DD8971FF3349/Documents/_vim/pack/__Find&Fold&Indent&Search&Jump__/start/vim-indentwise/plugin/indentwise.vim
001.258  001.258: sourcing /private/var/mobile/Containers/Data/Application/EFEEF93A-2AA6-4B6B-83D1-DD8971FF3349/Documents/_vim/pack/__char&Chinese__/start/ZFVimIM/plugin/ZFVimIM_cloud.vim
001.239  001.239: sourcing /private/var/mobile/Containers/Data/Application/EFEEF93A-2AA6-4B6B-83D1-DD8971FF3349/Documents/.vim/pack/__Code&DebugLint&Run&Tag__/start/vimtags_vim/autoload/vimtags/defs/text.vim
001.202  001.202: sourcing $VIMRUNTIME/menu.vim
001.197  001.197: sourcing /private/var/mobile/Containers/Data/Application/EFEEF93A-2AA6-4B6B-83D1-DD8971FF3349/Documents/_vim/pack/misc/start/BufTimer/plugin/Buftimer.vim
001.193  001.193: sourcing /private/var/mobile/Containers/Data/Application/EFEEF93A-2AA6-4B6B-83D1-DD8971FF3349/Documents/_vim/pack/__VimL__/start/vfix/plugin/Vfix.vim
001.172  001.172: sourcing /private/var/mobile/Containers/Data/Application/EFEEF93A-2AA6-4B6B-83D1-DD8971FF3349/Documents/_vim/pack/__Code&DebugLint&Run&Tag__/start/tagbar/plugin/tagbar.vim
001.166: loading after plugins
001.158  001.158: sourcing /private/var/mobile/Containers/Data/Application/EFEEF93A-2AA6-4B6B-83D1-DD8971FF3349/Documents/_vim/pack/__char&Chinese__/start/ZFVimIM/plugin/ZFVimIM_IME.vim
001.134  001.134: sourcing /private/var/mobile/Containers/Data/Application/EFEEF93A-2AA6-4B6B-83D1-DD8971FF3349/Documents/_vim/pack/misc/start/DrawIt/plugin/cecutil.vim
001.132  001.132: sourcing /private/var/mobile/Containers/Data/Application/EFEEF93A-2AA6-4B6B-83D1-DD8971FF3349/Documents/_vim/pack/___deps__/start/tlib_vim/plugin/02tlib.vim
001.122  001.122: sourcing /private/var/mobile/Containers/Data/Application/EFEEF93A-2AA6-4B6B-83D1-DD8971FF3349/Documents/_vim/pack/__cmd&terminal__/start/vim-floaterm/plugin/floaterm.vim
001.101  001.101: sourcing /private/var/mobile/Containers/Data/Application/EFEEF93A-2AA6-4B6B-83D1-DD8971FF3349/Documents/.vim/pack/__Find&Fold&Indent&Search&Jump__/start/vim-fuzzyfinder/autoload/fuf/givencmd.vim
001.073  001.073: sourcing /private/var/mobile/Containers/Data/Application/EFEEF93A-2AA6-4B6B-83D1-DD8971FF3349/Documents/.vim/pack/__Explore__/start/nerdtree/nerdtree_plugin/fs_menu.vim
001.061  001.061: sourcing /private/var/mobile/Containers/Data/Application/EFEEF93A-2AA6-4B6B-83D1-DD8971FF3349/Documents/_vim/pack/misc/start/swy-ivim/plugin/BetterLua.vim
001.054  001.054: sourcing /private/var/mobile/Containers/Data/Application/EFEEF93A-2AA6-4B6B-83D1-DD8971FF3349/Documents/.vim/pack/__Code&DebugLint&Run&Tag__/start/vimtags_vim/autoload/vimtags/defs/javascript.vim
001.040  001.040: sourcing /private/var/mobile/Containers/Data/Application/EFEEF93A-2AA6-4B6B-83D1-DD8971FF3349/Documents/_vim/pack/__Edit_Diff_Undo_Swap__/start/vim-table-mode/plugin/table-mode.vim
001.030  001.030: sourcing /private/var/mobile/Containers/Data/Application/EFEEF93A-2AA6-4B6B-83D1-DD8971FF3349/Documents/.vim/pack/__Code&DebugLint&Run&Tag__/start/tagbar/autoload/tagbar/prototypes/typeinfo.vim
001.029  001.029: sourcing /private/var/mobile/Containers/Data/Application/EFEEF93A-2AA6-4B6B-83D1-DD8971FF3349/Documents/.vim/pack/__Explore__/start/nerdtree/autoload/nerdtree/ui_glue.vim
001.016  001.016: sourcing /private/var/mobile/Containers/Data/Application/EFEEF93A-2AA6-4B6B-83D1-DD8971FF3349/Documents/_vim/pack/__FileTypes__/start/vim-orgmode/ftdetect/org.vim
000.986  000.986: sourcing /private/var/mobile/Containers/Data/Application/EFEEF93A-2AA6-4B6B-83D1-DD8971FF3349/Documents/_vim/pack/__char&Chinese__/start/unicode.vim/plugin/unicode.vim
000.986  000.986: sourcing /private/var/mobile/Containers/Data/Application/EFEEF93A-2AA6-4B6B-83D1-DD8971FF3349/Documents/_vim/pack/___UI__/start/vim-airline-themes/plugin/airline-themes.vim
000.978  000.978: sourcing /private/var/mobile/Containers/Data/Application/EFEEF93A-2AA6-4B6B-83D1-DD8971FF3349/Documents/.vim/pack/__Explore__/start/nerdtree/lib/nerdtree/path.vim
000.969  000.969: sourcing /private/var/mobile/Containers/Data/Application/EFEEF93A-2AA6-4B6B-83D1-DD8971FF3349/Documents/_vim/pack/__Edit_Diff_Undo_Swap__/start/EngSpChk/plugin/cecutil.vim
000.961  000.961: sourcing /private/var/mobile/Containers/Data/Application/EFEEF93A-2AA6-4B6B-83D1-DD8971FF3349/Documents/.vim/pack/__Explore__/start/nerdtree/lib/nerdtree/tree_dir_node.vim
000.951  000.234: sourcing /private/var/containers/Bundle/Application/76D344F8-263C-4B2C-A0CD-FE55308DDA68/iVim.app/runtime/syntax/syntax.vim
000.946  000.946: sourcing /private/var/mobile/Containers/Data/Application/EFEEF93A-2AA6-4B6B-83D1-DD8971FF3349/Documents/_vim/pack/_hi&&sy&th_/start/vim-illuminate/plugin/illuminate.vim
000.941  000.941: sourcing /private/var/mobile/Containers/Data/Application/EFEEF93A-2AA6-4B6B-83D1-DD8971FF3349/Documents/_vim/pack/z_game/start/vim-tetris/plugin/tetris.vim
000.940  000.940: sourcing /private/var/mobile/Containers/Data/Application/EFEEF93A-2AA6-4B6B-83D1-DD8971FF3349/Documents/_vim/pack/__Edit_Diff_Undo_Swap__/start/vim-easy-align/plugin/easy_align.vim
000.933  000.933: sourcing /private/var/mobile/Containers/Data/Application/EFEEF93A-2AA6-4B6B-83D1-DD8971FF3349/Documents/_vim/pack/__char&Chinese__/start/ZFVimIM/plugin/ZFVimIM_API.vim
000.921  000.921: sourcing /private/var/mobile/Containers/Data/Application/EFEEF93A-2AA6-4B6B-83D1-DD8971FF3349/Documents/_vim/pack/__Edit_Diff_Undo_Swap__/start/vim-speeddating/plugin/speeddating.vim
000.920  000.920: sourcing /private/var/mobile/Containers/Data/Application/EFEEF93A-2AA6-4B6B-83D1-DD8971FF3349/Documents/.vim/pack/___UI__/start/vim-airline/autoload/airline/extensions.vim
000.908  000.908: sourcing /private/var/mobile/Containers/Data/Application/EFEEF93A-2AA6-4B6B-83D1-DD8971FF3349/Documents/_vim/pack/_hi&&sy&th_/start/hiPairs/plugin/hiPairs.vim
000.904  000.904: sourcing /private/var/mobile/Containers/Data/Application/EFEEF93A-2AA6-4B6B-83D1-DD8971FF3349/Documents/_vim/pack/__key&mode&motion&op&textobj__/start/do.vim/plugin/do.vim
000.901  000.901: sourcing /private/var/mobile/Containers/Data/Application/EFEEF93A-2AA6-4B6B-83D1-DD8971FF3349/Documents/.vim/pack/__Code&DebugLint&Run&Tag__/start/vimtags_vim/autoload/vimtags/defs/coffee.vim
000.899  000.899: sourcing /private/var/mobile/Containers/Data/Application/EFEEF93A-2AA6-4B6B-83D1-DD8971FF3349/Documents/.vim/pack/__Find&Fold&Indent&Search&Jump__/start/vim-fuzzyfinder/autoload/l9.vim
000.891  000.891: sourcing /private/var/mobile/Containers/Data/Application/EFEEF93A-2AA6-4B6B-83D1-DD8971FF3349/Documents/_vim/pack/__char&Chinese__/start/ChineseLinter.vim/plugin/ChineseLinter.vim
000.888  000.888: sourcing /private/var/mobile/Containers/Data/Application/EFEEF93A-2AA6-4B6B-83D1-DD8971FF3349/Documents/_vim/pack/___deps__/start/utl.vim/plugin/utl_scm.vim
000.885  000.885: sourcing /private/var/mobile/Containers/Data/Application/EFEEF93A-2AA6-4B6B-83D1-DD8971FF3349/Documents/_vim/pack/__FileTypes__/start/csv.vim/plugin/csv.vim
000.859  000.859: sourcing /private/var/mobile/Containers/Data/Application/EFEEF93A-2AA6-4B6B-83D1-DD8971FF3349/Documents/.vim/pack/__Find&Fold&Indent&Search&Jump__/start/vim-fuzzyfinder/autoload/fuf/callbackfile.vim
000.836  000.836: sourcing /private/var/mobile/Containers/Data/Application/EFEEF93A-2AA6-4B6B-83D1-DD8971FF3349/Documents/.vim/pack/__Explore__/start/nerdtree/lib/nerdtree/ui.vim
000.835  000.835: sourcing /private/var/mobile/Containers/Data/Application/EFEEF93A-2AA6-4B6B-83D1-DD8971FF3349/Documents/_vim/pack/__key&mode&motion&op&textobj__/start/vim-which-key/plugin/which_key.vim
000.825  000.825: sourcing /private/var/mobile/Containers/Data/Application/EFEEF93A-2AA6-4B6B-83D1-DD8971FF3349/Documents/_vim/pack/__char&Chinese__/start/ZFVimIM/plugin/ZFVimIM_cloud_async.vim
000.825  000.825: sourcing /private/var/mobile/Containers/Data/Application/EFEEF93A-2AA6-4B6B-83D1-DD8971FF3349/Documents/_vim/pack/__Edit_Diff_Undo_Swap__/start/tabular/plugin/Tabular.vim
000.790  000.790: sourcing /private/var/mobile/Containers/Data/Application/EFEEF93A-2AA6-4B6B-83D1-DD8971FF3349/Documents/_vim/pack/__FileTypes__/start/jupytext.vim/plugin/jupytext.vim
000.760  000.760: sourcing /private/var/mobile/Containers/Data/Application/EFEEF93A-2AA6-4B6B-83D1-DD8971FF3349/Documents/_vim/pack/___UI__/start/vim-pencil/plugin/pencil.vim
000.758  000.758: sourcing /private/var/mobile/Containers/Data/Application/EFEEF93A-2AA6-4B6B-83D1-DD8971FF3349/Documents/.vim/pack/__Code&DebugLint&Run&Tag__/start/tagbar/autoload/tagbar/debug.vim
000.750  000.750: sourcing /private/var/mobile/Containers/Data/Application/EFEEF93A-2AA6-4B6B-83D1-DD8971FF3349/Documents/.vim/pack/__Code&DebugLint&Run&Tag__/start/vimtags_vim/autoload/vimtags/defs/vim.vim
000.743  000.743: sourcing /private/var/mobile/Containers/Data/Application/EFEEF93A-2AA6-4B6B-83D1-DD8971FF3349/Documents/.vim/pack/complete-snippets-engine/start/ultisnips/autoload/UltiSnips/map_keys.vim
000.737  000.737: sourcing /private/var/containers/Bundle/Application/76D344F8-263C-4B2C-A0CD-FE55308DDA68/iVim.app/runtime/indent.vim
000.735  000.735: sourcing /private/var/mobile/Containers/Data/Application/EFEEF93A-2AA6-4B6B-83D1-DD8971FF3349/Documents/_vim/pack/__Find&Fold&Indent&Search&Jump__/start/traces.vim/plugin/traces.vim
000.720  000.720: sourcing /private/var/mobile/Containers/Data/Application/EFEEF93A-2AA6-4B6B-83D1-DD8971FF3349/Documents/_vim/pack/__Find&Fold&Indent&Search&Jump__/start/vim-fuzzyfinder/plugin/l9.vim
000.717  000.558: sourcing /private/var/containers/Bundle/Application/76D344F8-263C-4B2C-A0CD-FE55308DDA68/iVim.app/runtime/syntax/synload.vim
000.710  000.710: sourcing /private/var/mobile/Containers/Data/Application/EFEEF93A-2AA6-4B6B-83D1-DD8971FF3349/Documents/.vim/pack/__Explore__/start/nerdtree/autoload/nerdtree.vim
000.690  000.690: sourcing /private/var/mobile/Containers/Data/Application/EFEEF93A-2AA6-4B6B-83D1-DD8971FF3349/Documents/_vim/pack/__Edit_Diff_Undo_Swap__/start/changesPlugin/plugin/changesPlugin.vim
000.688  000.688: sourcing /private/var/mobile/Containers/Data/Application/EFEEF93A-2AA6-4B6B-83D1-DD8971FF3349/Documents/_vim/pack/__char&Chinese__/start/vimcdoc/plugin/vimcdoc.vim
000.683  000.683: sourcing /private/var/mobile/Containers/Data/Application/EFEEF93A-2AA6-4B6B-83D1-DD8971FF3349/Documents/_vim/pack/__Find&Fold&Indent&Search&Jump__/start/vim-fold-cycle/plugin/fold_cycle.vim
000.683  000.683: sourcing /private/var/mobile/Containers/Data/Application/EFEEF93A-2AA6-4B6B-83D1-DD8971FF3349/Documents/_vim/pack/__Find&Fold&Indent&Search&Jump__/start/vim-anzu/plugin/anzu.vim
000.682  000.682: sourcing /private/var/mobile/Containers/Data/Application/EFEEF93A-2AA6-4B6B-83D1-DD8971FF3349/Documents/_vim/pack/complete-snippet&sources/start/vim-snippets/plugin/vimsnippets.vim
000.678  000.678: sourcing /private/var/mobile/Containers/Data/Application/EFEEF93A-2AA6-4B6B-83D1-DD8971FF3349/Documents/.vim/pack/___UI__/start/vim-airline/autoload/airline.vim
000.676  000.676: sourcing /private/var/mobile/Containers/Data/Application/EFEEF93A-2AA6-4B6B-83D1-DD8971FF3349/Documents/_vim/pack/misc/start/swy-ivim/plugin/hexdec.vim
000.670  000.670: sourcing /private/var/mobile/Containers/Data/Application/EFEEF93A-2AA6-4B6B-83D1-DD8971FF3349/Documents/.vim/pack/___UI__/start/vim-airline/autoload/airline/extensions/tabline/tabs.vim
000.668  000.668: sourcing /private/var/mobile/Containers/Data/Application/EFEEF93A-2AA6-4B6B-83D1-DD8971FF3349/Documents/.vim/pack/__Explore__/start/nerdtree/lib/nerdtree/opener.vim
000.659  000.659: sourcing /private/var/mobile/Containers/Data/Application/EFEEF93A-2AA6-4B6B-83D1-DD8971FF3349/Documents/_vim/pack/__key&mode&motion&op&textobj__/start/vim-easymotion-chs/plugin/setup.vim
000.658  000.658: sourcing /private/var/mobile/Containers/Data/Application/EFEEF93A-2AA6-4B6B-83D1-DD8971FF3349/Documents/_vim/pack/_hi&&sy&th_/start/vim-interestingwords/plugin/interestingwords.vim
000.656  000.656: sourcing /private/var/mobile/Containers/Data/Application/EFEEF93A-2AA6-4B6B-83D1-DD8971FF3349/Documents/_vim/pack/misc/start/devotion.vim/plugin/devotion.vim
000.651  000.651: sourcing /private/var/mobile/Containers/Data/Application/EFEEF93A-2AA6-4B6B-83D1-DD8971FF3349/Documents/.vim/pack/___UI__/start/vim-airline/autoload/airline/extensions/ctrlp.vim
000.644  000.644: sourcing /private/var/mobile/Containers/Data/Application/EFEEF93A-2AA6-4B6B-83D1-DD8971FF3349/Documents/.vim/pack/__Find&Fold&Indent&Search&Jump__/start/vim-fuzzyfinder/autoload/fuf/jumplist.vim
000.644  000.644: sourcing /private/var/mobile/Containers/Data/Application/EFEEF93A-2AA6-4B6B-83D1-DD8971FF3349/Documents/.vim/pack/__Find&Fold&Indent&Search&Jump__/start/vim-fuzzyfinder/autoload/fuf/buffertag.vim
000.643  000.643: sourcing /private/var/mobile/Containers/Data/Application/EFEEF93A-2AA6-4B6B-83D1-DD8971FF3349/Documents/.vim/pack/__Find&Fold&Indent&Search&Jump__/start/vim-anzu/autoload/anzu.vim
000.641  000.641: sourcing /private/var/mobile/Containers/Data/Application/EFEEF93A-2AA6-4B6B-83D1-DD8971FF3349/Documents/.vim/pack/___UI__/start/vim-airline/autoload/airline/init.vim
000.638  000.638: sourcing /private/var/mobile/Containers/Data/Application/EFEEF93A-2AA6-4B6B-83D1-DD8971FF3349/Documents/_vim/pack/__Markdown__/start/vim-markdown/ftdetect/markdown.vim
000.637  000.637: sourcing /private/var/mobile/Containers/Data/Application/EFEEF93A-2AA6-4B6B-83D1-DD8971FF3349/Documents/_vim/pack/___deps__/start/utl.vim/plugin/utl_rc.vim
000.630  000.630: sourcing /private/var/mobile/Containers/Data/Application/EFEEF93A-2AA6-4B6B-83D1-DD8971FF3349/Documents/_vim/pack/__Find&Fold&Indent&Search&Jump__/start/asyncfinder.vim/plugin/asyncfinder.vim
000.630  000.630: sourcing /private/var/mobile/Containers/Data/Application/EFEEF93A-2AA6-4B6B-83D1-DD8971FF3349/Documents/.vim/pack/___UI__/start/vim-airline/autoload/airline/extensions/quickfix.vim
000.627  000.627: sourcing /private/var/mobile/Containers/Data/Application/EFEEF93A-2AA6-4B6B-83D1-DD8971FF3349/Documents/_vim/pack/__SQL__/start/SQHell.vim/plugin/sqhell.vim
000.626  000.626: sourcing /private/var/mobile/Containers/Data/Application/EFEEF93A-2AA6-4B6B-83D1-DD8971FF3349/Documents/.vim/pack/__Find&Fold&Indent&Search&Jump__/start/vim-fuzzyfinder/autoload/fuf/givendir.vim
000.626  000.626: sourcing /private/var/mobile/Containers/Data/Application/EFEEF93A-2AA6-4B6B-83D1-DD8971FF3349/Documents/.vim/pack/__Explore__/start/nerdtree/lib/nerdtree/tree_file_node.vim
000.626  000.626: sourcing /private/var/mobile/Containers/Data/Application/EFEEF93A-2AA6-4B6B-83D1-DD8971FF3349/Documents/.vim/pack/__Edit_Diff_Undo_Swap__/start/tabular/autoload/tabular.vim
000.620  000.620: sourcing /private/var/mobile/Containers/Data/Application/EFEEF93A-2AA6-4B6B-83D1-DD8971FF3349/Documents/_vim/pack/__cmd&terminal__/start/codi.vim/plugin/codi.vim
000.616  000.616: sourcing /private/var/mobile/Containers/Data/Application/EFEEF93A-2AA6-4B6B-83D1-DD8971FF3349/Documents/.vim/pack/___UI__/start/vim-airline/autoload/airline/extensions/languageclient.vim
000.615  000.615: sourcing /private/var/mobile/Containers/Data/Application/EFEEF93A-2AA6-4B6B-83D1-DD8971FF3349/Documents/.vim/pack/___UI__/start/vim-airline/autoload/airline/extensions/netrw.vim
000.614  000.614: sourcing /private/var/mobile/Containers/Data/Application/EFEEF93A-2AA6-4B6B-83D1-DD8971FF3349/Documents/.vim/pack/__Find&Fold&Indent&Search&Jump__/start/vim-fuzzyfinder/autoload/fuf/line.vim
000.613  000.613: sourcing /private/var/mobile/Containers/Data/Application/EFEEF93A-2AA6-4B6B-83D1-DD8971FF3349/Documents/_vim/pack/_hi&&sy&th_/start/randomTheme.vim/plugin/randomtheme.vim
000.611  000.611: sourcing /private/var/mobile/Containers/Data/Application/EFEEF93A-2AA6-4B6B-83D1-DD8971FF3349/Documents/.vim/pack/___UI__/start/vim-airline/autoload/airline/builder.vim
000.610  000.610: sourcing /private/var/mobile/Containers/Data/Application/EFEEF93A-2AA6-4B6B-83D1-DD8971FF3349/Documents/_vim/pack/___UI__/start/limelight.vim/plugin/limelight.vim
000.606  000.606: sourcing /private/var/mobile/Containers/Data/Application/EFEEF93A-2AA6-4B6B-83D1-DD8971FF3349/Documents/.vim/pack/___UI__/start/vim-airline/autoload/airline/extensions/tabline.vim
000.601  000.601: sourcing /private/var/mobile/Containers/Data/Application/EFEEF93A-2AA6-4B6B-83D1-DD8971FF3349/Documents/.vim/pack/_hi&&sy&th_/start/vim-illuminate/autoload/illuminate.vim
000.597  000.597: sourcing /private/var/containers/Bundle/Application/76D344F8-263C-4B2C-A0CD-FE55308DDA68/iVim.app/runtime/plugin/netrwPlugin.vim
000.592  000.592: sourcing /private/var/mobile/Containers/Data/Application/EFEEF93A-2AA6-4B6B-83D1-DD8971FF3349/Documents/_vim/pack/___UI__/start/goyo.vim/plugin/goyo.vim
000.591  000.591: sourcing /private/var/mobile/Containers/Data/Application/EFEEF93A-2AA6-4B6B-83D1-DD8971FF3349/Documents/.vim/pack/__Find&Fold&Indent&Search&Jump__/start/vim-fuzzyfinder/autoload/fuf/buffer.vim
000.590  000.590: sourcing /private/var/mobile/Containers/Data/Application/EFEEF93A-2AA6-4B6B-83D1-DD8971FF3349/Documents/.vim/pack/___UI__/start/vim-airline/autoload/airline/extensions/ale.vim
000.588  000.588: sourcing /private/var/mobile/Containers/Data/Application/EFEEF93A-2AA6-4B6B-83D1-DD8971FF3349/Documents/_vim/pack/__Edit_Diff_Undo_Swap__/start/undotree/plugin/undotree.vim
000.585  000.585: sourcing /private/var/mobile/Containers/Data/Application/EFEEF93A-2AA6-4B6B-83D1-DD8971FF3349/Documents/_vim/pack/_hi&&sy&th_/start/vim-highlightedyank/plugin/highlightedyank.vim
000.585  000.585: sourcing /private/var/mobile/Containers/Data/Application/EFEEF93A-2AA6-4B6B-83D1-DD8971FF3349/Documents/.vim/pack/__Explore__/start/nerdtree/lib/nerdtree/bookmark.vim
000.570  000.570: sourcing /private/var/mobile/Containers/Data/Application/EFEEF93A-2AA6-4B6B-83D1-DD8971FF3349/Documents/.vim/pack/__Find&Fold&Indent&Search&Jump__/start/vim-fuzzyfinder/autoload/fuf/coveragefile.vim
000.564  000.564: sourcing /private/var/mobile/Containers/Data/Application/EFEEF93A-2AA6-4B6B-83D1-DD8971FF3349/Documents/_vim/pack/__char&Chinese__/start/ZFVimJob/plugin/groupjob.vim
000.556  000.556: sourcing /private/var/mobile/Containers/Data/Application/EFEEF93A-2AA6-4B6B-83D1-DD8971FF3349/Documents/_vim/pack/___deps__/start/utl.vim/plugin/utl_uri.vim
000.556  000.556: sourcing /private/var/mobile/Containers/Data/Application/EFEEF93A-2AA6-4B6B-83D1-DD8971FF3349/Documents/.vim/pack/___UI__/start/vim-airline/autoload/airline/highlighter.vim
000.556  000.556: sourcing /private/var/mobile/Containers/Data/Application/EFEEF93A-2AA6-4B6B-83D1-DD8971FF3349/Documents/.vim/pack/__Find&Fold&Indent&Search&Jump__/start/vim-fuzzyfinder/autoload/fuf/quickfix.vim
000.555  000.555: sourcing /private/var/mobile/Containers/Data/Application/EFEEF93A-2AA6-4B6B-83D1-DD8971FF3349/Documents/_vim/pack/misc/start/mathmenu/plugin/cecutil.vim
000.552  000.552: sourcing /private/var/mobile/Containers/Data/Application/EFEEF93A-2AA6-4B6B-83D1-DD8971FF3349/Documents/.vim/pack/__Find&Fold&Indent&Search&Jump__/start/vim-fuzzyfinder/autoload/fuf/help.vim
000.551  000.551: sourcing /private/var/mobile/Containers/Data/Application/EFEEF93A-2AA6-4B6B-83D1-DD8971FF3349/Documents/.vim/pack/___UI__/start/vim-airline/autoload/airline/extensions/tabline/buffers.vim
000.551  000.551: sourcing /private/var/mobile/Containers/Data/Application/EFEEF93A-2AA6-4B6B-83D1-DD8971FF3349/Documents/.vim/pack/___UI__/start/vim-airline/autoload/airline/extensions/branch.vim
000.549  000.549: sourcing /private/var/mobile/Containers/Data/Application/EFEEF93A-2AA6-4B6B-83D1-DD8971FF3349/Documents/.vim/pack/___UI__/start/vim-airline/autoload/airline/extensions/vimtex.vim
000.548  000.548: sourcing /private/var/mobile/Containers/Data/Application/EFEEF93A-2AA6-4B6B-83D1-DD8971FF3349/Documents/.vim/pack/__Explore__/start/nerdtree/lib/nerdtree/creator.vim
000.547  000.547: sourcing /private/var/mobile/Containers/Data/Application/EFEEF93A-2AA6-4B6B-83D1-DD8971FF3349/Documents/.vim/pack/_hi&&sy&th_/start/vim-cursorword/autoload/cursorword.vim
000.547  000.547: sourcing /private/var/mobile/Containers/Data/Application/EFEEF93A-2AA6-4B6B-83D1-DD8971FF3349/Documents/.vim/pack/___UI__/start/vim-airline/autoload/airline/extensions/cursormode.vim
000.545  000.545: sourcing /private/var/mobile/Containers/Data/Application/EFEEF93A-2AA6-4B6B-83D1-DD8971FF3349/Documents/.vim/pack/__Find&Fold&Indent&Search&Jump__/start/vim-easygrep/autoload/EasyGrep.vim
000.544  000.544: sourcing /private/var/mobile/Containers/Data/Application/EFEEF93A-2AA6-4B6B-83D1-DD8971FF3349/Documents/_vim/pack/__Context&Region&Indent__/start/NrrwRgn/plugin/NrrwRgn.vim
000.542  000.542: sourcing /private/var/mobile/Containers/Data/Application/EFEEF93A-2AA6-4B6B-83D1-DD8971FF3349/Documents/_vim/pack/misc/start/swy-ivim/plugin/uctags/uctags_perl.vim
000.541  000.541: sourcing /private/var/mobile/Containers/Data/Application/EFEEF93A-2AA6-4B6B-83D1-DD8971FF3349/Documents/_vim/pack/z_game/start/2048/plugin/2048.vim
000.534  000.534: sourcing /private/var/mobile/Containers/Data/Application/EFEEF93A-2AA6-4B6B-83D1-DD8971FF3349/Documents/.vim/pack/___UI__/start/vim-airline/autoload/airline/extensions/tabline/builder.vim
000.532  000.532: sourcing /private/var/mobile/Containers/Data/Application/EFEEF93A-2AA6-4B6B-83D1-DD8971FF3349/Documents/.vim/pack/___UI__/start/vim-airline/autoload/airline/util.vim
000.528  000.528: sourcing /private/var/mobile/Containers/Data/Application/EFEEF93A-2AA6-4B6B-83D1-DD8971FF3349/Documents/_vim/pack/__Edit_Diff_Undo_Swap__/start/thesaurus_query.vim/plugin/thesaurus_query.vim
000.527  000.527: sourcing /private/var/mobile/Containers/Data/Application/EFEEF93A-2AA6-4B6B-83D1-DD8971FF3349/Documents/_vim/pack/__char&Chinese__/start/ZFVimJob/plugin/api.vim
000.527  000.527: sourcing /private/var/mobile/Containers/Data/Application/EFEEF93A-2AA6-4B6B-83D1-DD8971FF3349/Documents/_vim/pack/_Documentation_/start/vim-tldr/plugin/tldr.vim
000.518  000.518: sourcing /private/var/mobile/Containers/Data/Application/EFEEF93A-2AA6-4B6B-83D1-DD8971FF3349/Documents/.vim/pack/__Find&Fold&Indent&Search&Jump__/start/vim-fuzzyfinder/autoload/fuf/tag.vim
000.518  000.518: sourcing /private/var/mobile/Containers/Data/Application/EFEEF93A-2AA6-4B6B-83D1-DD8971FF3349/Documents/.vim/pack/__Find&Fold&Indent&Search&Jump__/start/vim-fuzzyfinder/autoload/fuf/givenfile.vim
000.517  000.517: sourcing /private/var/mobile/Containers/Data/Application/EFEEF93A-2AA6-4B6B-83D1-DD8971FF3349/Documents/.vim/pack/__Find&Fold&Indent&Search&Jump__/start/vim-fuzzyfinder/autoload/fuf/bookmarkfile.vim
000.516  000.516: sourcing /private/var/mobile/Containers/Data/Application/EFEEF93A-2AA6-4B6B-83D1-DD8971FF3349/Documents/.vim/pack/__Find&Fold&Indent&Search&Jump__/start/ctrlp.vim/autoload/ctrlp/mrufiles.vim
000.513  000.513: sourcing /private/var/mobile/Containers/Data/Application/EFEEF93A-2AA6-4B6B-83D1-DD8971FF3349/Documents/.vim/pack/___UI__/start/vim-airline/autoload/airline/extensions/tabline/buflist.vim
000.506  000.506: sourcing /private/var/mobile/Containers/Data/Application/EFEEF93A-2AA6-4B6B-83D1-DD8971FF3349/Documents/_vim/pack/_hi&&sy&th_/start/vim-highlighturl/plugin/highlighturl.vim
000.505  000.505: sourcing /private/var/containers/Bundle/Application/76D344F8-263C-4B2C-A0CD-FE55308DDA68/iVim.app/runtime/ftplugin.vim
000.504  000.504: sourcing /private/var/mobile/Containers/Data/Application/EFEEF93A-2AA6-4B6B-83D1-DD8971FF3349/Documents/.vim/pack/misc/start/devotion.vim/autoload/devotion/timer.vim
000.499  000.499: sourcing /private/var/mobile/Containers/Data/Application/EFEEF93A-2AA6-4B6B-83D1-DD8971FF3349/Documents/.vim/pack/___UI__/start/vim-airline/autoload/airline/extensions/tabline/tabws.vim
000.498  000.498: sourcing /private/var/mobile/Containers/Data/Application/EFEEF93A-2AA6-4B6B-83D1-DD8971FF3349/Documents/.vim/pack/___UI__/start/vim-airline/autoload/airline/extensions/hunks.vim
000.496  000.496: sourcing /private/var/containers/Bundle/Application/76D344F8-263C-4B2C-A0CD-FE55308DDA68/iVim.app/runtime/syntax/syncolor.vim
000.491  000.491: sourcing /private/var/mobile/Containers/Data/Application/EFEEF93A-2AA6-4B6B-83D1-DD8971FF3349/Documents/.vim/pack/__Explore__/start/nerdtree/lib/nerdtree/nerdtree.vim
000.487  000.487: sourcing /private/var/mobile/Containers/Data/Application/EFEEF93A-2AA6-4B6B-83D1-DD8971FF3349/Documents/_vim/pack/__char&Chinese__/start/ZFVimJob/plugin/api_util.vim
000.487  000.487: sourcing /private/var/mobile/Containers/Data/Application/EFEEF93A-2AA6-4B6B-83D1-DD8971FF3349/Documents/_vim/pack/__FileTypes__/start/csv.vim/ftdetect/csv.vim
000.485  000.485: sourcing /private/var/mobile/Containers/Data/Application/EFEEF93A-2AA6-4B6B-83D1-DD8971FF3349/Documents/_vim/pack/z_game/start/vim-gol/plugin/gol.vim
000.484  000.484: sourcing /private/var/mobile/Containers/Data/Application/EFEEF93A-2AA6-4B6B-83D1-DD8971FF3349/Documents/.vim/pack/misc/start/devotion.vim/autoload/devotion/log.vim
000.483  000.483: sourcing /private/var/mobile/Containers/Data/Application/EFEEF93A-2AA6-4B6B-83D1-DD8971FF3349/Documents/_vim/pack/misc/start/swy-ivim/ftdetect/swift.vim
000.478  000.478: sourcing /private/var/mobile/Containers/Data/Application/EFEEF93A-2AA6-4B6B-83D1-DD8971FF3349/Documents/.vim/pack/___UI__/start/vim-airline/autoload/airline/extensions/tagbar.vim
000.478  000.478: sourcing /private/var/mobile/Containers/Data/Application/EFEEF93A-2AA6-4B6B-83D1-DD8971FF3349/Documents/.vim/pack/__Explore__/start/nerdtree/lib/nerdtree/menu_controller.vim
000.477  000.477: sourcing /private/var/mobile/Containers/Data/Application/EFEEF93A-2AA6-4B6B-83D1-DD8971FF3349/Documents/.vim/pack/___UI__/start/vim-airline/autoload/airline/extensions/windowswap.vim
000.476  000.476: sourcing $VIMRUNTIME/macmap.vim
000.472  000.472: sourcing /private/var/mobile/Containers/Data/Application/EFEEF93A-2AA6-4B6B-83D1-DD8971FF3349/Documents/_vim/pack/__char&Chinese__/start/ZFVimJob/plugin/autoscript.vim
000.472  000.472: sourcing /private/var/mobile/Containers/Data/Application/EFEEF93A-2AA6-4B6B-83D1-DD8971FF3349/Documents/.vim/pack/__Find&Fold&Indent&Search&Jump__/start/vim-fuzzyfinder/autoload/fuf/taggedfile.vim
000.469  000.469: sourcing /private/var/mobile/Containers/Data/Application/EFEEF93A-2AA6-4B6B-83D1-DD8971FF3349/Documents/.vim/pack/___UI__/start/vim-airline/autoload/airline/extensions/promptline.vim
000.465  000.465: sourcing /private/var/mobile/Containers/Data/Application/EFEEF93A-2AA6-4B6B-83D1-DD8971FF3349/Documents/.vim/pack/complete-snippets-engine/start/ultisnips/after/plugin/UltiSnips_after.vim
000.465  000.465: sourcing /private/var/mobile/Containers/Data/Application/EFEEF93A-2AA6-4B6B-83D1-DD8971FF3349/Documents/.vim/pack/___UI__/start/vim-airline/autoload/airline/extensions/undotree.vim
000.464  000.464: sourcing /private/var/mobile/Containers/Data/Application/EFEEF93A-2AA6-4B6B-83D1-DD8971FF3349/Documents/_vim/pack/__char&Chinese__/start/ZFVimJob/plugin/logwin.vim
000.463  000.463: sourcing /private/var/mobile/Containers/Data/Application/EFEEF93A-2AA6-4B6B-83D1-DD8971FF3349/Documents/_vim/pack/__Edit_Diff_Undo_Swap__/start/vim-wordy/plugin/wordy.vim
000.456  000.456: sourcing /private/var/mobile/Containers/Data/Application/EFEEF93A-2AA6-4B6B-83D1-DD8971FF3349/Documents/.vim/pack/__Find&Fold&Indent&Search&Jump__/start/vim-fuzzyfinder/autoload/fuf/file.vim
000.455  000.455: sourcing /private/var/mobile/Containers/Data/Application/EFEEF93A-2AA6-4B6B-83D1-DD8971FF3349/Documents/.vim/pack/___UI__/start/vim-airline/autoload/airline/extensions/whitespace.vim
000.453  000.453: sourcing /private/var/mobile/Containers/Data/Application/EFEEF93A-2AA6-4B6B-83D1-DD8971FF3349/Documents/.vim/pack/___UI__/start/vim-airline/autoload/airline/extensions/obsession.vim
000.452  000.452: sourcing /private/var/mobile/Containers/Data/Application/EFEEF93A-2AA6-4B6B-83D1-DD8971FF3349/Documents/_vim/pack/__char&Chinese__/start/ZFVimIM/plugin/ZFVimIM_cloud_sync.vim
000.448  000.448: sourcing /private/var/mobile/Containers/Data/Application/EFEEF93A-2AA6-4B6B-83D1-DD8971FF3349/Documents/.vim/pack/___UI__/start/vim-airline/autoload/airline/extensions/eclim.vim
000.447  000.447: sourcing /private/var/mobile/Containers/Data/Application/EFEEF93A-2AA6-4B6B-83D1-DD8971FF3349/Documents/.vim/pack/___UI__/start/vim-airline/autoload/airline/extensions/csv.vim
000.444  000.444: sourcing /private/var/mobile/Containers/Data/Application/EFEEF93A-2AA6-4B6B-83D1-DD8971FF3349/Documents/.vim/pack/___UI__/start/vim-airline/autoload/airline/extensions/xkblayout.vim
000.442  000.442: sourcing /private/var/mobile/Containers/Data/Application/EFEEF93A-2AA6-4B6B-83D1-DD8971FF3349/Documents/.vim/pack/___UI__/start/vim-airline/autoload/airline/extensions/poetv.vim
000.439  000.439: sourcing /private/var/mobile/Containers/Data/Application/EFEEF93A-2AA6-4B6B-83D1-DD8971FF3349/Documents/.vim/pack/___UI__/start/vim-airline/autoload/airline/extensions/unite.vim
000.437  000.437: sourcing /private/var/mobile/Containers/Data/Application/EFEEF93A-2AA6-4B6B-83D1-DD8971FF3349/Documents/.vim/pack/__Find&Fold&Indent&Search&Jump__/start/vim-fuzzyfinder/autoload/fuf/bookmarkdir.vim
000.437  000.437: sourcing /private/var/mobile/Containers/Data/Application/EFEEF93A-2AA6-4B6B-83D1-DD8971FF3349/Documents/.vim/pack/__Code&DebugLint&Run&Tag__/start/vimtags_vim/autoload/vimtags/defs/latex.vim
000.429  000.429: sourcing /private/var/mobile/Containers/Data/Application/EFEEF93A-2AA6-4B6B-83D1-DD8971FF3349/Documents/.vim/pack/___UI__/start/vim-airline/autoload/airline/extensions/unicode.vim
000.428  000.428: sourcing /private/var/mobile/Containers/Data/Application/EFEEF93A-2AA6-4B6B-83D1-DD8971FF3349/Documents/.vim/pack/___UI__/start/vim-airline/autoload/airline/extensions/nrrwrgn.vim
000.428  000.428: sourcing /private/var/mobile/Containers/Data/Application/EFEEF93A-2AA6-4B6B-83D1-DD8971FF3349/Documents/.vim/pack/__Find&Fold&Indent&Search&Jump__/start/vim-fuzzyfinder/autoload/fuf/changelist.vim
000.426  000.426: sourcing /private/var/mobile/Containers/Data/Application/EFEEF93A-2AA6-4B6B-83D1-DD8971FF3349/Documents/_vim/pack/_hi&&sy&th_/start/Colorizer/plugin/ColorizerPlugin.vim
000.426  000.426: sourcing /private/var/mobile/Containers/Data/Application/EFEEF93A-2AA6-4B6B-83D1-DD8971FF3349/Documents/.vim/pack/__Explore__/start/nerdtree/lib/nerdtree/key_map.vim
000.425  000.425: sourcing /private/var/mobile/Containers/Data/Application/EFEEF93A-2AA6-4B6B-83D1-DD8971FF3349/Documents/_vim/pack/__Find&Fold&Indent&Search&Jump__/start/FoldText/plugin/FoldText.vim
000.425  000.425: sourcing /private/var/containers/Bundle/Application/76D344F8-263C-4B2C-A0CD-FE55308DDA68/iVim.app/runtime/plugin/logiPat.vim
000.424  000.424: sourcing /private/var/mobile/Containers/Data/Application/EFEEF93A-2AA6-4B6B-83D1-DD8971FF3349/Documents/.vim/pack/misc/start/swy-ivim/autoload/airline/extensions/clock.vim
000.424  000.424: sourcing /private/var/mobile/Containers/Data/Application/EFEEF93A-2AA6-4B6B-83D1-DD8971FF3349/Documents/.vim/pack/___UI__/start/vim-airline/autoload/airline/extensions/gutentags.vim
000.423  000.423: sourcing /private/var/mobile/Containers/Data/Application/EFEEF93A-2AA6-4B6B-83D1-DD8971FF3349/Documents/.vim/pack/misc/start/swy-ivim/plugin/uctags/uctags_globals.vim
000.423  000.423: sourcing /private/var/mobile/Containers/Data/Application/EFEEF93A-2AA6-4B6B-83D1-DD8971FF3349/Documents/.vim/pack/__Explore__/start/nerdtree/nerdtree_plugin/exec_menuitem.vim
000.420  000.420: sourcing /private/var/mobile/Containers/Data/Application/EFEEF93A-2AA6-4B6B-83D1-DD8971FF3349/Documents/.vim/pack/___UI__/start/vim-airline/autoload/airline/extensions/commandt.vim
000.417  000.417: sourcing /private/var/containers/Bundle/Application/76D344F8-263C-4B2C-A0CD-FE55308DDA68/iVim.app/runtime/plugin/vimballPlugin.vim
000.415  000.415: sourcing /private/var/mobile/Containers/Data/Application/EFEEF93A-2AA6-4B6B-83D1-DD8971FF3349/Documents/_vim/pack/__char&Chinese__/start/ZFVimJob/plugin/asyncrun.vim
000.415  000.415: sourcing /private/var/mobile/Containers/Data/Application/EFEEF93A-2AA6-4B6B-83D1-DD8971FF3349/Documents/.vim/pack/___UI__/start/vim-airline/autoload/airline/extensions/tabline/autoshow.vim
000.414  000.414: sourcing /private/var/containers/Bundle/Application/76D344F8-263C-4B2C-A0CD-FE55308DDA68/iVim.app/runtime/syntax/nosyntax.vim
000.411  000.411: sourcing /private/var/mobile/Containers/Data/Application/EFEEF93A-2AA6-4B6B-83D1-DD8971FF3349/Documents/.vim/pack/___UI__/start/vim-airline/autoload/airline/extensions/po.vim
000.410  000.410: sourcing /private/var/mobile/Containers/Data/Application/EFEEF93A-2AA6-4B6B-83D1-DD8971FF3349/Documents/_vim/pack/misc/start/swy-ivim/plugin/daynight.vim
000.410  000.410: sourcing /private/var/mobile/Containers/Data/Application/EFEEF93A-2AA6-4B6B-83D1-DD8971FF3349/Documents/.vim/pack/___UI__/start/vim-airline/autoload/airline/extensions/localsearch.vim
000.408  000.408: sourcing /private/var/mobile/Containers/Data/Application/EFEEF93A-2AA6-4B6B-83D1-DD8971FF3349/Documents/.vim/pack/__Find&Fold&Indent&Search&Jump__/start/vim-fuzzyfinder/autoload/fuf/callbackitem.vim
000.408  000.408: sourcing /private/var/mobile/Containers/Data/Application/EFEEF93A-2AA6-4B6B-83D1-DD8971FF3349/Documents/.vim/pack/__Explore__/start/nerdtree/lib/nerdtree/flag_set.vim
000.407  000.407: sourcing /private/var/mobile/Containers/Data/Application/EFEEF93A-2AA6-4B6B-83D1-DD8971FF3349/Documents/.vim/pack/___UI__/start/vim-airline/autoload/airline/extensions/wordcount.vim
000.404  000.404: sourcing /private/var/mobile/Containers/Data/Application/EFEEF93A-2AA6-4B6B-83D1-DD8971FF3349/Documents/.vim/pack/__Find&Fold&Indent&Search&Jump__/start/vim-anzu/autoload/airline/extensions/anzu.vim
000.400  000.400: sourcing /private/var/mobile/Containers/Data/Application/EFEEF93A-2AA6-4B6B-83D1-DD8971FF3349/Documents/.vim/pack/___UI__/start/vim-airline/autoload/airline/extensions/ctrlspace.vim
000.399  000.399: sourcing /private/var/mobile/Containers/Data/Application/EFEEF93A-2AA6-4B6B-83D1-DD8971FF3349/Documents/_vim/pack/__char&Chinese__/start/imc-b/plugin/ZFVimIM_pinyin.vim
000.399  000.399: sourcing /private/var/mobile/Containers/Data/Application/EFEEF93A-2AA6-4B6B-83D1-DD8971FF3349/Documents/.vim/pack/__Find&Fold&Indent&Search&Jump__/start/vim-fuzzyfinder/autoload/fuf/dir.vim
000.398  000.398: sourcing /private/var/mobile/Containers/Data/Application/EFEEF93A-2AA6-4B6B-83D1-DD8971FF3349/Documents/.vim/pack/__Explore__/start/nerdtree/nerdtree_plugin/vcs.vim
000.396  000.396: sourcing /private/var/mobile/Containers/Data/Application/EFEEF93A-2AA6-4B6B-83D1-DD8971FF3349/Documents/.vim/pack/__Explore__/start/nerdtree/lib/nerdtree/menu_item.vim
000.396  000.396: sourcing /private/var/mobile/Containers/Data/Application/EFEEF93A-2AA6-4B6B-83D1-DD8971FF3349/Documents/.vim/pack/__Dev_Python__/opt/python-mode/autoload/pymode.vim
000.392  000.392: sourcing /private/var/mobile/Containers/Data/Application/EFEEF93A-2AA6-4B6B-83D1-DD8971FF3349/Documents/_vim/pack/___UI__/start/traces.vim/plugin/traces.vim
000.392  000.392: sourcing /private/var/mobile/Containers/Data/Application/EFEEF93A-2AA6-4B6B-83D1-DD8971FF3349/Documents/.vim/pack/___UI__/start/vim-airline/autoload/airline/themes.vim
000.388  000.388: sourcing /private/var/mobile/Containers/Data/Application/EFEEF93A-2AA6-4B6B-83D1-DD8971FF3349/Documents/.vim/pack/___UI__/start/vim-airline/autoload/airline/section.vim
000.387  000.387: sourcing /private/var/mobile/Containers/Data/Application/EFEEF93A-2AA6-4B6B-83D1-DD8971FF3349/Documents/_vim/pack/misc/start/mathmenu/plugin/visPlugin.vim
000.387  000.387: sourcing /private/var/mobile/Containers/Data/Application/EFEEF93A-2AA6-4B6B-83D1-DD8971FF3349/Documents/.vim/pack/___UI__/start/vim-airline/autoload/airline/extensions/tmuxline.vim
000.386  000.386: sourcing /private/var/mobile/Containers/Data/Application/EFEEF93A-2AA6-4B6B-83D1-DD8971FF3349/Documents/.vim/pack/___UI__/start/vim-airline/autoload/airline/extensions/zoomwintab.vim
000.386  000.386: sourcing /private/var/containers/Bundle/Application/76D344F8-263C-4B2C-A0CD-FE55308DDA68/iVim.app/runtime/plugin/matchparen.vim
000.384  000.384: sourcing /private/var/mobile/Containers/Data/Application/EFEEF93A-2AA6-4B6B-83D1-DD8971FF3349/Documents/.vim/pack/___UI__/start/vim-airline/autoload/airline/extensions/virtualenv.vim
000.383  000.383: sourcing /private/var/mobile/Containers/Data/Application/EFEEF93A-2AA6-4B6B-83D1-DD8971FF3349/Documents/.vim/pack/___UI__/start/vim-airline/autoload/airline/extensions/ycm.vim
000.381  000.381: sourcing /private/var/mobile/Containers/Data/Application/EFEEF93A-2AA6-4B6B-83D1-DD8971FF3349/Documents/.vim/pack/___UI__/start/vim-airline/autoload/airline/parts.vim
000.379  000.379: sourcing /private/var/mobile/Containers/Data/Application/EFEEF93A-2AA6-4B6B-83D1-DD8971FF3349/Documents/_vim/pack/__char&Chinese__/start/ZFVimJob/plugin/api_impl_vim.vim
000.378  000.378: sourcing /private/var/mobile/Containers/Data/Application/EFEEF93A-2AA6-4B6B-83D1-DD8971FF3349/Documents/.vim/pack/___UI__/start/vim-airline/autoload/airline/extensions/vista.vim
000.377  000.377: sourcing /private/var/mobile/Containers/Data/Application/EFEEF93A-2AA6-4B6B-83D1-DD8971FF3349/Documents/_vim/pack/complete-framework/start/neocomplete.vim/plugin/neocomplete.vim
000.375  000.375: sourcing /private/var/mobile/Containers/Data/Application/EFEEF93A-2AA6-4B6B-83D1-DD8971FF3349/Documents/_vim/pack/__char&Chinese__/start/pangu.vim/plugin/pangu.vim
000.375  000.375: sourcing /private/var/mobile/Containers/Data/Application/EFEEF93A-2AA6-4B6B-83D1-DD8971FF3349/Documents/.vim/pack/__Edit_Diff_Undo_Swap__/start/splitjoin.vim/autoload/sj/settings.vim
000.372  000.372: sourcing /private/var/mobile/Containers/Data/Application/EFEEF93A-2AA6-4B6B-83D1-DD8971FF3349/Documents/.vim/pack/___UI__/start/vim-airline/autoload/airline/extensions/coc.vim
000.370  000.370: sourcing /private/var/mobile/Containers/Data/Application/EFEEF93A-2AA6-4B6B-83D1-DD8971FF3349/Documents/.vim/pack/___UI__/start/vim-airline/autoload/airline/extensions/syntastic.vim
000.367  000.367: sourcing /private/var/mobile/Containers/Data/Application/EFEEF93A-2AA6-4B6B-83D1-DD8971FF3349/Documents/_vim/pack/misc/start/mathmenu/plugin/mathmenuPlugin.vim
000.366  000.366: sourcing /private/var/mobile/Containers/Data/Application/EFEEF93A-2AA6-4B6B-83D1-DD8971FF3349/Documents/_vim/pack/_hi&&sy&th_/start/vim-cursorword/plugin/cursorword.vim
000.365  000.365: sourcing /private/var/mobile/Containers/Data/Application/EFEEF93A-2AA6-4B6B-83D1-DD8971FF3349/Documents/_vim/pack/__char&Chinese__/start/ZFVimJob/plugin/joboutput_logwin.vim
000.361  000.361: sourcing /private/var/mobile/Containers/Data/Application/EFEEF93A-2AA6-4B6B-83D1-DD8971FF3349/Documents/_vim/pack/__char&Chinese__/start/ZFVimJob/plugin/joboutput.vim
000.361  000.361: sourcing /private/var/containers/Bundle/Application/76D344F8-263C-4B2C-A0CD-FE55308DDA68/iVim.app/runtime/plugin/zipPlugin.vim
000.356  000.356: sourcing /private/var/mobile/Containers/Data/Application/EFEEF93A-2AA6-4B6B-83D1-DD8971FF3349/Documents/.vim/pack/___UI__/start/vim-airline/autoload/airline/extensions/vimagit.vim
000.351  000.351: sourcing /private/var/mobile/Containers/Data/Application/EFEEF93A-2AA6-4B6B-83D1-DD8971FF3349/Documents/.vim/pack/__Clipboard&Yank&Comment__/start/tcomment_vim/autoload/tcomment/deprecated.vim
000.350  000.350: sourcing /private/var/mobile/Containers/Data/Application/EFEEF93A-2AA6-4B6B-83D1-DD8971FF3349/Documents/.vim/pack/___UI__/start/vim-airline/autoload/airline/extensions/gina.vim
000.349  000.349: sourcing /private/var/mobile/Containers/Data/Application/EFEEF93A-2AA6-4B6B-83D1-DD8971FF3349/Documents/_vim/pack/misc/start/swy-ivim/plugin/uctags/uctags_globals.vim
000.349  000.349: sourcing /private/var/mobile/Containers/Data/Application/EFEEF93A-2AA6-4B6B-83D1-DD8971FF3349/Documents/_vim/pack/misc/start/swy-ivim/plugin/resources.vim
000.348  000.348: sourcing /private/var/containers/Bundle/Application/76D344F8-263C-4B2C-A0CD-FE55308DDA68/iVim.app/runtime/plugin/tohtml.vim
000.345  000.345: sourcing /private/var/mobile/Containers/Data/Application/EFEEF93A-2AA6-4B6B-83D1-DD8971FF3349/Documents/.vim/pack/___UI__/start/vim-airline/autoload/airline/extensions/tabline/formatters/default.vim
000.345  000.345: sourcing /private/var/mobile/Containers/Data/Application/EFEEF93A-2AA6-4B6B-83D1-DD8971FF3349/Documents/.vim/pack/___UI__/start/vim-airline/autoload/airline/extensions/bufferline.vim
000.345  000.345: sourcing /private/var/mobile/Containers/Data/Application/EFEEF93A-2AA6-4B6B-83D1-DD8971FF3349/Documents/.vim/pack/__Explore__/start/nerdtree/lib/nerdtree/notifier.vim
000.343  000.343: sourcing /private/var/mobile/Containers/Data/Application/EFEEF93A-2AA6-4B6B-83D1-DD8971FF3349/Documents/_vim/pack/__char&Chinese__/start/ZFVimIM/plugin/ZFVimIM_DEBUG.vim
000.341  000.341: sourcing /private/var/mobile/Containers/Data/Application/EFEEF93A-2AA6-4B6B-83D1-DD8971FF3349/Documents/_vim/pack/__char&Chinese__/start/ZFVimJob/plugin/statuslinelog.vim
000.339  000.339: sourcing /private/var/mobile/Containers/Data/Application/EFEEF93A-2AA6-4B6B-83D1-DD8971FF3349/Documents/.vim/pack/___UI__/start/vim-airline/autoload/airline/extensions/capslock.vim
000.337  000.337: sourcing /private/var/mobile/Containers/Data/Application/EFEEF93A-2AA6-4B6B-83D1-DD8971FF3349/Documents/_vim/pack/complete-snippet&sources/start/neco-vim/plugin/necovim.vim
000.337  000.337: sourcing /private/var/mobile/Containers/Data/Application/EFEEF93A-2AA6-4B6B-83D1-DD8971FF3349/Documents/.vim/pack/___UI__/start/vim-airline/autoload/airline/extensions/dirvish.vim
000.336  000.336: sourcing /private/var/mobile/Containers/Data/Application/EFEEF93A-2AA6-4B6B-83D1-DD8971FF3349/Documents/_vim/pack/__char&Chinese__/start/ZFVimIM/plugin/ZFVimIM_autoDisable.vim
000.335  000.335: sourcing /private/var/containers/Bundle/Application/76D344F8-263C-4B2C-A0CD-FE55308DDA68/iVim.app/runtime/plugin/gzip.vim
000.333  000.333: sourcing /private/var/mobile/Containers/Data/Application/EFEEF93A-2AA6-4B6B-83D1-DD8971FF3349/Documents/_vim/pack/complete-framework/start/neocomplete.vim/plugin/neocomplete/tag.vim
000.333  000.333: sourcing /private/var/mobile/Containers/Data/Application/EFEEF93A-2AA6-4B6B-83D1-DD8971FF3349/Documents/.vim/pack/___UI__/start/vim-airline/autoload/airline/extensions/fugitiveline.vim
000.332  000.332: sourcing /private/var/containers/Bundle/Application/76D344F8-263C-4B2C-A0CD-FE55308DDA68/iVim.app/runtime/plugin/getscriptPlugin.vim
000.331  000.331: sourcing /private/var/mobile/Containers/Data/Application/EFEEF93A-2AA6-4B6B-83D1-DD8971FF3349/Documents/_vim/pack/misc/start/vim-carbon-now-sh/plugin/vim-carbon-now-sh.vim
000.331  000.331: sourcing /private/var/mobile/Containers/Data/Application/EFEEF93A-2AA6-4B6B-83D1-DD8971FF3349/Documents/.vim/pack/___UI__/start/vim-airline/autoload/airline/extensions/denite.vim
000.330  000.330: sourcing /private/var/mobile/Containers/Data/Application/EFEEF93A-2AA6-4B6B-83D1-DD8971FF3349/Documents/_vim/pack/misc/start/swy-ivim/plugin/regex.vim
000.328  000.328: sourcing /private/var/mobile/Containers/Data/Application/EFEEF93A-2AA6-4B6B-83D1-DD8971FF3349/Documents/.vim/pack/___UI__/start/vim-airline/autoload/airline/extensions/default.vim
000.326  000.326: sourcing /private/var/mobile/Containers/Data/Application/EFEEF93A-2AA6-4B6B-83D1-DD8971FF3349/Documents/.vim/pack/___UI__/start/vim-airline/autoload/airline/extensions/example.vim
000.325  000.325: sourcing /private/var/mobile/Containers/Data/Application/EFEEF93A-2AA6-4B6B-83D1-DD8971FF3349/Documents/_vim/pack/_hi&&sy&th_/start/vim-synstax/plugin/synstax.vim
000.319  000.319: sourcing /private/var/mobile/Containers/Data/Application/EFEEF93A-2AA6-4B6B-83D1-DD8971FF3349/Documents/_vim/pack/misc/start/DrawIt/plugin/DrawItPlugin.vim
000.316  000.316: sourcing /private/var/mobile/Containers/Data/Application/EFEEF93A-2AA6-4B6B-83D1-DD8971FF3349/Documents/_vim/pack/complete-framework/start/neocomplete.vim/plugin/neocomplete/buffer.vim
000.313  000.313: sourcing /private/var/mobile/Containers/Data/Application/EFEEF93A-2AA6-4B6B-83D1-DD8971FF3349/Documents/.vim/pack/___UI__/start/vim-airline/autoload/airline/extensions/neomake.vim
000.313  000.313: sourcing /private/var/mobile/Containers/Data/Application/EFEEF93A-2AA6-4B6B-83D1-DD8971FF3349/Documents/.vim/pack/___UI__/start/vim-airline/autoload/airline/extensions/lsp.vim
000.310  000.310: sourcing /private/var/mobile/Containers/Data/Application/EFEEF93A-2AA6-4B6B-83D1-DD8971FF3349/Documents/_vim/pack/__Find&Fold&Indent&Search&Jump__/start/eregex.vim/plugin/eregex_e.vim
000.308  000.308: sourcing /private/var/mobile/Containers/Data/Application/EFEEF93A-2AA6-4B6B-83D1-DD8971FF3349/Documents/_vim/pack/__cmd&terminal__/start/deol.nvim/plugin/deol.vim
000.305  000.305: sourcing /private/var/mobile/Containers/Data/Application/EFEEF93A-2AA6-4B6B-83D1-DD8971FF3349/Documents/_vim/pack/complete-snippet&sources/start/neoinclude.vim/plugin/neoinclude.vim
000.304  000.304: sourcing /private/var/containers/Bundle/Application/76D344F8-263C-4B2C-A0CD-FE55308DDA68/iVim.app/runtime/plugin/tarPlugin.vim
000.303  000.303: sourcing /private/var/mobile/Containers/Data/Application/EFEEF93A-2AA6-4B6B-83D1-DD8971FF3349/Documents/_vim/pack/complete-snippets-engine/start/ultisnips/ftdetect/snippets.vim
000.301  000.301: sourcing /private/var/mobile/Containers/Data/Application/EFEEF93A-2AA6-4B6B-83D1-DD8971FF3349/Documents/.vim/pack/___UI__/start/vim-airline/autoload/airline/extensions/bookmark.vim
000.299  000.299: sourcing /private/var/mobile/Containers/Data/Application/EFEEF93A-2AA6-4B6B-83D1-DD8971FF3349/Documents/_vim/pack/__char&Chinese__/start/unicode.vim/ftdetect/unicode.vim
000.296  000.296: sourcing /private/var/mobile/Containers/Data/Application/EFEEF93A-2AA6-4B6B-83D1-DD8971FF3349/Documents/.vim/pack/___UI__/start/vim-airline/autoload/airline/extensions/keymap.vim
000.286  000.286: sourcing /private/var/mobile/Containers/Data/Application/EFEEF93A-2AA6-4B6B-83D1-DD8971FF3349/Documents/_vim/pack/_hi&&sy&th_/start/vim-SyntaxRange/plugin/SyntaxRange.vim
000.285  000.285: sourcing /private/var/mobile/Containers/Data/Application/EFEEF93A-2AA6-4B6B-83D1-DD8971FF3349/Documents/_vim/pack/__char&Chinese__/start/ZFVimJob/plugin/cmdcomplete.vim
000.284  000.284: sourcing /private/var/mobile/Containers/Data/Application/EFEEF93A-2AA6-4B6B-83D1-DD8971FF3349/Documents/_vim/pack/__char&Chinese__/start/ZFVimJob/plugin/joboutput_popup.vim
000.276  000.276: sourcing /private/var/mobile/Containers/Data/Application/EFEEF93A-2AA6-4B6B-83D1-DD8971FF3349/Documents/_vim/pack/__char&Chinese__/start/ZFVimJob/plugin/api_impl_nvim.vim
000.275  000.275: sourcing /private/var/mobile/Containers/Data/Application/EFEEF93A-2AA6-4B6B-83D1-DD8971FF3349/Documents/_vim/pack/__cmd&terminal__/start/vim-repl/plugin/vim-repl.vim
000.275  000.275: sourcing /private/var/mobile/Containers/Data/Application/EFEEF93A-2AA6-4B6B-83D1-DD8971FF3349/Documents/.vim/pack/__Explore__/start/nerdtree/lib/nerdtree/event.vim
000.274  000.274: sourcing /private/var/mobile/Containers/Data/Application/EFEEF93A-2AA6-4B6B-83D1-DD8971FF3349/Documents/_vim/pack/z_game/start/2048/ftdetect/2048.vim
000.274  000.274: sourcing /private/var/containers/Bundle/Application/76D344F8-263C-4B2C-A0CD-FE55308DDA68/iVim.app/runtime/syntax/syncolor.vim
000.271  000.271: sourcing /private/var/mobile/Containers/Data/Application/EFEEF93A-2AA6-4B6B-83D1-DD8971FF3349/Documents/_vim/pack/__char&Chinese__/start/ZFVimJob/plugin/joboutput_statusline.vim
000.266  000.266: sourcing /private/var/mobile/Containers/Data/Application/EFEEF93A-2AA6-4B6B-83D1-DD8971FF3349/Documents/.vim/pack/___UI__/start/vim-airline/autoload/airline/extensions/grepper.vim
000.266  000.266: sourcing /private/var/containers/Bundle/Application/76D344F8-263C-4B2C-A0CD-FE55308DDA68/iVim.app/runtime/plugin/rrhelper.vim
000.243  000.243: sourcing /private/var/mobile/Containers/Data/Application/EFEEF93A-2AA6-4B6B-83D1-DD8971FF3349/Documents/_vim/pack/complete-framework/start/neocomplete.vim/plugin/neocomplete/dictionary.vim
000.240  000.240: sourcing /private/var/containers/Bundle/Application/76D344F8-263C-4B2C-A0CD-FE55308DDA68/iVim.app/runtime/autoload/paste.vim
000.233  000.233: sourcing /private/var/containers/Bundle/Application/76D344F8-263C-4B2C-A0CD-FE55308DDA68/iVim.app/runtime/plugin/spellfile.vim
000.222  000.222: sourcing /private/var/containers/Bundle/Application/76D344F8-263C-4B2C-A0CD-FE55308DDA68/iVim.app/runtime/syntax/syncolor.vim
000.217  000.217: sourcing /private/var/containers/Bundle/Application/76D344F8-263C-4B2C-A0CD-FE55308DDA68/iVim.app/runtime/syntax/syncolor.vim
000.203  000.203: sourcing /private/var/containers/Bundle/Application/76D344F8-263C-4B2C-A0CD-FE55308DDA68/iVim.app/runtime/syntax/syncolor.vim
000.176  000.176: sourcing /private/var/containers/Bundle/Application/76D344F8-263C-4B2C-A0CD-FE55308DDA68/iVim.app/runtime/plugin/manpager.vim
000.164: init highlight
000.159  000.159: sourcing /private/var/containers/Bundle/Application/76D344F8-263C-4B2C-A0CD-FE55308DDA68/iVim.app/runtime/syntax/syncolor.vim
000.156  000.156: sourcing /private/var/mobile/Containers/Data/Application/EFEEF93A-2AA6-4B6B-83D1-DD8971FF3349/Documents/_vim/pack/complete-framework/start/neocomplete.vim/plugin/neocomplete/member.vim
000.139  000.139: sourcing /private/var/containers/Bundle/Application/76D344F8-263C-4B2C-A0CD-FE55308DDA68/iVim.app/runtime/indent.vim
000.115  000.115: sourcing /private/var/mobile/Containers/Data/Application/EFEEF93A-2AA6-4B6B-83D1-DD8971FF3349/Documents/.vim/pack/misc/start/swy-ivim/plugin/uctags/uctags_perl.vim
000.067: inits 2
000.063  000.063: sourcing /private/var/containers/Bundle/Application/76D344F8-263C-4B2C-A0CD-FE55308DDA68/iVim.app/runtime/filetype.vim
000.049  000.049: sourcing /private/var/mobile/Containers/Data/Application/EFEEF93A-2AA6-4B6B-83D1-DD8971FF3349/Documents/_vim/pack/_hi&&sy&th_/start/randomTheme.vim/plugin/parseColorSchemes.vim
000.038  000.038: sourcing /private/var/containers/Bundle/Application/76D344F8-263C-4B2C-A0CD-FE55308DDA68/iVim.app/runtime/filetype.vim
000.037  000.037: sourcing /private/var/containers/Bundle/Application/76D344F8-263C-4B2C-A0CD-FE55308DDA68/iVim.app/runtime/ftplugin.vim
000.037  000.037: sourcing /private/var/containers/Bundle/Application/76D344F8-263C-4B2C-A0CD-FE55308DDA68/iVim.app/runtime/filetype.vim
000.032  000.032: sourcing /private/var/containers/Bundle/Application/76D344F8-263C-4B2C-A0CD-FE55308DDA68/iVim.app/runtime/filetype.vim
000.031  000.031: sourcing /private/var/containers/Bundle/Application/76D344F8-263C-4B2C-A0CD-FE55308DDA68/iVim.app/runtime/indent.vim
000.030  000.030: sourcing /private/var/containers/Bundle/Application/76D344F8-263C-4B2C-A0CD-FE55308DDA68/iVim.app/runtime/filetype.vim
000.027  000.027: sourcing /private/var/containers/Bundle/Application/76D344F8-263C-4B2C-A0CD-FE55308DDA68/iVim.app/runtime/ftplugin.vim
000.027  000.027: sourcing /private/var/containers/Bundle/Application/76D344F8-263C-4B2C-A0CD-FE55308DDA68/iVim.app/runtime/filetype.vim
000.026  000.026: sourcing /private/var/containers/Bundle/Application/76D344F8-263C-4B2C-A0CD-FE55308DDA68/iVim.app/runtime/filetype.vim
000.025  000.025: sourcing /private/var/containers/Bundle/Application/76D344F8-263C-4B2C-A0CD-FE55308DDA68/iVim.app/runtime/filetype.vim
000.024  000.024: sourcing /private/var/containers/Bundle/Application/76D344F8-263C-4B2C-A0CD-FE55308DDA68/iVim.app/runtime/ftplugin.vim
000.024  000.024: sourcing /private/var/containers/Bundle/Application/76D344F8-263C-4B2C-A0CD-FE55308DDA68/iVim.app/runtime/filetype.vim
000.022: GUI delay
000.022  000.022: sourcing /private/var/containers/Bundle/Application/76D344F8-263C-4B2C-A0CD-FE55308DDA68/iVim.app/runtime/ftplugin.vim
000.022  000.022: sourcing /private/var/containers/Bundle/Application/76D344F8-263C-4B2C-A0CD-FE55308DDA68/iVim.app/runtime/ftplugin.vim
000.021  000.021: sourcing /private/var/containers/Bundle/Application/76D344F8-263C-4B2C-A0CD-FE55308DDA68/iVim.app/runtime/ftplugin.vim
000.013: shell init
000.008: clearing screen
000.007: parsing arguments
000.006: inits 3
000.004: window checked
000.004: before starting main loop
000.004: GUI prepared
000.004: --- VIM STARTING ---
000.003: editing files in windows
000.003: --- VIM STARTED ---
000.001: start termcap
000.001: setting raw mode
000.001: expanding arguments
000.001: clipboard setup
 clock   self+sourced   self:  sourced script
 clock   elapsed:              other lines



