

times in msec
 clock   self+sourced   self:  sourced script
 clock   elapsed:              other lines

000.002  000.002: --- VIM STARTING ---
000.068  000.066: Allocated generic buffers
000.071  000.003: GUI prepared
000.072  000.001: clipboard setup
000.076  000.004: window checked
000.426  000.350: inits 1
000.431  000.005: parsing arguments
000.432  000.001: expanding arguments
000.445  000.013: shell init
000.469  000.024: inits 2
000.594  000.125: init highlight
007.163  001.611  001.611: sourcing /private/var/containers/Bundle/Application/EAEEFF97-571A-4CBB-8641-20E203B29FF0/iVim.app/runtime/syntax/syncolor.vim
007.297  002.347  000.736: sourcing /private/var/containers/Bundle/Application/EAEEFF97-571A-4CBB-8641-20E203B29FF0/iVim.app/runtime/syntax/synload.vim
015.471  000.272  000.272: sourcing /private/var/containers/Bundle/Application/EAEEFF97-571A-4CBB-8641-20E203B29FF0/iVim.app/runtime/autoload/paste.vim
017.307  003.289  003.017: sourcing /private/var/containers/Bundle/Application/EAEEFF97-571A-4CBB-8641-20E203B29FF0/iVim.app/runtime/menu.vim
017.326  009.411  006.122: sourcing /private/var/containers/Bundle/Application/EAEEFF97-571A-4CBB-8641-20E203B29FF0/iVim.app/runtime/filetype.vim
017.370  014.201  002.443: sourcing /private/var/containers/Bundle/Application/EAEEFF97-571A-4CBB-8641-20E203B29FF0/iVim.app/runtime/syntax/syntax.vim
017.535  000.022  000.022: sourcing /private/var/containers/Bundle/Application/EAEEFF97-571A-4CBB-8641-20E203B29FF0/iVim.app/runtime/filetype.vim
018.335  000.275  000.275: sourcing /private/var/containers/Bundle/Application/EAEEFF97-571A-4CBB-8641-20E203B29FF0/iVim.app/runtime/ftplugin.vim
019.179  000.285  000.285: sourcing /private/var/containers/Bundle/Application/EAEEFF97-571A-4CBB-8641-20E203B29FF0/iVim.app/runtime/indent.vim
019.243  018.527  003.744: sourcing $VIM/vimrc
020.065  000.373  000.373: sourcing $VIMRUNTIME/macmap.vim
023.894  000.174  000.174: sourcing /private/var/containers/Bundle/Application/EAEEFF97-571A-4CBB-8641-20E203B29FF0/iVim.app/runtime/syntax/syncolor.vim
024.327  000.143  000.143: sourcing /private/var/containers/Bundle/Application/EAEEFF97-571A-4CBB-8641-20E203B29FF0/iVim.app/runtime/syntax/syncolor.vim
024.657  000.188  000.188: sourcing /private/var/containers/Bundle/Application/EAEEFF97-571A-4CBB-8641-20E203B29FF0/iVim.app/runtime/syntax/syncolor.vim
024.849  001.710  001.205: sourcing /private/var/containers/Bundle/Application/EAEEFF97-571A-4CBB-8641-20E203B29FF0/iVim.app/runtime/colors/murphy.vim
030.168  000.392  000.392: sourcing /private/var/containers/Bundle/Application/EAEEFF97-571A-4CBB-8641-20E203B29FF0/iVim.app/runtime/syntax/nosyntax.vim
030.961  000.161  000.161: sourcing /private/var/containers/Bundle/Application/EAEEFF97-571A-4CBB-8641-20E203B29FF0/iVim.app/runtime/syntax/syncolor.vim
031.349  000.117  000.117: sourcing /private/var/containers/Bundle/Application/EAEEFF97-571A-4CBB-8641-20E203B29FF0/iVim.app/runtime/syntax/syncolor.vim
031.657  000.169  000.169: sourcing /private/var/containers/Bundle/Application/EAEEFF97-571A-4CBB-8641-20E203B29FF0/iVim.app/runtime/syntax/syncolor.vim
031.856  001.368  000.921: sourcing /private/var/containers/Bundle/Application/EAEEFF97-571A-4CBB-8641-20E203B29FF0/iVim.app/runtime/colors/murphy.vim
031.931  001.602  000.234: sourcing /private/var/containers/Bundle/Application/EAEEFF97-571A-4CBB-8641-20E203B29FF0/iVim.app/runtime/syntax/synload.vim
031.954  002.985  000.991: sourcing /private/var/containers/Bundle/Application/EAEEFF97-571A-4CBB-8641-20E203B29FF0/iVim.app/runtime/syntax/syntax.vim
032.125  000.026  000.026: sourcing /private/var/containers/Bundle/Application/EAEEFF97-571A-4CBB-8641-20E203B29FF0/iVim.app/runtime/filetype.vim
032.284  000.023  000.023: sourcing /private/var/containers/Bundle/Application/EAEEFF97-571A-4CBB-8641-20E203B29FF0/iVim.app/runtime/filetype.vim
032.441  000.024  000.024: sourcing /private/var/containers/Bundle/Application/EAEEFF97-571A-4CBB-8641-20E203B29FF0/iVim.app/runtime/ftplugin.vim
032.593  000.022  000.022: sourcing /private/var/containers/Bundle/Application/EAEEFF97-571A-4CBB-8641-20E203B29FF0/iVim.app/runtime/filetype.vim
035.573  000.030  000.030: sourcing /private/var/containers/Bundle/Application/EAEEFF97-571A-4CBB-8641-20E203B29FF0/iVim.app/runtime/ftplugin.vim
035.734  000.025  000.025: sourcing /private/var/containers/Bundle/Application/EAEEFF97-571A-4CBB-8641-20E203B29FF0/iVim.app/runtime/indent.vim
038.554  016.522  011.677: sourcing /private/var/mobile/Containers/Data/Application/BAD637A8-1953-482A-8E48-87141BC27610/Documents/_vim/_rc/basic.vim
055.405  000.344  000.344: sourcing /private/var/mobile/Containers/Data/Application/BAD637A8-1953-482A-8E48-87141BC27610/Documents/_vim/_rc/pac/ctrlp.vim
055.848  000.293  000.293: sourcing /private/var/mobile/Containers/Data/Application/BAD637A8-1953-482A-8E48-87141BC27610/Documents/_vim/_rc/pac/findr.vim
056.010  000.025  000.025: sourcing /private/var/mobile/Containers/Data/Application/BAD637A8-1953-482A-8E48-87141BC27610/Documents/_vim/_rc/pac/helptab.vim
056.513  000.382  000.382: sourcing /private/var/mobile/Containers/Data/Application/BAD637A8-1953-482A-8E48-87141BC27610/Documents/_vim/_rc/pac/indentLine.vim
057.035  000.351  000.351: sourcing /private/var/mobile/Containers/Data/Application/BAD637A8-1953-482A-8E48-87141BC27610/Documents/_vim/_rc/pac/lightline.vim
057.559  000.382  000.382: sourcing /private/var/mobile/Containers/Data/Application/BAD637A8-1953-482A-8E48-87141BC27610/Documents/_vim/_rc/pac/limelight.vim
058.068  000.371  000.371: sourcing /private/var/mobile/Containers/Data/Application/BAD637A8-1953-482A-8E48-87141BC27610/Documents/_vim/_rc/pac/neocomplete.vim
058.561  000.343  000.343: sourcing /private/var/mobile/Containers/Data/Application/BAD637A8-1953-482A-8E48-87141BC27610/Documents/_vim/_rc/pac/nerdtree.vim
059.018  000.317  000.317: sourcing /private/var/mobile/Containers/Data/Application/BAD637A8-1953-482A-8E48-87141BC27610/Documents/_vim/_rc/pac/openbrowser.vim
059.222  000.069  000.069: sourcing /private/var/mobile/Containers/Data/Application/BAD637A8-1953-482A-8E48-87141BC27610/Documents/_vim/_rc/pac/python-mode.vim
059.370  000.029  000.029: sourcing /private/var/mobile/Containers/Data/Application/BAD637A8-1953-482A-8E48-87141BC27610/Documents/_vim/_rc/pac/rainbow.vim
059.818  000.311  000.311: sourcing /private/var/mobile/Containers/Data/Application/BAD637A8-1953-482A-8E48-87141BC27610/Documents/_vim/_rc/pac/tagbar.vim
060.346  000.318  000.318: sourcing /private/var/mobile/Containers/Data/Application/BAD637A8-1953-482A-8E48-87141BC27610/Documents/_vim/_rc/pac/ultisnips.vim
060.739  000.253  000.253: sourcing /private/var/mobile/Containers/Data/Application/BAD637A8-1953-482A-8E48-87141BC27610/Documents/_vim/_rc/pac/unicode.vim
061.669  000.163  000.163: sourcing /private/var/containers/Bundle/Application/EAEEFF97-571A-4CBB-8641-20E203B29FF0/iVim.app/runtime/syntax/syncolor.vim
062.098  000.147  000.147: sourcing /private/var/containers/Bundle/Application/EAEEFF97-571A-4CBB-8641-20E203B29FF0/iVim.app/runtime/syntax/syncolor.vim
062.385  000.144  000.144: sourcing /private/var/containers/Bundle/Application/EAEEFF97-571A-4CBB-8641-20E203B29FF0/iVim.app/runtime/syntax/syncolor.vim
062.562  001.372  000.918: sourcing /private/var/containers/Bundle/Application/EAEEFF97-571A-4CBB-8641-20E203B29FF0/iVim.app/runtime/colors/murphy.vim
062.920  000.166  000.166: sourcing /private/var/containers/Bundle/Application/EAEEFF97-571A-4CBB-8641-20E203B29FF0/iVim.app/runtime/syntax/syncolor.vim
086.771  000.165  000.165: sourcing /private/var/containers/Bundle/Application/EAEEFF97-571A-4CBB-8641-20E203B29FF0/iVim.app/runtime/syntax/syncolor.vim
087.143  000.150  000.150: sourcing /private/var/containers/Bundle/Application/EAEEFF97-571A-4CBB-8641-20E203B29FF0/iVim.app/runtime/syntax/syncolor.vim
089.367  003.747  003.432: sourcing /private/var/mobile/Containers/Data/Application/BAD637A8-1953-482A-8E48-87141BC27610/Documents/.vim/pack/ivim/opt/vim-colors-solarized/colors/solarized.vim
089.616  028.739  023.454: sourcing /private/var/mobile/Containers/Data/Application/BAD637A8-1953-482A-8E48-87141BC27610/Documents/_vim/_rc/pac/vim-colors-solarized.vim
090.141  000.341  000.341: sourcing /private/var/mobile/Containers/Data/Application/BAD637A8-1953-482A-8E48-87141BC27610/Documents/_vim/_rc/pac/vim-gutentags.vim
091.007  000.727  000.727: sourcing /private/var/mobile/Containers/Data/Application/BAD637A8-1953-482A-8E48-87141BC27610/Documents/_vim/_rc/pac/vim-markdown.vim
091.428  000.282  000.282: sourcing /private/var/mobile/Containers/Data/Application/BAD637A8-1953-482A-8E48-87141BC27610/Documents/_vim/_rc/pac/vim-mundo.vim
091.890  000.325  000.325: sourcing /private/var/mobile/Containers/Data/Application/BAD637A8-1953-482A-8E48-87141BC27610/Documents/_vim/_rc/pac/vim-repl.vim
092.061  000.036  000.036: sourcing /private/var/mobile/Containers/Data/Application/BAD637A8-1953-482A-8E48-87141BC27610/Documents/_vim/_rc/pac/vim-slime.vim
092.540  000.367  000.367: sourcing /private/var/mobile/Containers/Data/Application/BAD637A8-1953-482A-8E48-87141BC27610/Documents/_vim/_rc/pac/vim-which-key.vim
092.563  053.786  019.181: sourcing /private/var/mobile/Containers/Data/Application/BAD637A8-1953-482A-8E48-87141BC27610/Documents/_vim/_rc/pac.vim
092.571  071.976  001.668: sourcing $HOME/.vimrc
092.574  001.104: sourcing vimrc file(s)
112.085  000.357  000.357: sourcing /private/var/containers/Bundle/Application/EAEEFF97-571A-4CBB-8641-20E203B29FF0/iVim.app/runtime/plugin/getscriptPlugin.vim
112.573  000.388  000.388: sourcing /private/var/containers/Bundle/Application/EAEEFF97-571A-4CBB-8641-20E203B29FF0/iVim.app/runtime/plugin/gzip.vim
113.146  000.480  000.480: sourcing /private/var/containers/Bundle/Application/EAEEFF97-571A-4CBB-8641-20E203B29FF0/iVim.app/runtime/plugin/logiPat.vim
113.473  000.234  000.234: sourcing /private/var/containers/Bundle/Application/EAEEFF97-571A-4CBB-8641-20E203B29FF0/iVim.app/runtime/plugin/manpager.vim
113.968  000.402  000.402: sourcing /private/var/containers/Bundle/Application/EAEEFF97-571A-4CBB-8641-20E203B29FF0/iVim.app/runtime/plugin/matchparen.vim
114.705  000.643  000.643: sourcing /private/var/containers/Bundle/Application/EAEEFF97-571A-4CBB-8641-20E203B29FF0/iVim.app/runtime/plugin/netrwPlugin.vim
115.108  000.273  000.273: sourcing /private/var/containers/Bundle/Application/EAEEFF97-571A-4CBB-8641-20E203B29FF0/iVim.app/runtime/plugin/rrhelper.vim
115.375  000.137  000.137: sourcing /private/var/containers/Bundle/Application/EAEEFF97-571A-4CBB-8641-20E203B29FF0/iVim.app/runtime/plugin/spellfile.vim
115.773  000.264  000.264: sourcing /private/var/containers/Bundle/Application/EAEEFF97-571A-4CBB-8641-20E203B29FF0/iVim.app/runtime/plugin/tarPlugin.vim
116.235  000.336  000.336: sourcing /private/var/containers/Bundle/Application/EAEEFF97-571A-4CBB-8641-20E203B29FF0/iVim.app/runtime/plugin/tohtml.vim
116.685  000.319  000.319: sourcing /private/var/containers/Bundle/Application/EAEEFF97-571A-4CBB-8641-20E203B29FF0/iVim.app/runtime/plugin/vimballPlugin.vim
117.282  000.448  000.448: sourcing /private/var/containers/Bundle/Application/EAEEFF97-571A-4CBB-8641-20E203B29FF0/iVim.app/runtime/plugin/zipPlugin.vim
117.289  020.434: loading plugins
121.830  000.401  000.401: sourcing /private/var/mobile/Containers/Data/Application/BAD637A8-1953-482A-8E48-87141BC27610/Documents/.vim/pack/ivim/start/Colorizer/plugin/ColorizerPlugin.vim
133.610  000.561  000.561: sourcing /private/var/mobile/Containers/Data/Application/BAD637A8-1953-482A-8E48-87141BC27610/Documents/.vim/pack/ivim/start/ctrlp.vim/autoload/ctrlp/mrufiles.vim
133.769  011.109  010.548: sourcing /private/var/mobile/Containers/Data/Application/BAD637A8-1953-482A-8E48-87141BC27610/Documents/.vim/pack/ivim/start/ctrlp.vim/plugin/ctrlp.vim
135.011  000.334  000.334: sourcing /private/var/mobile/Containers/Data/Application/BAD637A8-1953-482A-8E48-87141BC27610/Documents/.vim/pack/ivim/start/fern.vim/plugin/fern.vim
201.810  065.998  065.998: sourcing /private/var/mobile/Containers/Data/Application/BAD637A8-1953-482A-8E48-87141BC27610/Documents/.vim/pack/ivim/start/findr.vim/plugin/findr.vim
202.877  000.318  000.318: sourcing /private/var/mobile/Containers/Data/Application/BAD637A8-1953-482A-8E48-87141BC27610/Documents/.vim/pack/ivim/start/goyo.vim/plugin/goyo.vim
204.108  000.363  000.363: sourcing /private/var/mobile/Containers/Data/Application/BAD637A8-1953-482A-8E48-87141BC27610/Documents/.vim/pack/ivim/start/helptab.vim/plugin/helptab.vim
205.344  000.703  000.703: sourcing /private/var/mobile/Containers/Data/Application/BAD637A8-1953-482A-8E48-87141BC27610/Documents/.vim/pack/ivim/start/hiPairs/plugin/hiPairs.vim
207.073  000.495  000.495: sourcing /private/var/mobile/Containers/Data/Application/BAD637A8-1953-482A-8E48-87141BC27610/Documents/.vim/pack/ivim/start/lightline.vim/plugin/lightline.vim
208.032  000.363  000.363: sourcing /private/var/mobile/Containers/Data/Application/BAD637A8-1953-482A-8E48-87141BC27610/Documents/.vim/pack/ivim/start/limelight.vim/plugin/limelight.vim
210.453  000.383  000.383: sourcing /private/var/mobile/Containers/Data/Application/BAD637A8-1953-482A-8E48-87141BC27610/Documents/.vim/pack/ivim/start/neocomplete/plugin/neocomplete/buffer.vim
210.955  000.284  000.284: sourcing /private/var/mobile/Containers/Data/Application/BAD637A8-1953-482A-8E48-87141BC27610/Documents/.vim/pack/ivim/start/neocomplete/plugin/neocomplete/dictionary.vim
211.427  000.265  000.265: sourcing /private/var/mobile/Containers/Data/Application/BAD637A8-1953-482A-8E48-87141BC27610/Documents/.vim/pack/ivim/start/neocomplete/plugin/neocomplete/member.vim
211.962  000.330  000.330: sourcing /private/var/mobile/Containers/Data/Application/BAD637A8-1953-482A-8E48-87141BC27610/Documents/.vim/pack/ivim/start/neocomplete/plugin/neocomplete/tag.vim
212.574  000.404  000.404: sourcing /private/var/mobile/Containers/Data/Application/BAD637A8-1953-482A-8E48-87141BC27610/Documents/.vim/pack/ivim/start/neocomplete/plugin/neocomplete.vim
213.812  000.274  000.274: sourcing /private/var/mobile/Containers/Data/Application/BAD637A8-1953-482A-8E48-87141BC27610/Documents/.vim/pack/ivim/start/neoformat/plugin/neoformat.vim
220.743  006.377  006.377: sourcing /private/var/mobile/Containers/Data/Application/BAD637A8-1953-482A-8E48-87141BC27610/Documents/.vim/pack/ivim/start/nerdcommenter/plugin/NERD_commenter.vim
224.344  000.722  000.722: sourcing /private/var/mobile/Containers/Data/Application/BAD637A8-1953-482A-8E48-87141BC27610/Documents/.vim/pack/ivim/start/nerdtree/autoload/nerdtree.vim
227.845  001.507  001.507: sourcing /private/var/mobile/Containers/Data/Application/BAD637A8-1953-482A-8E48-87141BC27610/Documents/.vim/pack/ivim/start/nerdtree/lib/nerdtree/path.vim
229.328  000.560  000.560: sourcing /private/var/mobile/Containers/Data/Application/BAD637A8-1953-482A-8E48-87141BC27610/Documents/.vim/pack/ivim/start/nerdtree/lib/nerdtree/menu_controller.vim
230.444  000.319  000.319: sourcing /private/var/mobile/Containers/Data/Application/BAD637A8-1953-482A-8E48-87141BC27610/Documents/.vim/pack/ivim/start/nerdtree/lib/nerdtree/menu_item.vim
231.491  000.340  000.340: sourcing /private/var/mobile/Containers/Data/Application/BAD637A8-1953-482A-8E48-87141BC27610/Documents/.vim/pack/ivim/start/nerdtree/lib/nerdtree/key_map.vim
232.767  000.540  000.540: sourcing /private/var/mobile/Containers/Data/Application/BAD637A8-1953-482A-8E48-87141BC27610/Documents/.vim/pack/ivim/start/nerdtree/lib/nerdtree/bookmark.vim
234.099  000.614  000.614: sourcing /private/var/mobile/Containers/Data/Application/BAD637A8-1953-482A-8E48-87141BC27610/Documents/.vim/pack/ivim/start/nerdtree/lib/nerdtree/tree_file_node.vim
236.048  001.028  001.028: sourcing /private/var/mobile/Containers/Data/Application/BAD637A8-1953-482A-8E48-87141BC27610/Documents/.vim/pack/ivim/start/nerdtree/lib/nerdtree/tree_dir_node.vim
237.405  000.554  000.554: sourcing /private/var/mobile/Containers/Data/Application/BAD637A8-1953-482A-8E48-87141BC27610/Documents/.vim/pack/ivim/start/nerdtree/lib/nerdtree/opener.vim
238.807  000.579  000.579: sourcing /private/var/mobile/Containers/Data/Application/BAD637A8-1953-482A-8E48-87141BC27610/Documents/.vim/pack/ivim/start/nerdtree/lib/nerdtree/creator.vim
239.837  000.280  000.280: sourcing /private/var/mobile/Containers/Data/Application/BAD637A8-1953-482A-8E48-87141BC27610/Documents/.vim/pack/ivim/start/nerdtree/lib/nerdtree/flag_set.vim
241.011  000.428  000.428: sourcing /private/var/mobile/Containers/Data/Application/BAD637A8-1953-482A-8E48-87141BC27610/Documents/.vim/pack/ivim/start/nerdtree/lib/nerdtree/nerdtree.vim
242.630  000.917  000.917: sourcing /private/var/mobile/Containers/Data/Application/BAD637A8-1953-482A-8E48-87141BC27610/Documents/.vim/pack/ivim/start/nerdtree/lib/nerdtree/ui.vim
243.700  000.255  000.255: sourcing /private/var/mobile/Containers/Data/Application/BAD637A8-1953-482A-8E48-87141BC27610/Documents/.vim/pack/ivim/start/nerdtree/lib/nerdtree/event.vim
244.663  000.274  000.274: sourcing /private/var/mobile/Containers/Data/Application/BAD637A8-1953-482A-8E48-87141BC27610/Documents/.vim/pack/ivim/start/nerdtree/lib/nerdtree/notifier.vim
246.748  001.169  001.169: sourcing /private/var/mobile/Containers/Data/Application/BAD637A8-1953-482A-8E48-87141BC27610/Documents/.vim/pack/ivim/start/nerdtree/autoload/nerdtree/ui_glue.vim
251.263  000.524  000.524: sourcing /private/var/mobile/Containers/Data/Application/BAD637A8-1953-482A-8E48-87141BC27610/Documents/.vim/pack/ivim/start/nerdtree/nerdtree_plugin/exec_menuitem.vim
254.811  003.263  003.263: sourcing /private/var/mobile/Containers/Data/Application/BAD637A8-1953-482A-8E48-87141BC27610/Documents/.vim/pack/ivim/start/nerdtree/nerdtree_plugin/fs_menu.vim
255.333  000.305  000.305: sourcing /private/var/mobile/Containers/Data/Application/BAD637A8-1953-482A-8E48-87141BC27610/Documents/.vim/pack/ivim/start/nerdtree/nerdtree_plugin/vcs.vim
256.130  034.344  020.166: sourcing /private/var/mobile/Containers/Data/Application/BAD637A8-1953-482A-8E48-87141BC27610/Documents/.vim/pack/ivim/start/nerdtree/plugin/NERD_tree.vim
257.615  000.557  000.557: sourcing /private/var/mobile/Containers/Data/Application/BAD637A8-1953-482A-8E48-87141BC27610/Documents/.vim/pack/ivim/start/open-browser.vim/plugin/openbrowser.vim
260.186  000.422  000.422: sourcing /private/var/mobile/Containers/Data/Application/BAD637A8-1953-482A-8E48-87141BC27610/Documents/.vim/pack/ivim/start/python-mode/autoload/pymode.vim
261.614  000.338  000.338: sourcing /private/var/containers/Bundle/Application/EAEEFF97-571A-4CBB-8641-20E203B29FF0/iVim.app/runtime/filetype.vim
263.034  000.283  000.283: sourcing /private/var/containers/Bundle/Application/EAEEFF97-571A-4CBB-8641-20E203B29FF0/iVim.app/runtime/ftplugin.vim
403.740  000.064  000.064: sourcing /private/var/containers/Bundle/Application/EAEEFF97-571A-4CBB-8641-20E203B29FF0/iVim.app/runtime/filetype.vim
404.632  000.044  000.044: sourcing /private/var/containers/Bundle/Application/EAEEFF97-571A-4CBB-8641-20E203B29FF0/iVim.app/runtime/ftplugin.vim
404.774  146.229  145.078: sourcing /private/var/mobile/Containers/Data/Application/BAD637A8-1953-482A-8E48-87141BC27610/Documents/.vim/pack/ivim/start/python-mode/plugin/pymode.vim
406.300  000.374  000.374: sourcing /private/var/mobile/Containers/Data/Application/BAD637A8-1953-482A-8E48-87141BC27610/Documents/.vim/pack/ivim/start/rainbow/plugin/rainbow_main.vim
408.419  001.232  001.232: sourcing /private/var/mobile/Containers/Data/Application/BAD637A8-1953-482A-8E48-87141BC27610/Documents/.vim/pack/ivim/start/tagbar/plugin/tagbar.vim
411.180  000.425  000.425: sourcing /private/var/mobile/Containers/Data/Application/BAD637A8-1953-482A-8E48-87141BC27610/Documents/.vim/pack/ivim/start/ultisnips/autoload/UltiSnips/map_keys.vim
411.290  001.804  001.379: sourcing /private/var/mobile/Containers/Data/Application/BAD637A8-1953-482A-8E48-87141BC27610/Documents/.vim/pack/ivim/start/ultisnips/plugin/UltiSnips.vim
412.041  000.345  000.345: sourcing /private/var/mobile/Containers/Data/Application/BAD637A8-1953-482A-8E48-87141BC27610/Documents/.vim/pack/ivim/start/ultisnips/ftdetect/snippets.vim
413.225  000.658  000.658: sourcing /private/var/mobile/Containers/Data/Application/BAD637A8-1953-482A-8E48-87141BC27610/Documents/.vim/pack/ivim/start/unicode.vim/plugin/unicode.vim
413.985  000.305  000.305: sourcing /private/var/mobile/Containers/Data/Application/BAD637A8-1953-482A-8E48-87141BC27610/Documents/.vim/pack/ivim/start/unicode.vim/ftdetect/unicode.vim
415.028  000.515  000.515: sourcing /private/var/mobile/Containers/Data/Application/BAD637A8-1953-482A-8E48-87141BC27610/Documents/.vim/pack/ivim/start/vim-easy-align/plugin/easy_align.vim
420.856  005.259  005.259: sourcing /private/var/mobile/Containers/Data/Application/BAD637A8-1953-482A-8E48-87141BC27610/Documents/.vim/pack/ivim/start/vim-easymotion/plugin/EasyMotion.vim
421.844  000.422  000.422: sourcing /private/var/mobile/Containers/Data/Application/BAD637A8-1953-482A-8E48-87141BC27610/Documents/.vim/pack/ivim/start/vim-easymotion-chs/plugin/setup.vim
424.969  002.252  002.252: sourcing /private/var/mobile/Containers/Data/Application/BAD637A8-1953-482A-8E48-87141BC27610/Documents/.vim/pack/ivim/start/vim-fugitive/plugin/fugitive.vim
425.747  000.374  000.374: sourcing /private/var/mobile/Containers/Data/Application/BAD637A8-1953-482A-8E48-87141BC27610/Documents/.vim/pack/ivim/start/vim-fugitive/ftdetect/fugitive.vim
426.645  000.383  000.383: sourcing /private/var/mobile/Containers/Data/Application/BAD637A8-1953-482A-8E48-87141BC27610/Documents/.vim/pack/ivim/start/vim-grep/plugin/grep.vim
428.037  000.561  000.561: sourcing /private/var/mobile/Containers/Data/Application/BAD637A8-1953-482A-8E48-87141BC27610/Documents/.vim/pack/ivim/start/vim-gutentags/plugin/gutentags.vim
429.085  000.489  000.489: sourcing /private/var/mobile/Containers/Data/Application/BAD637A8-1953-482A-8E48-87141BC27610/Documents/.vim/pack/ivim/start/vim-illuminate/plugin/illuminate.vim
430.598  000.402  000.402: sourcing /private/var/mobile/Containers/Data/Application/BAD637A8-1953-482A-8E48-87141BC27610/Documents/.vim/pack/ivim/start/vim-markdown/ftdetect/markdown.vim
433.294  000.437  000.437: sourcing /private/var/mobile/Containers/Data/Application/BAD637A8-1953-482A-8E48-87141BC27610/Documents/.vim/pack/ivim/start/vim-mundo/autoload/mundo/util.vim
433.663  001.968  001.531: sourcing /private/var/mobile/Containers/Data/Application/BAD637A8-1953-482A-8E48-87141BC27610/Documents/.vim/pack/ivim/start/vim-mundo/plugin/mundo.vim
434.887  000.328  000.328: sourcing /private/var/mobile/Containers/Data/Application/BAD637A8-1953-482A-8E48-87141BC27610/Documents/.vim/pack/ivim/start/vim-orgmode/ftdetect/org.vim
436.150  000.529  000.529: sourcing /private/var/mobile/Containers/Data/Application/BAD637A8-1953-482A-8E48-87141BC27610/Documents/.vim/pack/ivim/start/vim-pandoc/plugin/pandoc.vim
437.366  000.396  000.396: sourcing /private/var/mobile/Containers/Data/Application/BAD637A8-1953-482A-8E48-87141BC27610/Documents/.vim/pack/ivim/start/vim-pandoc/ftdetect/pandoc.vim
438.189  000.341  000.341: sourcing /private/var/mobile/Containers/Data/Application/BAD637A8-1953-482A-8E48-87141BC27610/Documents/.vim/pack/ivim/start/vim-pandoc-syntax/plugin/pandoc-syntax-check.vim
625.660  186.971  186.971: sourcing /private/var/mobile/Containers/Data/Application/BAD637A8-1953-482A-8E48-87141BC27610/Documents/.vim/pack/ivim/start/vim-plist/plugin/plist.vim
626.311  000.306  000.306: sourcing /private/var/mobile/Containers/Data/Application/BAD637A8-1953-482A-8E48-87141BC27610/Documents/.vim/pack/ivim/start/vim-plist/ftdetect/plist.vim
627.515  000.398  000.398: sourcing /private/var/mobile/Containers/Data/Application/BAD637A8-1953-482A-8E48-87141BC27610/Documents/.vim/pack/ivim/start/vim-redir-output/plugin/redir-output.vim
629.139  000.603  000.603: sourcing /private/var/mobile/Containers/Data/Application/BAD637A8-1953-482A-8E48-87141BC27610/Documents/.vim/pack/ivim/start/vim-repl/plugin/default.vim
629.623  000.330  000.330: sourcing /private/var/mobile/Containers/Data/Application/BAD637A8-1953-482A-8E48-87141BC27610/Documents/.vim/pack/ivim/start/vim-repl/plugin/vim-repl.vim
630.485  000.449  000.449: sourcing /private/var/mobile/Containers/Data/Application/BAD637A8-1953-482A-8E48-87141BC27610/Documents/.vim/pack/ivim/start/vim-slime/plugin/slime.vim
631.698  000.800  000.800: sourcing /private/var/mobile/Containers/Data/Application/BAD637A8-1953-482A-8E48-87141BC27610/Documents/.vim/pack/ivim/start/vim-speeddating/plugin/speeddating.vim
633.404  000.960  000.960: sourcing /private/var/mobile/Containers/Data/Application/BAD637A8-1953-482A-8E48-87141BC27610/Documents/.vim/pack/ivim/start/vim-surround/plugin/surround.vim
639.568  005.650  005.650: sourcing /private/var/mobile/Containers/Data/Application/BAD637A8-1953-482A-8E48-87141BC27610/Documents/.vim/pack/ivim/start/vim-unimpaired/plugin/unimpaired.vim
641.163  000.885  000.885: sourcing /private/var/mobile/Containers/Data/Application/BAD637A8-1953-482A-8E48-87141BC27610/Documents/.vim/pack/ivim/start/vim-vinegar/plugin/vinegar.vim
643.859  000.844  000.844: sourcing /private/var/mobile/Containers/Data/Application/BAD637A8-1953-482A-8E48-87141BC27610/Documents/.vim/pack/ivim/start/vim-visual-multi/autoload/vm/plugs.vim
645.145  000.756  000.756: sourcing /private/var/mobile/Containers/Data/Application/BAD637A8-1953-482A-8E48-87141BC27610/Documents/.vim/pack/ivim/start/vim-visual-multi/autoload/vm/maps.vim
645.927  000.500  000.500: sourcing /private/var/mobile/Containers/Data/Application/BAD637A8-1953-482A-8E48-87141BC27610/Documents/.vim/pack/ivim/start/vim-visual-multi/autoload/vm/maps/all.vim
646.934  004.965  002.865: sourcing /private/var/mobile/Containers/Data/Application/BAD637A8-1953-482A-8E48-87141BC27610/Documents/.vim/pack/ivim/start/vim-visual-multi/plugin/visual-multi.vim
647.700  000.415  000.415: sourcing /private/var/mobile/Containers/Data/Application/BAD637A8-1953-482A-8E48-87141BC27610/Documents/.vim/pack/ivim/start/vim-which-key/plugin/which_key.vim
648.596  000.540  000.540: sourcing /private/var/mobile/Containers/Data/Application/BAD637A8-1953-482A-8E48-87141BC27610/Documents/.vim/pack/ivim/start/vim-yoink/plugin/yoink.vim
649.739  000.310  000.310: sourcing /private/var/mobile/Containers/Data/Application/BAD637A8-1953-482A-8E48-87141BC27610/Documents/.vim/pack/ivim/start/vimcdoc/plugin/vimcdoc.vim
649.981  040.642: loading packages
650.844  000.434  000.434: sourcing /private/var/mobile/Containers/Data/Application/BAD637A8-1953-482A-8E48-87141BC27610/Documents/.vim/pack/ivim/start/ultisnips/after/plugin/UltiSnips_after.vim
652.235  001.030  001.030: sourcing /private/var/mobile/Containers/Data/Application/BAD637A8-1953-482A-8E48-87141BC27610/Documents/.vim/pack/ivim/start/indentLine/after/plugin/indentLine.vim
652.273  000.828: loading after plugins
652.279  000.006: inits 3
653.928  001.495  001.495: sourcing $VIMRUNTIME/menu.vim
655.819  002.045: starting GUI
656.618  000.799: reading viminfo
656.626  000.008: GUI delay
656.627  000.001: setting raw mode
656.627  000.000: start termcap
656.632  000.005: clearing screen
656.822  000.190: opening buffers
659.091  001.327  001.327: sourcing /private/var/mobile/Containers/Data/Application/BAD637A8-1953-482A-8E48-87141BC27610/Documents/.vim/pack/ivim/start/lightline.vim/autoload/lightline.vim
660.746  000.438  000.438: sourcing /private/var/mobile/Containers/Data/Application/BAD637A8-1953-482A-8E48-87141BC27610/Documents/.vim/pack/ivim/start/lightline.vim/autoload/lightline/tab.vim
662.845  000.584  000.584: sourcing /private/var/mobile/Containers/Data/Application/BAD637A8-1953-482A-8E48-87141BC27610/Documents/.vim/pack/ivim/start/lightline.vim/autoload/lightline/colorscheme.vim
663.248  001.850  001.266: sourcing /private/var/mobile/Containers/Data/Application/BAD637A8-1953-482A-8E48-87141BC27610/Documents/.vim/pack/ivim/start/lightline.vim/autoload/lightline/colorscheme/wombat.vim
665.323  004.886: BufEnter autocommands
665.326  000.003: editing files in windows
667.989  001.772  001.772: sourcing /private/var/mobile/Containers/Data/Application/BAD637A8-1953-482A-8E48-87141BC27610/Documents/.vim/pack/ivim/start/vim-gutentags/autoload/gutentags.vim
670.878  002.613  002.613: sourcing /private/var/mobile/Containers/Data/Application/BAD637A8-1953-482A-8E48-87141BC27610/Documents/.vim/pack/ivim/start/vim-yoink/autoload/yoink.vim
671.033  001.322: VimEnter autocommands
671.035  000.002: before starting main loop
672.216  000.468  000.468: sourcing /private/var/mobile/Containers/Data/Application/BAD637A8-1953-482A-8E48-87141BC27610/Documents/.vim/pack/ivim/start/vim-illuminate/autoload/illuminate.vim
687.836  016.333: first screen update
687.839  000.003: --- VIM STARTED ---
