

times in msec
 clock   self+sourced   self:  sourced script
 clock   elapsed:              other lines

000.004  000.004: --- VIM STARTING ---
001.546  001.542: Allocated generic buffers
001.563  000.017: GUI prepared
001.564  000.001: clipboard setup
001.568  000.004: window checked
002.533  000.965: inits 1
002.536  000.003: parsing arguments
002.537  000.001: expanding arguments
002.548  000.011: shell init
002.594  000.046: inits 2
002.798  000.204: init highlight
009.095  001.851  001.851: sourcing /private/var/containers/Bundle/Application/EAEEFF97-571A-4CBB-8641-20E203B29FF0/iVim.app/runtime/syntax/syncolor.vim
009.247  002.586  000.735: sourcing /private/var/containers/Bundle/Application/EAEEFF97-571A-4CBB-8641-20E203B29FF0/iVim.app/runtime/syntax/synload.vim
017.030  000.274  000.274: sourcing /private/var/containers/Bundle/Application/EAEEFF97-571A-4CBB-8641-20E203B29FF0/iVim.app/runtime/autoload/paste.vim
018.800  003.232  002.958: sourcing /private/var/containers/Bundle/Application/EAEEFF97-571A-4CBB-8641-20E203B29FF0/iVim.app/runtime/menu.vim
018.819  008.979  005.747: sourcing /private/var/containers/Bundle/Application/EAEEFF97-571A-4CBB-8641-20E203B29FF0/iVim.app/runtime/filetype.vim
018.878  013.004  001.439: sourcing /private/var/containers/Bundle/Application/EAEEFF97-571A-4CBB-8641-20E203B29FF0/iVim.app/runtime/syntax/syntax.vim
019.056  000.034  000.034: sourcing /private/var/containers/Bundle/Application/EAEEFF97-571A-4CBB-8641-20E203B29FF0/iVim.app/runtime/filetype.vim
019.866  000.238  000.238: sourcing /private/var/containers/Bundle/Application/EAEEFF97-571A-4CBB-8641-20E203B29FF0/iVim.app/runtime/ftplugin.vim
020.765  000.296  000.296: sourcing /private/var/containers/Bundle/Application/EAEEFF97-571A-4CBB-8641-20E203B29FF0/iVim.app/runtime/indent.vim
020.840  017.881  004.309: sourcing $VIM/vimrc
021.744  000.379  000.379: sourcing $VIMRUNTIME/macmap.vim
024.876  000.162  000.162: sourcing /private/var/containers/Bundle/Application/EAEEFF97-571A-4CBB-8641-20E203B29FF0/iVim.app/runtime/syntax/syncolor.vim
025.321  000.142  000.142: sourcing /private/var/containers/Bundle/Application/EAEEFF97-571A-4CBB-8641-20E203B29FF0/iVim.app/runtime/syntax/syncolor.vim
025.602  000.140  000.140: sourcing /private/var/containers/Bundle/Application/EAEEFF97-571A-4CBB-8641-20E203B29FF0/iVim.app/runtime/syntax/syncolor.vim
025.774  001.635  001.191: sourcing /private/var/containers/Bundle/Application/EAEEFF97-571A-4CBB-8641-20E203B29FF0/iVim.app/runtime/colors/murphy.vim
030.871  000.344  000.344: sourcing /private/var/containers/Bundle/Application/EAEEFF97-571A-4CBB-8641-20E203B29FF0/iVim.app/runtime/syntax/nosyntax.vim
031.637  000.157  000.157: sourcing /private/var/containers/Bundle/Application/EAEEFF97-571A-4CBB-8641-20E203B29FF0/iVim.app/runtime/syntax/syncolor.vim
032.026  000.118  000.118: sourcing /private/var/containers/Bundle/Application/EAEEFF97-571A-4CBB-8641-20E203B29FF0/iVim.app/runtime/syntax/syncolor.vim
032.312  000.142  000.142: sourcing /private/var/containers/Bundle/Application/EAEEFF97-571A-4CBB-8641-20E203B29FF0/iVim.app/runtime/syntax/syncolor.vim
032.483  001.300  000.883: sourcing /private/var/containers/Bundle/Application/EAEEFF97-571A-4CBB-8641-20E203B29FF0/iVim.app/runtime/colors/murphy.vim
032.550  001.524  000.224: sourcing /private/var/containers/Bundle/Application/EAEEFF97-571A-4CBB-8641-20E203B29FF0/iVim.app/runtime/syntax/synload.vim
032.572  002.729  000.861: sourcing /private/var/containers/Bundle/Application/EAEEFF97-571A-4CBB-8641-20E203B29FF0/iVim.app/runtime/syntax/syntax.vim
032.726  000.025  000.025: sourcing /private/var/containers/Bundle/Application/EAEEFF97-571A-4CBB-8641-20E203B29FF0/iVim.app/runtime/filetype.vim
032.881  000.023  000.023: sourcing /private/var/containers/Bundle/Application/EAEEFF97-571A-4CBB-8641-20E203B29FF0/iVim.app/runtime/filetype.vim
033.032  000.020  000.020: sourcing /private/var/containers/Bundle/Application/EAEEFF97-571A-4CBB-8641-20E203B29FF0/iVim.app/runtime/ftplugin.vim
033.184  000.022  000.022: sourcing /private/var/containers/Bundle/Application/EAEEFF97-571A-4CBB-8641-20E203B29FF0/iVim.app/runtime/filetype.vim
036.231  000.030  000.030: sourcing /private/var/containers/Bundle/Application/EAEEFF97-571A-4CBB-8641-20E203B29FF0/iVim.app/runtime/ftplugin.vim
036.391  000.023  000.023: sourcing /private/var/containers/Bundle/Application/EAEEFF97-571A-4CBB-8641-20E203B29FF0/iVim.app/runtime/indent.vim
039.162  016.116  011.609: sourcing /private/var/mobile/Containers/Data/Application/BAD637A8-1953-482A-8E48-87141BC27610/Documents/_vim/_rc/basic.vim
051.834  000.343  000.343: sourcing /private/var/mobile/Containers/Data/Application/BAD637A8-1953-482A-8E48-87141BC27610/Documents/_vim/_rc/pac/ctrlp.vim
052.003  000.024  000.024: sourcing /private/var/mobile/Containers/Data/Application/BAD637A8-1953-482A-8E48-87141BC27610/Documents/_vim/_rc/pac/helptab.vim
052.431  000.315  000.315: sourcing /private/var/mobile/Containers/Data/Application/BAD637A8-1953-482A-8E48-87141BC27610/Documents/_vim/_rc/pac/indentLine.vim
052.859  000.291  000.291: sourcing /private/var/mobile/Containers/Data/Application/BAD637A8-1953-482A-8E48-87141BC27610/Documents/_vim/_rc/pac/lightline.vim
053.334  000.336  000.336: sourcing /private/var/mobile/Containers/Data/Application/BAD637A8-1953-482A-8E48-87141BC27610/Documents/_vim/_rc/pac/limelight.vim
053.814  000.344  000.344: sourcing /private/var/mobile/Containers/Data/Application/BAD637A8-1953-482A-8E48-87141BC27610/Documents/_vim/_rc/pac/neocomplete.vim
054.373  000.424  000.424: sourcing /private/var/mobile/Containers/Data/Application/BAD637A8-1953-482A-8E48-87141BC27610/Documents/_vim/_rc/pac/nerdtree.vim
054.726  000.215  000.215: sourcing /private/var/mobile/Containers/Data/Application/BAD637A8-1953-482A-8E48-87141BC27610/Documents/_vim/_rc/pac/openbrowser.vim
054.890  000.029  000.029: sourcing /private/var/mobile/Containers/Data/Application/BAD637A8-1953-482A-8E48-87141BC27610/Documents/_vim/_rc/pac/python-mode.vim
055.028  000.028  000.028: sourcing /private/var/mobile/Containers/Data/Application/BAD637A8-1953-482A-8E48-87141BC27610/Documents/_vim/_rc/pac/rainbow.vim
055.415  000.280  000.280: sourcing /private/var/mobile/Containers/Data/Application/BAD637A8-1953-482A-8E48-87141BC27610/Documents/_vim/_rc/pac/tagbar.vim
055.867  000.305  000.305: sourcing /private/var/mobile/Containers/Data/Application/BAD637A8-1953-482A-8E48-87141BC27610/Documents/_vim/_rc/pac/ultisnips.vim
056.256  000.254  000.254: sourcing /private/var/mobile/Containers/Data/Application/BAD637A8-1953-482A-8E48-87141BC27610/Documents/_vim/_rc/pac/unicode.vim
056.547  000.155  000.155: sourcing /private/var/mobile/Containers/Data/Application/BAD637A8-1953-482A-8E48-87141BC27610/Documents/_vim/_rc/pac/vim-gutentags.vim
057.332  000.648  000.648: sourcing /private/var/mobile/Containers/Data/Application/BAD637A8-1953-482A-8E48-87141BC27610/Documents/_vim/_rc/pac/vim-markdown.vim
057.741  000.273  000.273: sourcing /private/var/mobile/Containers/Data/Application/BAD637A8-1953-482A-8E48-87141BC27610/Documents/_vim/_rc/pac/vim-mundo.vim
058.197  000.321  000.321: sourcing /private/var/mobile/Containers/Data/Application/BAD637A8-1953-482A-8E48-87141BC27610/Documents/_vim/_rc/pac/vim-repl.vim
058.366  000.034  000.034: sourcing /private/var/mobile/Containers/Data/Application/BAD637A8-1953-482A-8E48-87141BC27610/Documents/_vim/_rc/pac/vim-slime.vim
058.842  000.364  000.364: sourcing /private/var/mobile/Containers/Data/Application/BAD637A8-1953-482A-8E48-87141BC27610/Documents/_vim/_rc/pac/vim-which-key.vim
058.865  019.523  014.540: sourcing /private/var/mobile/Containers/Data/Application/BAD637A8-1953-482A-8E48-87141BC27610/Documents/_vim/_rc/pac.vim
058.874  036.624  000.985: sourcing $HOME/.vimrc
058.877  001.195: sourcing vimrc file(s)
097.228  000.330  000.330: sourcing /private/var/containers/Bundle/Application/EAEEFF97-571A-4CBB-8641-20E203B29FF0/iVim.app/runtime/plugin/getscriptPlugin.vim
097.689  000.353  000.353: sourcing /private/var/containers/Bundle/Application/EAEEFF97-571A-4CBB-8641-20E203B29FF0/iVim.app/runtime/plugin/gzip.vim
098.241  000.448  000.448: sourcing /private/var/containers/Bundle/Application/EAEEFF97-571A-4CBB-8641-20E203B29FF0/iVim.app/runtime/plugin/logiPat.vim
098.565  000.189  000.189: sourcing /private/var/containers/Bundle/Application/EAEEFF97-571A-4CBB-8641-20E203B29FF0/iVim.app/runtime/plugin/manpager.vim
099.138  000.466  000.466: sourcing /private/var/containers/Bundle/Application/EAEEFF97-571A-4CBB-8641-20E203B29FF0/iVim.app/runtime/plugin/matchparen.vim
099.894  000.653  000.653: sourcing /private/var/containers/Bundle/Application/EAEEFF97-571A-4CBB-8641-20E203B29FF0/iVim.app/runtime/plugin/netrwPlugin.vim
100.310  000.278  000.278: sourcing /private/var/containers/Bundle/Application/EAEEFF97-571A-4CBB-8641-20E203B29FF0/iVim.app/runtime/plugin/rrhelper.vim
100.705  000.233  000.233: sourcing /private/var/containers/Bundle/Application/EAEEFF97-571A-4CBB-8641-20E203B29FF0/iVim.app/runtime/plugin/spellfile.vim
101.269  000.380  000.380: sourcing /private/var/containers/Bundle/Application/EAEEFF97-571A-4CBB-8641-20E203B29FF0/iVim.app/runtime/plugin/tarPlugin.vim
101.824  000.385  000.385: sourcing /private/var/containers/Bundle/Application/EAEEFF97-571A-4CBB-8641-20E203B29FF0/iVim.app/runtime/plugin/tohtml.vim
102.352  000.360  000.360: sourcing /private/var/containers/Bundle/Application/EAEEFF97-571A-4CBB-8641-20E203B29FF0/iVim.app/runtime/plugin/vimballPlugin.vim
103.027  000.459  000.459: sourcing /private/var/containers/Bundle/Application/EAEEFF97-571A-4CBB-8641-20E203B29FF0/iVim.app/runtime/plugin/zipPlugin.vim
103.037  039.626: loading plugins
108.392  000.451  000.451: sourcing /private/var/mobile/Containers/Data/Application/BAD637A8-1953-482A-8E48-87141BC27610/Documents/.vim/pack/ivim/start/Colorizer/plugin/ColorizerPlugin.vim
120.626  000.507  000.507: sourcing /private/var/mobile/Containers/Data/Application/BAD637A8-1953-482A-8E48-87141BC27610/Documents/.vim/pack/ivim/start/ctrlp.vim/autoload/ctrlp/mrufiles.vim
120.775  011.382  010.875: sourcing /private/var/mobile/Containers/Data/Application/BAD637A8-1953-482A-8E48-87141BC27610/Documents/.vim/pack/ivim/start/ctrlp.vim/plugin/ctrlp.vim
121.856  000.307  000.307: sourcing /private/var/mobile/Containers/Data/Application/BAD637A8-1953-482A-8E48-87141BC27610/Documents/.vim/pack/ivim/start/fern.vim/plugin/fern.vim
122.661  000.320  000.320: sourcing /private/var/mobile/Containers/Data/Application/BAD637A8-1953-482A-8E48-87141BC27610/Documents/.vim/pack/ivim/start/goyo.vim/plugin/goyo.vim
123.772  000.321  000.321: sourcing /private/var/mobile/Containers/Data/Application/BAD637A8-1953-482A-8E48-87141BC27610/Documents/.vim/pack/ivim/start/helptab.vim/plugin/helptab.vim
124.959  000.550  000.550: sourcing /private/var/mobile/Containers/Data/Application/BAD637A8-1953-482A-8E48-87141BC27610/Documents/.vim/pack/ivim/start/hiPairs/plugin/hiPairs.vim
126.208  000.358  000.358: sourcing /private/var/mobile/Containers/Data/Application/BAD637A8-1953-482A-8E48-87141BC27610/Documents/.vim/pack/ivim/start/lightline.vim/plugin/lightline.vim
126.983  000.305  000.305: sourcing /private/var/mobile/Containers/Data/Application/BAD637A8-1953-482A-8E48-87141BC27610/Documents/.vim/pack/ivim/start/limelight.vim/plugin/limelight.vim
128.650  000.308  000.308: sourcing /private/var/mobile/Containers/Data/Application/BAD637A8-1953-482A-8E48-87141BC27610/Documents/.vim/pack/ivim/start/neocomplete/plugin/neocomplete/buffer.vim
129.047  000.215  000.215: sourcing /private/var/mobile/Containers/Data/Application/BAD637A8-1953-482A-8E48-87141BC27610/Documents/.vim/pack/ivim/start/neocomplete/plugin/neocomplete/dictionary.vim
129.422  000.224  000.224: sourcing /private/var/mobile/Containers/Data/Application/BAD637A8-1953-482A-8E48-87141BC27610/Documents/.vim/pack/ivim/start/neocomplete/plugin/neocomplete/member.vim
129.923  000.298  000.298: sourcing /private/var/mobile/Containers/Data/Application/BAD637A8-1953-482A-8E48-87141BC27610/Documents/.vim/pack/ivim/start/neocomplete/plugin/neocomplete/tag.vim
130.382  000.282  000.282: sourcing /private/var/mobile/Containers/Data/Application/BAD637A8-1953-482A-8E48-87141BC27610/Documents/.vim/pack/ivim/start/neocomplete/plugin/neocomplete.vim
131.474  000.276  000.276: sourcing /private/var/mobile/Containers/Data/Application/BAD637A8-1953-482A-8E48-87141BC27610/Documents/.vim/pack/ivim/start/neoformat/plugin/neoformat.vim
137.247  005.301  005.301: sourcing /private/var/mobile/Containers/Data/Application/BAD637A8-1953-482A-8E48-87141BC27610/Documents/.vim/pack/ivim/start/nerdcommenter/plugin/NERD_commenter.vim
140.991  000.739  000.739: sourcing /private/var/mobile/Containers/Data/Application/BAD637A8-1953-482A-8E48-87141BC27610/Documents/.vim/pack/ivim/start/nerdtree/autoload/nerdtree.vim
144.479  001.291  001.291: sourcing /private/var/mobile/Containers/Data/Application/BAD637A8-1953-482A-8E48-87141BC27610/Documents/.vim/pack/ivim/start/nerdtree/lib/nerdtree/path.vim
145.623  000.443  000.443: sourcing /private/var/mobile/Containers/Data/Application/BAD637A8-1953-482A-8E48-87141BC27610/Documents/.vim/pack/ivim/start/nerdtree/lib/nerdtree/menu_controller.vim
146.642  000.309  000.309: sourcing /private/var/mobile/Containers/Data/Application/BAD637A8-1953-482A-8E48-87141BC27610/Documents/.vim/pack/ivim/start/nerdtree/lib/nerdtree/menu_item.vim
147.673  000.347  000.347: sourcing /private/var/mobile/Containers/Data/Application/BAD637A8-1953-482A-8E48-87141BC27610/Documents/.vim/pack/ivim/start/nerdtree/lib/nerdtree/key_map.vim
148.938  000.579  000.579: sourcing /private/var/mobile/Containers/Data/Application/BAD637A8-1953-482A-8E48-87141BC27610/Documents/.vim/pack/ivim/start/nerdtree/lib/nerdtree/bookmark.vim
150.188  000.551  000.551: sourcing /private/var/mobile/Containers/Data/Application/BAD637A8-1953-482A-8E48-87141BC27610/Documents/.vim/pack/ivim/start/nerdtree/lib/nerdtree/tree_file_node.vim
151.842  000.961  000.961: sourcing /private/var/mobile/Containers/Data/Application/BAD637A8-1953-482A-8E48-87141BC27610/Documents/.vim/pack/ivim/start/nerdtree/lib/nerdtree/tree_dir_node.vim
153.052  000.518  000.518: sourcing /private/var/mobile/Containers/Data/Application/BAD637A8-1953-482A-8E48-87141BC27610/Documents/.vim/pack/ivim/start/nerdtree/lib/nerdtree/opener.vim
154.338  000.580  000.580: sourcing /private/var/mobile/Containers/Data/Application/BAD637A8-1953-482A-8E48-87141BC27610/Documents/.vim/pack/ivim/start/nerdtree/lib/nerdtree/creator.vim
155.463  000.292  000.292: sourcing /private/var/mobile/Containers/Data/Application/BAD637A8-1953-482A-8E48-87141BC27610/Documents/.vim/pack/ivim/start/nerdtree/lib/nerdtree/flag_set.vim
156.648  000.441  000.441: sourcing /private/var/mobile/Containers/Data/Application/BAD637A8-1953-482A-8E48-87141BC27610/Documents/.vim/pack/ivim/start/nerdtree/lib/nerdtree/nerdtree.vim
158.308  000.952  000.952: sourcing /private/var/mobile/Containers/Data/Application/BAD637A8-1953-482A-8E48-87141BC27610/Documents/.vim/pack/ivim/start/nerdtree/lib/nerdtree/ui.vim
159.327  000.266  000.266: sourcing /private/var/mobile/Containers/Data/Application/BAD637A8-1953-482A-8E48-87141BC27610/Documents/.vim/pack/ivim/start/nerdtree/lib/nerdtree/event.vim
160.333  000.287  000.287: sourcing /private/var/mobile/Containers/Data/Application/BAD637A8-1953-482A-8E48-87141BC27610/Documents/.vim/pack/ivim/start/nerdtree/lib/nerdtree/notifier.vim
162.370  001.072  001.072: sourcing /private/var/mobile/Containers/Data/Application/BAD637A8-1953-482A-8E48-87141BC27610/Documents/.vim/pack/ivim/start/nerdtree/autoload/nerdtree/ui_glue.vim
166.819  000.457  000.457: sourcing /private/var/mobile/Containers/Data/Application/BAD637A8-1953-482A-8E48-87141BC27610/Documents/.vim/pack/ivim/start/nerdtree/nerdtree_plugin/exec_menuitem.vim
169.842  002.823  002.823: sourcing /private/var/mobile/Containers/Data/Application/BAD637A8-1953-482A-8E48-87141BC27610/Documents/.vim/pack/ivim/start/nerdtree/nerdtree_plugin/fs_menu.vim
170.362  000.273  000.273: sourcing /private/var/mobile/Containers/Data/Application/BAD637A8-1953-482A-8E48-87141BC27610/Documents/.vim/pack/ivim/start/nerdtree/nerdtree_plugin/vcs.vim
171.082  032.939  019.758: sourcing /private/var/mobile/Containers/Data/Application/BAD637A8-1953-482A-8E48-87141BC27610/Documents/.vim/pack/ivim/start/nerdtree/plugin/NERD_tree.vim
172.610  000.555  000.555: sourcing /private/var/mobile/Containers/Data/Application/BAD637A8-1953-482A-8E48-87141BC27610/Documents/.vim/pack/ivim/start/open-browser.vim/plugin/openbrowser.vim
175.285  000.423  000.423: sourcing /private/var/mobile/Containers/Data/Application/BAD637A8-1953-482A-8E48-87141BC27610/Documents/.vim/pack/ivim/start/python-mode/autoload/pymode.vim
176.367  000.048  000.048: sourcing /private/var/containers/Bundle/Application/EAEEFF97-571A-4CBB-8641-20E203B29FF0/iVim.app/runtime/filetype.vim
177.368  000.043  000.043: sourcing /private/var/containers/Bundle/Application/EAEEFF97-571A-4CBB-8641-20E203B29FF0/iVim.app/runtime/ftplugin.vim
353.536  000.349  000.349: sourcing /private/var/containers/Bundle/Application/EAEEFF97-571A-4CBB-8641-20E203B29FF0/iVim.app/runtime/filetype.vim
354.675  000.304  000.304: sourcing /private/var/containers/Bundle/Application/EAEEFF97-571A-4CBB-8641-20E203B29FF0/iVim.app/runtime/ftplugin.vim
354.836  181.215  180.048: sourcing /private/var/mobile/Containers/Data/Application/BAD637A8-1953-482A-8E48-87141BC27610/Documents/.vim/pack/ivim/start/python-mode/plugin/pymode.vim
355.973  000.328  000.328: sourcing /private/var/mobile/Containers/Data/Application/BAD637A8-1953-482A-8E48-87141BC27610/Documents/.vim/pack/ivim/start/rainbow/plugin/rainbow_main.vim
358.019  001.265  001.265: sourcing /private/var/mobile/Containers/Data/Application/BAD637A8-1953-482A-8E48-87141BC27610/Documents/.vim/pack/ivim/start/tagbar/plugin/tagbar.vim
360.654  000.415  000.415: sourcing /private/var/mobile/Containers/Data/Application/BAD637A8-1953-482A-8E48-87141BC27610/Documents/.vim/pack/ivim/start/ultisnips/autoload/UltiSnips/map_keys.vim
360.756  001.793  001.378: sourcing /private/var/mobile/Containers/Data/Application/BAD637A8-1953-482A-8E48-87141BC27610/Documents/.vim/pack/ivim/start/ultisnips/plugin/UltiSnips.vim
361.444  000.330  000.330: sourcing /private/var/mobile/Containers/Data/Application/BAD637A8-1953-482A-8E48-87141BC27610/Documents/.vim/pack/ivim/start/ultisnips/ftdetect/snippets.vim
362.577  000.648  000.648: sourcing /private/var/mobile/Containers/Data/Application/BAD637A8-1953-482A-8E48-87141BC27610/Documents/.vim/pack/ivim/start/unicode.vim/plugin/unicode.vim
363.210  000.275  000.275: sourcing /private/var/mobile/Containers/Data/Application/BAD637A8-1953-482A-8E48-87141BC27610/Documents/.vim/pack/ivim/start/unicode.vim/ftdetect/unicode.vim
364.265  000.517  000.517: sourcing /private/var/mobile/Containers/Data/Application/BAD637A8-1953-482A-8E48-87141BC27610/Documents/.vim/pack/ivim/start/vim-easy-align/plugin/easy_align.vim
370.010  005.221  005.221: sourcing /private/var/mobile/Containers/Data/Application/BAD637A8-1953-482A-8E48-87141BC27610/Documents/.vim/pack/ivim/start/vim-easymotion/plugin/EasyMotion.vim
370.924  000.412  000.412: sourcing /private/var/mobile/Containers/Data/Application/BAD637A8-1953-482A-8E48-87141BC27610/Documents/.vim/pack/ivim/start/vim-easymotion-chs/plugin/setup.vim
373.923  002.195  002.195: sourcing /private/var/mobile/Containers/Data/Application/BAD637A8-1953-482A-8E48-87141BC27610/Documents/.vim/pack/ivim/start/vim-fugitive/plugin/fugitive.vim
374.677  000.341  000.341: sourcing /private/var/mobile/Containers/Data/Application/BAD637A8-1953-482A-8E48-87141BC27610/Documents/.vim/pack/ivim/start/vim-fugitive/ftdetect/fugitive.vim
375.530  000.349  000.349: sourcing /private/var/mobile/Containers/Data/Application/BAD637A8-1953-482A-8E48-87141BC27610/Documents/.vim/pack/ivim/start/vim-grep/plugin/grep.vim
377.002  000.597  000.597: sourcing /private/var/mobile/Containers/Data/Application/BAD637A8-1953-482A-8E48-87141BC27610/Documents/.vim/pack/ivim/start/vim-gutentags/plugin/gutentags.vim
378.028  000.480  000.480: sourcing /private/var/mobile/Containers/Data/Application/BAD637A8-1953-482A-8E48-87141BC27610/Documents/.vim/pack/ivim/start/vim-illuminate/plugin/illuminate.vim
379.509  000.407  000.407: sourcing /private/var/mobile/Containers/Data/Application/BAD637A8-1953-482A-8E48-87141BC27610/Documents/.vim/pack/ivim/start/vim-markdown/ftdetect/markdown.vim
382.103  000.447  000.447: sourcing /private/var/mobile/Containers/Data/Application/BAD637A8-1953-482A-8E48-87141BC27610/Documents/.vim/pack/ivim/start/vim-mundo/autoload/mundo/util.vim
382.452  001.783  001.336: sourcing /private/var/mobile/Containers/Data/Application/BAD637A8-1953-482A-8E48-87141BC27610/Documents/.vim/pack/ivim/start/vim-mundo/plugin/mundo.vim
383.752  000.508  000.508: sourcing /private/var/mobile/Containers/Data/Application/BAD637A8-1953-482A-8E48-87141BC27610/Documents/.vim/pack/ivim/start/vim-pandoc/plugin/pandoc.vim
384.985  000.385  000.385: sourcing /private/var/mobile/Containers/Data/Application/BAD637A8-1953-482A-8E48-87141BC27610/Documents/.vim/pack/ivim/start/vim-pandoc/ftdetect/pandoc.vim
385.866  000.332  000.332: sourcing /private/var/mobile/Containers/Data/Application/BAD637A8-1953-482A-8E48-87141BC27610/Documents/.vim/pack/ivim/start/vim-pandoc-syntax/plugin/pandoc-syntax-check.vim
576.965  190.549  190.549: sourcing /private/var/mobile/Containers/Data/Application/BAD637A8-1953-482A-8E48-87141BC27610/Documents/.vim/pack/ivim/start/vim-plist/plugin/plist.vim
577.640  000.313  000.313: sourcing /private/var/mobile/Containers/Data/Application/BAD637A8-1953-482A-8E48-87141BC27610/Documents/.vim/pack/ivim/start/vim-plist/ftdetect/plist.vim
578.767  000.361  000.361: sourcing /private/var/mobile/Containers/Data/Application/BAD637A8-1953-482A-8E48-87141BC27610/Documents/.vim/pack/ivim/start/vim-redir-output/plugin/redir-output.vim
580.322  000.568  000.568: sourcing /private/var/mobile/Containers/Data/Application/BAD637A8-1953-482A-8E48-87141BC27610/Documents/.vim/pack/ivim/start/vim-repl/plugin/default.vim
580.805  000.331  000.331: sourcing /private/var/mobile/Containers/Data/Application/BAD637A8-1953-482A-8E48-87141BC27610/Documents/.vim/pack/ivim/start/vim-repl/plugin/vim-repl.vim
581.619  000.413  000.413: sourcing /private/var/mobile/Containers/Data/Application/BAD637A8-1953-482A-8E48-87141BC27610/Documents/.vim/pack/ivim/start/vim-slime/plugin/slime.vim
582.348  000.322  000.322: sourcing /private/var/mobile/Containers/Data/Application/BAD637A8-1953-482A-8E48-87141BC27610/Documents/.vim/pack/ivim/start/vim-snippets/plugin/vimsnippets.vim
583.840  000.890  000.890: sourcing /private/var/mobile/Containers/Data/Application/BAD637A8-1953-482A-8E48-87141BC27610/Documents/.vim/pack/ivim/start/vim-surround/plugin/surround.vim
589.907  005.564  005.564: sourcing /private/var/mobile/Containers/Data/Application/BAD637A8-1953-482A-8E48-87141BC27610/Documents/.vim/pack/ivim/start/vim-unimpaired/plugin/unimpaired.vim
591.382  000.810  000.810: sourcing /private/var/mobile/Containers/Data/Application/BAD637A8-1953-482A-8E48-87141BC27610/Documents/.vim/pack/ivim/start/vim-vinegar/plugin/vinegar.vim
593.983  000.778  000.778: sourcing /private/var/mobile/Containers/Data/Application/BAD637A8-1953-482A-8E48-87141BC27610/Documents/.vim/pack/ivim/start/vim-visual-multi/autoload/vm/plugs.vim
595.150  000.629  000.629: sourcing /private/var/mobile/Containers/Data/Application/BAD637A8-1953-482A-8E48-87141BC27610/Documents/.vim/pack/ivim/start/vim-visual-multi/autoload/vm/maps.vim
595.947  000.503  000.503: sourcing /private/var/mobile/Containers/Data/Application/BAD637A8-1953-482A-8E48-87141BC27610/Documents/.vim/pack/ivim/start/vim-visual-multi/autoload/vm/maps/all.vim
596.949  004.822  002.912: sourcing /private/var/mobile/Containers/Data/Application/BAD637A8-1953-482A-8E48-87141BC27610/Documents/.vim/pack/ivim/start/vim-visual-multi/plugin/visual-multi.vim
597.723  000.397  000.397: sourcing /private/var/mobile/Containers/Data/Application/BAD637A8-1953-482A-8E48-87141BC27610/Documents/.vim/pack/ivim/start/vim-which-key/plugin/which_key.vim
598.574  000.480  000.480: sourcing /private/var/mobile/Containers/Data/Application/BAD637A8-1953-482A-8E48-87141BC27610/Documents/.vim/pack/ivim/start/vim-yoink/plugin/yoink.vim
599.662  000.308  000.308: sourcing /private/var/mobile/Containers/Data/Application/BAD637A8-1953-482A-8E48-87141BC27610/Documents/.vim/pack/ivim/start/vimcdoc/plugin/vimcdoc.vim
599.925  036.987: loading packages
600.790  000.428  000.428: sourcing /private/var/mobile/Containers/Data/Application/BAD637A8-1953-482A-8E48-87141BC27610/Documents/.vim/pack/ivim/start/ultisnips/after/plugin/UltiSnips_after.vim
602.145  000.988  000.988: sourcing /private/var/mobile/Containers/Data/Application/BAD637A8-1953-482A-8E48-87141BC27610/Documents/.vim/pack/ivim/start/indentLine/after/plugin/indentLine.vim
602.185  000.844: loading after plugins
602.190  000.005: inits 3
603.846  001.478  001.478: sourcing $VIMRUNTIME/menu.vim
607.258  003.590: starting GUI
608.163  000.905: reading viminfo
608.169  000.006: GUI delay
608.170  000.001: setting raw mode
608.171  000.001: start termcap
608.175  000.004: clearing screen
608.357  000.182: opening buffers
610.677  001.363  001.363: sourcing /private/var/mobile/Containers/Data/Application/BAD637A8-1953-482A-8E48-87141BC27610/Documents/.vim/pack/ivim/start/lightline.vim/autoload/lightline.vim
612.314  000.450  000.450: sourcing /private/var/mobile/Containers/Data/Application/BAD637A8-1953-482A-8E48-87141BC27610/Documents/.vim/pack/ivim/start/lightline.vim/autoload/lightline/tab.vim
614.436  000.611  000.611: sourcing /private/var/mobile/Containers/Data/Application/BAD637A8-1953-482A-8E48-87141BC27610/Documents/.vim/pack/ivim/start/lightline.vim/autoload/lightline/colorscheme.vim
614.840  001.895  001.284: sourcing /private/var/mobile/Containers/Data/Application/BAD637A8-1953-482A-8E48-87141BC27610/Documents/.vim/pack/ivim/start/lightline.vim/autoload/lightline/colorscheme/wombat.vim
616.951  004.886: BufEnter autocommands
616.954  000.003: editing files in windows
619.592  001.750  001.750: sourcing /private/var/mobile/Containers/Data/Application/BAD637A8-1953-482A-8E48-87141BC27610/Documents/.vim/pack/ivim/start/vim-gutentags/autoload/gutentags.vim
622.505  002.612  002.612: sourcing /private/var/mobile/Containers/Data/Application/BAD637A8-1953-482A-8E48-87141BC27610/Documents/.vim/pack/ivim/start/vim-yoink/autoload/yoink.vim
622.657  001.341: VimEnter autocommands
622.658  000.001: before starting main loop
623.783  000.445  000.445: sourcing /private/var/mobile/Containers/Data/Application/BAD637A8-1953-482A-8E48-87141BC27610/Documents/.vim/pack/ivim/start/vim-illuminate/autoload/illuminate.vim
637.847  014.744: first screen update
637.850  000.003: --- VIM STARTED ---
