

times in msec
 clock   self+sourced   self:  sourced script
 clock   elapsed:              other lines

000.003  000.003: --- VIM STARTING ---
000.063  000.060: Allocated generic buffers
000.064  000.001: GUI prepared
000.065  000.001: clipboard setup
000.068  000.003: window checked
000.317  000.249: inits 1
000.321  000.004: parsing arguments
000.321  000.000: expanding arguments
000.332  000.011: shell init
000.354  000.022: inits 2
000.464  000.110: init highlight
006.179  001.704  001.704: sourcing /private/var/containers/Bundle/Application/76D344F8-263C-4B2C-A0CD-FE55308DDA68/iVim.app/runtime/syntax/syncolor.vim
006.431  002.547  000.843: sourcing /private/var/containers/Bundle/Application/76D344F8-263C-4B2C-A0CD-FE55308DDA68/iVim.app/runtime/syntax/synload.vim
013.697  000.207  000.207: sourcing /private/var/containers/Bundle/Application/76D344F8-263C-4B2C-A0CD-FE55308DDA68/iVim.app/runtime/autoload/paste.vim
015.327  003.144  002.937: sourcing /private/var/containers/Bundle/Application/76D344F8-263C-4B2C-A0CD-FE55308DDA68/iVim.app/runtime/menu.vim
015.349  008.192  005.048: sourcing /private/var/containers/Bundle/Application/76D344F8-263C-4B2C-A0CD-FE55308DDA68/iVim.app/runtime/filetype.vim
015.409  012.008  001.269: sourcing /private/var/containers/Bundle/Application/76D344F8-263C-4B2C-A0CD-FE55308DDA68/iVim.app/runtime/syntax/syntax.vim
015.629  000.027  000.027: sourcing /private/var/containers/Bundle/Application/76D344F8-263C-4B2C-A0CD-FE55308DDA68/iVim.app/runtime/filetype.vim
016.690  000.314  000.314: sourcing /private/var/containers/Bundle/Application/76D344F8-263C-4B2C-A0CD-FE55308DDA68/iVim.app/runtime/ftplugin.vim
017.521  000.234  000.234: sourcing /private/var/containers/Bundle/Application/76D344F8-263C-4B2C-A0CD-FE55308DDA68/iVim.app/runtime/indent.vim
017.590  016.740  004.157: sourcing $VIM/vimrc
018.445  000.358  000.358: sourcing $VIMRUNTIME/macmap.vim
041.472  000.164  000.164: sourcing /private/var/containers/Bundle/Application/76D344F8-263C-4B2C-A0CD-FE55308DDA68/iVim.app/runtime/syntax/syncolor.vim
042.603  000.421  000.421: sourcing /private/var/containers/Bundle/Application/76D344F8-263C-4B2C-A0CD-FE55308DDA68/iVim.app/runtime/syntax/nosyntax.vim
043.187  000.123  000.123: sourcing /private/var/containers/Bundle/Application/76D344F8-263C-4B2C-A0CD-FE55308DDA68/iVim.app/runtime/syntax/syncolor.vim
043.289  000.404  000.281: sourcing /private/var/containers/Bundle/Application/76D344F8-263C-4B2C-A0CD-FE55308DDA68/iVim.app/runtime/syntax/synload.vim
043.309  000.590  000.186: sourcing /private/var/containers/Bundle/Application/76D344F8-263C-4B2C-A0CD-FE55308DDA68/iVim.app/runtime/syntax/syntax.vim
043.471  000.025  000.025: sourcing /private/var/containers/Bundle/Application/76D344F8-263C-4B2C-A0CD-FE55308DDA68/iVim.app/runtime/filetype.vim
043.643  000.025  000.025: sourcing /private/var/containers/Bundle/Application/76D344F8-263C-4B2C-A0CD-FE55308DDA68/iVim.app/runtime/filetype.vim
043.834  000.027  000.027: sourcing /private/var/containers/Bundle/Application/76D344F8-263C-4B2C-A0CD-FE55308DDA68/iVim.app/runtime/indent.vim
044.013  000.023  000.023: sourcing /private/var/containers/Bundle/Application/76D344F8-263C-4B2C-A0CD-FE55308DDA68/iVim.app/runtime/filetype.vim
044.179  000.022  000.022: sourcing /private/var/containers/Bundle/Application/76D344F8-263C-4B2C-A0CD-FE55308DDA68/iVim.app/runtime/ftplugin.vim
044.343  000.022  000.022: sourcing /private/var/containers/Bundle/Application/76D344F8-263C-4B2C-A0CD-FE55308DDA68/iVim.app/runtime/filetype.vim
044.508  000.020  000.020: sourcing /private/var/containers/Bundle/Application/76D344F8-263C-4B2C-A0CD-FE55308DDA68/iVim.app/runtime/ftplugin.vim
044.671  000.021  000.021: sourcing /private/var/containers/Bundle/Application/76D344F8-263C-4B2C-A0CD-FE55308DDA68/iVim.app/runtime/indent.vim
050.181  030.927  029.567: sourcing /private/var/mobile/Containers/Data/Application/EFEEF93A-2AA6-4B6B-83D1-DD8971FF3349/Documents/.vim/_rc/basic.vim
063.645  000.355  000.355: sourcing /private/var/mobile/Containers/Data/Application/EFEEF93A-2AA6-4B6B-83D1-DD8971FF3349/Documents/.vim/pack/__Dev_Python__/start/python-mode/autoload/pymode.vim
064.200  000.028  000.028: sourcing /private/var/containers/Bundle/Application/76D344F8-263C-4B2C-A0CD-FE55308DDA68/iVim.app/runtime/filetype.vim
064.405  000.023  000.023: sourcing /private/var/containers/Bundle/Application/76D344F8-263C-4B2C-A0CD-FE55308DDA68/iVim.app/runtime/ftplugin.vim
205.206  000.030  000.030: sourcing /private/var/containers/Bundle/Application/76D344F8-263C-4B2C-A0CD-FE55308DDA68/iVim.app/runtime/filetype.vim
205.689  000.270  000.270: sourcing /private/var/containers/Bundle/Application/76D344F8-263C-4B2C-A0CD-FE55308DDA68/iVim.app/runtime/ftplugin.vim
205.787  143.261  142.555: sourcing /private/var/mobile/Containers/Data/Application/EFEEF93A-2AA6-4B6B-83D1-DD8971FF3349/Documents/_vim/pack/__Dev_Python__/start/python-mode/plugin/pymode.vim
211.770  161.399  018.138: sourcing /private/var/mobile/Containers/Data/Application/EFEEF93A-2AA6-4B6B-83D1-DD8971FF3349/Documents/.vim/_rc/pac.vim
211.779  193.147  000.821: sourcing $HOME/.vimrc
211.782  001.073: sourcing vimrc file(s)
309.804  000.297  000.297: sourcing /private/var/containers/Bundle/Application/76D344F8-263C-4B2C-A0CD-FE55308DDA68/iVim.app/runtime/filetype.vim
311.639  000.026  000.026: sourcing /private/var/containers/Bundle/Application/76D344F8-263C-4B2C-A0CD-FE55308DDA68/iVim.app/runtime/ftplugin.vim
313.442  000.024  000.024: sourcing /private/var/containers/Bundle/Application/76D344F8-263C-4B2C-A0CD-FE55308DDA68/iVim.app/runtime/filetype.vim
314.730  000.023  000.023: sourcing /private/var/containers/Bundle/Application/76D344F8-263C-4B2C-A0CD-FE55308DDA68/iVim.app/runtime/ftplugin.vim
314.881  007.645  007.275: sourcing /private/var/mobile/Containers/Data/Application/EFEEF93A-2AA6-4B6B-83D1-DD8971FF3349/Documents/.vim/pack/__Dev_Python__/start/python-mode/plugin/pymode.vim
317.585  000.482  000.482: sourcing /private/var/containers/Bundle/Application/76D344F8-263C-4B2C-A0CD-FE55308DDA68/iVim.app/runtime/plugin/getscriptPlugin.vim
318.227  000.542  000.542: sourcing /private/var/containers/Bundle/Application/76D344F8-263C-4B2C-A0CD-FE55308DDA68/iVim.app/runtime/plugin/gzip.vim
318.762  000.439  000.439: sourcing /private/var/containers/Bundle/Application/76D344F8-263C-4B2C-A0CD-FE55308DDA68/iVim.app/runtime/plugin/logiPat.vim
319.061  000.204  000.204: sourcing /private/var/containers/Bundle/Application/76D344F8-263C-4B2C-A0CD-FE55308DDA68/iVim.app/runtime/plugin/manpager.vim
319.492  000.334  000.334: sourcing /private/var/containers/Bundle/Application/76D344F8-263C-4B2C-A0CD-FE55308DDA68/iVim.app/runtime/plugin/matchparen.vim
320.114  000.527  000.527: sourcing /private/var/containers/Bundle/Application/76D344F8-263C-4B2C-A0CD-FE55308DDA68/iVim.app/runtime/plugin/netrwPlugin.vim
320.539  000.287  000.287: sourcing /private/var/containers/Bundle/Application/76D344F8-263C-4B2C-A0CD-FE55308DDA68/iVim.app/runtime/plugin/rrhelper.vim
320.869  000.188  000.188: sourcing /private/var/containers/Bundle/Application/76D344F8-263C-4B2C-A0CD-FE55308DDA68/iVim.app/runtime/plugin/spellfile.vim
321.311  000.301  000.301: sourcing /private/var/containers/Bundle/Application/76D344F8-263C-4B2C-A0CD-FE55308DDA68/iVim.app/runtime/plugin/tarPlugin.vim
321.784  000.334  000.334: sourcing /private/var/containers/Bundle/Application/76D344F8-263C-4B2C-A0CD-FE55308DDA68/iVim.app/runtime/plugin/tohtml.vim
322.309  000.383  000.383: sourcing /private/var/containers/Bundle/Application/76D344F8-263C-4B2C-A0CD-FE55308DDA68/iVim.app/runtime/plugin/vimballPlugin.vim
322.833  000.354  000.354: sourcing /private/var/containers/Bundle/Application/76D344F8-263C-4B2C-A0CD-FE55308DDA68/iVim.app/runtime/plugin/zipPlugin.vim
322.841  099.039: loading plugins
332.962  000.422  000.422: sourcing /private/var/mobile/Containers/Data/Application/EFEEF93A-2AA6-4B6B-83D1-DD8971FF3349/Documents/_vim/pack/complete-framework/start/neocomplete.vim/plugin/neocomplete/buffer.vim
333.505  000.371  000.371: sourcing /private/var/mobile/Containers/Data/Application/EFEEF93A-2AA6-4B6B-83D1-DD8971FF3349/Documents/_vim/pack/complete-framework/start/neocomplete.vim/plugin/neocomplete/dictionary.vim
334.082  000.365  000.365: sourcing /private/var/mobile/Containers/Data/Application/EFEEF93A-2AA6-4B6B-83D1-DD8971FF3349/Documents/_vim/pack/complete-framework/start/neocomplete.vim/plugin/neocomplete/member.vim
334.584  000.333  000.333: sourcing /private/var/mobile/Containers/Data/Application/EFEEF93A-2AA6-4B6B-83D1-DD8971FF3349/Documents/_vim/pack/complete-framework/start/neocomplete.vim/plugin/neocomplete/tag.vim
335.113  000.362  000.362: sourcing /private/var/mobile/Containers/Data/Application/EFEEF93A-2AA6-4B6B-83D1-DD8971FF3349/Documents/_vim/pack/complete-framework/start/neocomplete.vim/plugin/neocomplete.vim
335.921  000.325  000.325: sourcing /private/var/mobile/Containers/Data/Application/EFEEF93A-2AA6-4B6B-83D1-DD8971FF3349/Documents/_vim/pack/complete-snippet&sources/start/neco-vim/plugin/necovim.vim
336.603  000.290  000.290: sourcing /private/var/mobile/Containers/Data/Application/EFEEF93A-2AA6-4B6B-83D1-DD8971FF3349/Documents/_vim/pack/complete-snippet&sources/start/neoinclude.vim/plugin/neoinclude.vim
338.267  000.876  000.876: sourcing /private/var/mobile/Containers/Data/Application/EFEEF93A-2AA6-4B6B-83D1-DD8971FF3349/Documents/_vim/pack/complete-snippet&sources/start/vim-snippets/plugin/vimsnippets.vim
357.673  000.398  000.398: sourcing /private/var/mobile/Containers/Data/Application/EFEEF93A-2AA6-4B6B-83D1-DD8971FF3349/Documents/.vim/pack/complete-snippets-engine/start/ultisnips/autoload/UltiSnips/map_keys.vim
357.812  018.825  018.427: sourcing /private/var/mobile/Containers/Data/Application/EFEEF93A-2AA6-4B6B-83D1-DD8971FF3349/Documents/_vim/pack/complete-snippets-engine/start/ultisnips/plugin/UltiSnips.vim
358.486  000.304  000.304: sourcing /private/var/mobile/Containers/Data/Application/EFEEF93A-2AA6-4B6B-83D1-DD8971FF3349/Documents/_vim/pack/complete-snippets-engine/start/ultisnips/ftdetect/snippets.vim
359.483  000.574  000.574: sourcing /private/var/mobile/Containers/Data/Application/EFEEF93A-2AA6-4B6B-83D1-DD8971FF3349/Documents/_vim/pack/misc/start/BufTimer/plugin/Buftimer.vim
360.290  000.384  000.384: sourcing /private/var/mobile/Containers/Data/Application/EFEEF93A-2AA6-4B6B-83D1-DD8971FF3349/Documents/_vim/pack/misc/start/devotion.vim/plugin/devotion.vim
361.638  000.865  000.865: sourcing /private/var/mobile/Containers/Data/Application/EFEEF93A-2AA6-4B6B-83D1-DD8971FF3349/Documents/_vim/pack/misc/start/DrawIt/plugin/cecutil.vim
362.114  000.322  000.322: sourcing /private/var/mobile/Containers/Data/Application/EFEEF93A-2AA6-4B6B-83D1-DD8971FF3349/Documents/_vim/pack/misc/start/DrawIt/plugin/DrawItPlugin.vim
363.155  000.482  000.482: sourcing /private/var/mobile/Containers/Data/Application/EFEEF93A-2AA6-4B6B-83D1-DD8971FF3349/Documents/_vim/pack/misc/start/mathmenu/plugin/cecutil.vim
363.640  000.331  000.331: sourcing /private/var/mobile/Containers/Data/Application/EFEEF93A-2AA6-4B6B-83D1-DD8971FF3349/Documents/_vim/pack/misc/start/mathmenu/plugin/mathmenuPlugin.vim
364.051  000.253  000.253: sourcing /private/var/mobile/Containers/Data/Application/EFEEF93A-2AA6-4B6B-83D1-DD8971FF3349/Documents/_vim/pack/misc/start/mathmenu/plugin/visPlugin.vim
367.531  000.615  000.615: sourcing /private/var/mobile/Containers/Data/Application/EFEEF93A-2AA6-4B6B-83D1-DD8971FF3349/Documents/_vim/pack/misc/start/swy-ivim/plugin/BetterLua.vim
368.188  000.452  000.452: sourcing /private/var/mobile/Containers/Data/Application/EFEEF93A-2AA6-4B6B-83D1-DD8971FF3349/Documents/_vim/pack/misc/start/swy-ivim/plugin/daynight.vim
368.959  000.562  000.562: sourcing /private/var/mobile/Containers/Data/Application/EFEEF93A-2AA6-4B6B-83D1-DD8971FF3349/Documents/_vim/pack/misc/start/swy-ivim/plugin/hexdec.vim
369.673  000.537  000.537: sourcing /private/var/mobile/Containers/Data/Application/EFEEF93A-2AA6-4B6B-83D1-DD8971FF3349/Documents/_vim/pack/misc/start/swy-ivim/plugin/interestingwords.vim
370.250  000.401  000.401: sourcing /private/var/mobile/Containers/Data/Application/EFEEF93A-2AA6-4B6B-83D1-DD8971FF3349/Documents/_vim/pack/misc/start/swy-ivim/plugin/regex.vim
370.761  000.294  000.294: sourcing /private/var/mobile/Containers/Data/Application/EFEEF93A-2AA6-4B6B-83D1-DD8971FF3349/Documents/_vim/pack/misc/start/swy-ivim/plugin/resources.vim
371.254  000.321  000.321: sourcing /private/var/mobile/Containers/Data/Application/EFEEF93A-2AA6-4B6B-83D1-DD8971FF3349/Documents/_vim/pack/misc/start/swy-ivim/plugin/uctags/uctags_globals.vim
371.671  000.232  000.232: sourcing /private/var/mobile/Containers/Data/Application/EFEEF93A-2AA6-4B6B-83D1-DD8971FF3349/Documents/_vim/pack/misc/start/swy-ivim/plugin/uctags/uctags_perl.vim
379.448  000.401  000.401: sourcing /private/var/mobile/Containers/Data/Application/EFEEF93A-2AA6-4B6B-83D1-DD8971FF3349/Documents/.vim/pack/misc/start/swy-ivim/plugin/uctags/uctags_globals.vim
380.808  000.109  000.109: sourcing /private/var/mobile/Containers/Data/Application/EFEEF93A-2AA6-4B6B-83D1-DD8971FF3349/Documents/.vim/pack/misc/start/swy-ivim/plugin/uctags/uctags_perl.vim
380.895  009.057  008.547: sourcing /private/var/mobile/Containers/Data/Application/EFEEF93A-2AA6-4B6B-83D1-DD8971FF3349/Documents/_vim/pack/misc/start/swy-ivim/plugin/vim_uctags.vim
381.691  000.511  000.511: sourcing /private/var/mobile/Containers/Data/Application/EFEEF93A-2AA6-4B6B-83D1-DD8971FF3349/Documents/_vim/pack/misc/start/swy-ivim/ftdetect/swift.vim
382.797  000.362  000.362: sourcing /private/var/mobile/Containers/Data/Application/EFEEF93A-2AA6-4B6B-83D1-DD8971FF3349/Documents/_vim/pack/misc/start/vim-carbon-now-sh/plugin/vim-carbon-now-sh.vim
385.981  000.917  000.917: sourcing /private/var/mobile/Containers/Data/Application/EFEEF93A-2AA6-4B6B-83D1-DD8971FF3349/Documents/.vim/pack/misc/start/vim-timetap/autoload/timetap.vim
387.500  004.339  003.422: sourcing /private/var/mobile/Containers/Data/Application/EFEEF93A-2AA6-4B6B-83D1-DD8971FF3349/Documents/_vim/pack/misc/start/vim-timetap/plugin/timetap.vim
388.181  000.302  000.302: sourcing /private/var/mobile/Containers/Data/Application/EFEEF93A-2AA6-4B6B-83D1-DD8971FF3349/Documents/_vim/pack/z_game/start/2048/plugin/2048.vim
388.748  000.304  000.304: sourcing /private/var/mobile/Containers/Data/Application/EFEEF93A-2AA6-4B6B-83D1-DD8971FF3349/Documents/_vim/pack/z_game/start/2048/ftdetect/2048.vim
389.386  000.280  000.280: sourcing /private/var/mobile/Containers/Data/Application/EFEEF93A-2AA6-4B6B-83D1-DD8971FF3349/Documents/_vim/pack/z_game/start/vim-gol/plugin/gol.vim
390.476  000.696  000.696: sourcing /private/var/mobile/Containers/Data/Application/EFEEF93A-2AA6-4B6B-83D1-DD8971FF3349/Documents/_vim/pack/z_game/start/vim-tetris/plugin/tetris.vim
391.516  000.584  000.584: sourcing /private/var/mobile/Containers/Data/Application/EFEEF93A-2AA6-4B6B-83D1-DD8971FF3349/Documents/_vim/pack/_Documentation_/start/vim-tldr/plugin/tldr.vim
392.540  000.405  000.405: sourcing /private/var/mobile/Containers/Data/Application/EFEEF93A-2AA6-4B6B-83D1-DD8971FF3349/Documents/_vim/pack/_hi&&sy&th_/start/Colorizer/plugin/ColorizerPlugin.vim
393.556  000.543  000.543: sourcing /private/var/mobile/Containers/Data/Application/EFEEF93A-2AA6-4B6B-83D1-DD8971FF3349/Documents/_vim/pack/_hi&&sy&th_/start/hiPairs/plugin/hiPairs.vim
394.369  000.045  000.045: sourcing /private/var/mobile/Containers/Data/Application/EFEEF93A-2AA6-4B6B-83D1-DD8971FF3349/Documents/_vim/pack/_hi&&sy&th_/start/randomTheme.vim/plugin/parseColorSchemes.vim
395.481  000.624  000.624: sourcing /private/var/mobile/Containers/Data/Application/EFEEF93A-2AA6-4B6B-83D1-DD8971FF3349/Documents/_vim/pack/_hi&&sy&th_/start/randomTheme.vim/plugin/randomtheme.vim
396.544  000.354  000.354: sourcing /private/var/mobile/Containers/Data/Application/EFEEF93A-2AA6-4B6B-83D1-DD8971FF3349/Documents/_vim/pack/_hi&&sy&th_/start/vim-cursorword/plugin/cursorword.vim
397.756  000.837  000.837: sourcing /private/var/mobile/Containers/Data/Application/EFEEF93A-2AA6-4B6B-83D1-DD8971FF3349/Documents/_vim/pack/_hi&&sy&th_/start/vim-highlightedyank/plugin/highlightedyank.vim
398.489  000.347  000.347: sourcing /private/var/mobile/Containers/Data/Application/EFEEF93A-2AA6-4B6B-83D1-DD8971FF3349/Documents/_vim/pack/_hi&&sy&th_/start/vim-highlighturl/plugin/highlighturl.vim
399.280  000.372  000.372: sourcing /private/var/mobile/Containers/Data/Application/EFEEF93A-2AA6-4B6B-83D1-DD8971FF3349/Documents/_vim/pack/_hi&&sy&th_/start/vim-illuminate/plugin/illuminate.vim
400.329  000.620  000.620: sourcing /private/var/mobile/Containers/Data/Application/EFEEF93A-2AA6-4B6B-83D1-DD8971FF3349/Documents/_vim/pack/_hi&&sy&th_/start/vim-interestingwords/plugin/interestingwords.vim
401.015  000.308  000.308: sourcing /private/var/mobile/Containers/Data/Application/EFEEF93A-2AA6-4B6B-83D1-DD8971FF3349/Documents/_vim/pack/_hi&&sy&th_/start/vim-synstax/plugin/synstax.vim
401.723  000.323  000.323: sourcing /private/var/mobile/Containers/Data/Application/EFEEF93A-2AA6-4B6B-83D1-DD8971FF3349/Documents/_vim/pack/_hi&&sy&th_/start/vim-SyntaxRange/plugin/SyntaxRange.vim
402.703  000.589  000.589: sourcing /private/var/mobile/Containers/Data/Application/EFEEF93A-2AA6-4B6B-83D1-DD8971FF3349/Documents/_vim/pack/__char&Chinese__/start/ChineseLinter.vim/plugin/ChineseLinter.vim
403.466  000.378  000.378: sourcing /private/var/mobile/Containers/Data/Application/EFEEF93A-2AA6-4B6B-83D1-DD8971FF3349/Documents/_vim/pack/__char&Chinese__/start/imc-b/plugin/ZFVimIM_pinyin.vim
404.491  000.329  000.329: sourcing /private/var/mobile/Containers/Data/Application/EFEEF93A-2AA6-4B6B-83D1-DD8971FF3349/Documents/_vim/pack/__char&Chinese__/start/pangu.vim/plugin/pangu.vim
405.797  000.925  000.925: sourcing /private/var/mobile/Containers/Data/Application/EFEEF93A-2AA6-4B6B-83D1-DD8971FF3349/Documents/_vim/pack/__char&Chinese__/start/unicode.vim/plugin/unicode.vim
406.281  000.221  000.221: sourcing /private/var/mobile/Containers/Data/Application/EFEEF93A-2AA6-4B6B-83D1-DD8971FF3349/Documents/_vim/pack/__char&Chinese__/start/unicode.vim/ftdetect/unicode.vim
407.513  000.850  000.850: sourcing /private/var/mobile/Containers/Data/Application/EFEEF93A-2AA6-4B6B-83D1-DD8971FF3349/Documents/_vim/pack/__char&Chinese__/start/vimcdoc/plugin/vimcdoc.vim
409.819  000.945  000.945: sourcing /private/var/mobile/Containers/Data/Application/EFEEF93A-2AA6-4B6B-83D1-DD8971FF3349/Documents/_vim/pack/__char&Chinese__/start/ZFVimIM/plugin/ZFVimIM_API.vim
410.733  000.393  000.393: sourcing /private/var/mobile/Containers/Data/Application/EFEEF93A-2AA6-4B6B-83D1-DD8971FF3349/Documents/_vim/pack/__char&Chinese__/start/ZFVimIM/plugin/ZFVimIM_autoDisable.vim
411.606  000.724  000.724: sourcing /private/var/mobile/Containers/Data/Application/EFEEF93A-2AA6-4B6B-83D1-DD8971FF3349/Documents/_vim/pack/__char&Chinese__/start/ZFVimIM/plugin/ZFVimIM_cloud.vim
412.498  000.754  000.754: sourcing /private/var/mobile/Containers/Data/Application/EFEEF93A-2AA6-4B6B-83D1-DD8971FF3349/Documents/_vim/pack/__char&Chinese__/start/ZFVimIM/plugin/ZFVimIM_cloud_async.vim
413.094  000.446  000.446: sourcing /private/var/mobile/Containers/Data/Application/EFEEF93A-2AA6-4B6B-83D1-DD8971FF3349/Documents/_vim/pack/__char&Chinese__/start/ZFVimIM/plugin/ZFVimIM_cloud_sync.vim
413.590  000.347  000.347: sourcing /private/var/mobile/Containers/Data/Application/EFEEF93A-2AA6-4B6B-83D1-DD8971FF3349/Documents/_vim/pack/__char&Chinese__/start/ZFVimIM/plugin/ZFVimIM_DEBUG.vim
414.867  001.125  001.125: sourcing /private/var/mobile/Containers/Data/Application/EFEEF93A-2AA6-4B6B-83D1-DD8971FF3349/Documents/_vim/pack/__char&Chinese__/start/ZFVimIM/plugin/ZFVimIM_IME.vim
417.341  000.492  000.492: sourcing /private/var/mobile/Containers/Data/Application/EFEEF93A-2AA6-4B6B-83D1-DD8971FF3349/Documents/_vim/pack/__char&Chinese__/start/ZFVimJob/plugin/api.vim
417.971  000.245  000.245: sourcing /private/var/mobile/Containers/Data/Application/EFEEF93A-2AA6-4B6B-83D1-DD8971FF3349/Documents/_vim/pack/__char&Chinese__/start/ZFVimJob/plugin/api_impl_nvim.vim
419.216  000.358  000.358: sourcing /private/var/mobile/Containers/Data/Application/EFEEF93A-2AA6-4B6B-83D1-DD8971FF3349/Documents/_vim/pack/__char&Chinese__/start/ZFVimJob/plugin/api_impl_vim.vim
419.814  000.446  000.446: sourcing /private/var/mobile/Containers/Data/Application/EFEEF93A-2AA6-4B6B-83D1-DD8971FF3349/Documents/_vim/pack/__char&Chinese__/start/ZFVimJob/plugin/api_util.vim
420.373  000.380  000.380: sourcing /private/var/mobile/Containers/Data/Application/EFEEF93A-2AA6-4B6B-83D1-DD8971FF3349/Documents/_vim/pack/__char&Chinese__/start/ZFVimJob/plugin/asyncrun.vim
420.984  000.452  000.452: sourcing /private/var/mobile/Containers/Data/Application/EFEEF93A-2AA6-4B6B-83D1-DD8971FF3349/Documents/_vim/pack/__char&Chinese__/start/ZFVimJob/plugin/autoscript.vim
421.451  000.305  000.305: sourcing /private/var/mobile/Containers/Data/Application/EFEEF93A-2AA6-4B6B-83D1-DD8971FF3349/Documents/_vim/pack/__char&Chinese__/start/ZFVimJob/plugin/cmdcomplete.vim
422.171  000.555  000.555: sourcing /private/var/mobile/Containers/Data/Application/EFEEF93A-2AA6-4B6B-83D1-DD8971FF3349/Documents/_vim/pack/__char&Chinese__/start/ZFVimJob/plugin/groupjob.vim
422.816  000.405  000.405: sourcing /private/var/mobile/Containers/Data/Application/EFEEF93A-2AA6-4B6B-83D1-DD8971FF3349/Documents/_vim/pack/__char&Chinese__/start/ZFVimJob/plugin/joboutput.vim
423.359  000.346  000.346: sourcing /private/var/mobile/Containers/Data/Application/EFEEF93A-2AA6-4B6B-83D1-DD8971FF3349/Documents/_vim/pack/__char&Chinese__/start/ZFVimJob/plugin/joboutput_logwin.vim
423.899  000.323  000.323: sourcing /private/var/mobile/Containers/Data/Application/EFEEF93A-2AA6-4B6B-83D1-DD8971FF3349/Documents/_vim/pack/__char&Chinese__/start/ZFVimJob/plugin/joboutput_popup.vim
424.618  000.267  000.267: sourcing /private/var/mobile/Containers/Data/Application/EFEEF93A-2AA6-4B6B-83D1-DD8971FF3349/Documents/_vim/pack/__char&Chinese__/start/ZFVimJob/plugin/joboutput_statusline.vim
425.330  000.517  000.517: sourcing /private/var/mobile/Containers/Data/Application/EFEEF93A-2AA6-4B6B-83D1-DD8971FF3349/Documents/_vim/pack/__char&Chinese__/start/ZFVimJob/plugin/logwin.vim
425.836  000.309  000.309: sourcing /private/var/mobile/Containers/Data/Application/EFEEF93A-2AA6-4B6B-83D1-DD8971FF3349/Documents/_vim/pack/__char&Chinese__/start/ZFVimJob/plugin/statuslinelog.vim
430.493  004.230  004.230: sourcing /private/var/mobile/Containers/Data/Application/EFEEF93A-2AA6-4B6B-83D1-DD8971FF3349/Documents/_vim/pack/__Clipboard&Yank&Comment__/start/nerdcommenter/plugin/NERD_commenter.vim
433.778  000.341  000.341: sourcing /private/var/mobile/Containers/Data/Application/EFEEF93A-2AA6-4B6B-83D1-DD8971FF3349/Documents/.vim/pack/__Clipboard&Yank&Comment__/start/tcomment_vim/autoload/tcomment/deprecated.vim
435.868  004.747  004.406: sourcing /private/var/mobile/Containers/Data/Application/EFEEF93A-2AA6-4B6B-83D1-DD8971FF3349/Documents/_vim/pack/__Clipboard&Yank&Comment__/start/tcomment_vim/plugin/tcomment.vim
442.156  005.913  005.913: sourcing /private/var/mobile/Containers/Data/Application/EFEEF93A-2AA6-4B6B-83D1-DD8971FF3349/Documents/_vim/pack/__Clipboard&Yank&Comment__/start/yankring_200/plugin/yankring.vim
443.090  000.540  000.540: sourcing /private/var/mobile/Containers/Data/Application/EFEEF93A-2AA6-4B6B-83D1-DD8971FF3349/Documents/_vim/pack/__cmd&terminal__/start/codi.vim/plugin/codi.vim
444.188  000.629  000.629: sourcing /private/var/mobile/Containers/Data/Application/EFEEF93A-2AA6-4B6B-83D1-DD8971FF3349/Documents/_vim/pack/__cmd&terminal__/start/deol.nvim/plugin/deol.vim
445.320  000.762  000.762: sourcing /private/var/mobile/Containers/Data/Application/EFEEF93A-2AA6-4B6B-83D1-DD8971FF3349/Documents/_vim/pack/__cmd&terminal__/start/vim-floaterm/plugin/floaterm.vim
446.817  001.015  001.015: sourcing /private/var/mobile/Containers/Data/Application/EFEEF93A-2AA6-4B6B-83D1-DD8971FF3349/Documents/_vim/pack/__cmd&terminal__/start/vim-repl/plugin/default.vim
447.239  000.280  000.280: sourcing /private/var/mobile/Containers/Data/Application/EFEEF93A-2AA6-4B6B-83D1-DD8971FF3349/Documents/_vim/pack/__cmd&terminal__/start/vim-repl/plugin/vim-repl.vim
448.758  001.125  001.125: sourcing /private/var/mobile/Containers/Data/Application/EFEEF93A-2AA6-4B6B-83D1-DD8971FF3349/Documents/_vim/pack/__Code&DebugLint&Run&Tag__/start/tagbar/plugin/tagbar.vim
450.309  001.132  001.132: sourcing /private/var/mobile/Containers/Data/Application/EFEEF93A-2AA6-4B6B-83D1-DD8971FF3349/Documents/_vim/pack/__Code&DebugLint&Run&Tag__/start/taglist/plugin/taglist.vim
456.012  001.631  001.631: sourcing /private/var/mobile/Containers/Data/Application/EFEEF93A-2AA6-4B6B-83D1-DD8971FF3349/Documents/.vim/pack/__Code&DebugLint&Run&Tag__/start/vimtags_vim/autoload/vimtags/defs/clojure.vim
457.010  000.847  000.847: sourcing /private/var/mobile/Containers/Data/Application/EFEEF93A-2AA6-4B6B-83D1-DD8971FF3349/Documents/.vim/pack/__Code&DebugLint&Run&Tag__/start/vimtags_vim/autoload/vimtags/defs/coffee.vim
458.497  001.330  001.330: sourcing /private/var/mobile/Containers/Data/Application/EFEEF93A-2AA6-4B6B-83D1-DD8971FF3349/Documents/.vim/pack/__Code&DebugLint&Run&Tag__/start/vimtags_vim/autoload/vimtags/defs/haxe.vim
459.662  001.017  001.017: sourcing /private/var/mobile/Containers/Data/Application/EFEEF93A-2AA6-4B6B-83D1-DD8971FF3349/Documents/.vim/pack/__Code&DebugLint&Run&Tag__/start/vimtags_vim/autoload/vimtags/defs/javascript.vim
461.491  001.680  001.680: sourcing /private/var/mobile/Containers/Data/Application/EFEEF93A-2AA6-4B6B-83D1-DD8971FF3349/Documents/.vim/pack/__Code&DebugLint&Run&Tag__/start/vimtags_vim/autoload/vimtags/defs/kotlin.vim
461.992  000.351  000.351: sourcing /private/var/mobile/Containers/Data/Application/EFEEF93A-2AA6-4B6B-83D1-DD8971FF3349/Documents/.vim/pack/__Code&DebugLint&Run&Tag__/start/vimtags_vim/autoload/vimtags/defs/latex.vim
462.946  000.745  000.745: sourcing /private/var/mobile/Containers/Data/Application/EFEEF93A-2AA6-4B6B-83D1-DD8971FF3349/Documents/.vim/pack/__Code&DebugLint&Run&Tag__/start/vimtags_vim/autoload/vimtags/defs/r.vim
464.576  001.468  001.468: sourcing /private/var/mobile/Containers/Data/Application/EFEEF93A-2AA6-4B6B-83D1-DD8971FF3349/Documents/.vim/pack/__Code&DebugLint&Run&Tag__/start/vimtags_vim/autoload/vimtags/defs/scala.vim
465.850  001.119  001.119: sourcing /private/var/mobile/Containers/Data/Application/EFEEF93A-2AA6-4B6B-83D1-DD8971FF3349/Documents/.vim/pack/__Code&DebugLint&Run&Tag__/start/vimtags_vim/autoload/vimtags/defs/text.vim
466.694  000.690  000.690: sourcing /private/var/mobile/Containers/Data/Application/EFEEF93A-2AA6-4B6B-83D1-DD8971FF3349/Documents/.vim/pack/__Code&DebugLint&Run&Tag__/start/vimtags_vim/autoload/vimtags/defs/vim.vim
469.071  018.402  007.524: sourcing /private/var/mobile/Containers/Data/Application/EFEEF93A-2AA6-4B6B-83D1-DD8971FF3349/Documents/_vim/pack/__Code&DebugLint&Run&Tag__/start/vimtags_vim/plugin/vimtags.vim
470.290  000.525  000.525: sourcing /private/var/mobile/Containers/Data/Application/EFEEF93A-2AA6-4B6B-83D1-DD8971FF3349/Documents/_vim/pack/__Context&Region&Indent__/start/NrrwRgn/plugin/NrrwRgn.vim
472.876  000.294  000.294: sourcing /private/var/containers/Bundle/Application/76D344F8-263C-4B2C-A0CD-FE55308DDA68/iVim.app/runtime/filetype.vim
475.025  000.268  000.268: sourcing /private/var/containers/Bundle/Application/76D344F8-263C-4B2C-A0CD-FE55308DDA68/iVim.app/runtime/ftplugin.vim
477.091  000.039  000.039: sourcing /private/var/containers/Bundle/Application/76D344F8-263C-4B2C-A0CD-FE55308DDA68/iVim.app/runtime/filetype.vim
478.433  000.035  000.035: sourcing /private/var/containers/Bundle/Application/76D344F8-263C-4B2C-A0CD-FE55308DDA68/iVim.app/runtime/ftplugin.vim
478.569  007.879  007.243: sourcing /private/var/mobile/Containers/Data/Application/EFEEF93A-2AA6-4B6B-83D1-DD8971FF3349/Documents/_vim/pack/__Dev_Python__/start/python-mode/plugin/pymode.vim
480.676  001.652  001.652: sourcing /private/var/mobile/Containers/Data/Application/EFEEF93A-2AA6-4B6B-83D1-DD8971FF3349/Documents/_vim/pack/__Edit_Diff_Undo_Swap__/start/auto-pairs/plugin/auto-pairs.vim
481.764  000.667  000.667: sourcing /private/var/mobile/Containers/Data/Application/EFEEF93A-2AA6-4B6B-83D1-DD8971FF3349/Documents/_vim/pack/__Edit_Diff_Undo_Swap__/start/changesPlugin/plugin/changesPlugin.vim
482.882  000.630  000.630: sourcing /private/var/mobile/Containers/Data/Application/EFEEF93A-2AA6-4B6B-83D1-DD8971FF3349/Documents/_vim/pack/__Edit_Diff_Undo_Swap__/start/EngSpChk/plugin/cecutil.vim
526.059  042.982  042.982: sourcing /private/var/mobile/Containers/Data/Application/EFEEF93A-2AA6-4B6B-83D1-DD8971FF3349/Documents/_vim/pack/__Edit_Diff_Undo_Swap__/start/EngSpChk/plugin/engspchk.vim
529.715  000.536  000.536: sourcing /private/var/mobile/Containers/Data/Application/EFEEF93A-2AA6-4B6B-83D1-DD8971FF3349/Documents/.vim/pack/__Edit_Diff_Undo_Swap__/start/splitjoin.vim/autoload/sj/settings.vim
529.978  003.458  002.922: sourcing /private/var/mobile/Containers/Data/Application/EFEEF93A-2AA6-4B6B-83D1-DD8971FF3349/Documents/_vim/pack/__Edit_Diff_Undo_Swap__/start/splitjoin.vim/plugin/splitjoin.vim
531.198  000.817  000.817: sourcing /private/var/mobile/Containers/Data/Application/EFEEF93A-2AA6-4B6B-83D1-DD8971FF3349/Documents/_vim/pack/__Edit_Diff_Undo_Swap__/start/tabular/plugin/Tabular.vim
532.029  000.412  000.412: sourcing /private/var/mobile/Containers/Data/Application/EFEEF93A-2AA6-4B6B-83D1-DD8971FF3349/Documents/_vim/pack/__Edit_Diff_Undo_Swap__/start/thesaurus_query.vim/plugin/thesaurus_query.vim
533.161  000.736  000.736: sourcing /private/var/mobile/Containers/Data/Application/EFEEF93A-2AA6-4B6B-83D1-DD8971FF3349/Documents/_vim/pack/__Edit_Diff_Undo_Swap__/start/undotree/plugin/undotree.vim
534.380  000.826  000.826: sourcing /private/var/mobile/Containers/Data/Application/EFEEF93A-2AA6-4B6B-83D1-DD8971FF3349/Documents/_vim/pack/__Edit_Diff_Undo_Swap__/start/vim-easy-align/plugin/easy_align.vim
535.618  000.843  000.843: sourcing /private/var/mobile/Containers/Data/Application/EFEEF93A-2AA6-4B6B-83D1-DD8971FF3349/Documents/_vim/pack/__Edit_Diff_Undo_Swap__/start/vim-speeddating/plugin/speeddating.vim
537.281  001.271  001.271: sourcing /private/var/mobile/Containers/Data/Application/EFEEF93A-2AA6-4B6B-83D1-DD8971FF3349/Documents/_vim/pack/__Edit_Diff_Undo_Swap__/start/vim-surround/plugin/surround.vim
538.908  000.986  000.986: sourcing /private/var/mobile/Containers/Data/Application/EFEEF93A-2AA6-4B6B-83D1-DD8971FF3349/Documents/_vim/pack/__Edit_Diff_Undo_Swap__/start/vim-table-mode/plugin/table-mode.vim
539.780  000.477  000.477: sourcing /private/var/mobile/Containers/Data/Application/EFEEF93A-2AA6-4B6B-83D1-DD8971FF3349/Documents/_vim/pack/__Edit_Diff_Undo_Swap__/start/vim-wordy/plugin/wordy.vim
540.528  000.367  000.367: sourcing /private/var/mobile/Containers/Data/Application/EFEEF93A-2AA6-4B6B-83D1-DD8971FF3349/Documents/_vim/pack/__Edit_Diff_Undo_Swap__/start/VOoM/plugin/voom.vim
543.858  000.614  000.614: sourcing /private/var/mobile/Containers/Data/Application/EFEEF93A-2AA6-4B6B-83D1-DD8971FF3349/Documents/.vim/pack/__Explore__/start/nerdtree/autoload/nerdtree.vim
547.156  000.917  000.917: sourcing /private/var/mobile/Containers/Data/Application/EFEEF93A-2AA6-4B6B-83D1-DD8971FF3349/Documents/.vim/pack/__Explore__/start/nerdtree/lib/nerdtree/path.vim
548.328  000.484  000.484: sourcing /private/var/mobile/Containers/Data/Application/EFEEF93A-2AA6-4B6B-83D1-DD8971FF3349/Documents/.vim/pack/__Explore__/start/nerdtree/lib/nerdtree/menu_controller.vim
549.374  000.343  000.343: sourcing /private/var/mobile/Containers/Data/Application/EFEEF93A-2AA6-4B6B-83D1-DD8971FF3349/Documents/.vim/pack/__Explore__/start/nerdtree/lib/nerdtree/menu_item.vim
550.573  000.461  000.461: sourcing /private/var/mobile/Containers/Data/Application/EFEEF93A-2AA6-4B6B-83D1-DD8971FF3349/Documents/.vim/pack/__Explore__/start/nerdtree/lib/nerdtree/key_map.vim
551.834  000.553  000.553: sourcing /private/var/mobile/Containers/Data/Application/EFEEF93A-2AA6-4B6B-83D1-DD8971FF3349/Documents/.vim/pack/__Explore__/start/nerdtree/lib/nerdtree/bookmark.vim
553.089  000.527  000.527: sourcing /private/var/mobile/Containers/Data/Application/EFEEF93A-2AA6-4B6B-83D1-DD8971FF3349/Documents/.vim/pack/__Explore__/start/nerdtree/lib/nerdtree/tree_file_node.vim
554.754  000.956  000.956: sourcing /private/var/mobile/Containers/Data/Application/EFEEF93A-2AA6-4B6B-83D1-DD8971FF3349/Documents/.vim/pack/__Explore__/start/nerdtree/lib/nerdtree/tree_dir_node.vim
556.001  000.503  000.503: sourcing /private/var/mobile/Containers/Data/Application/EFEEF93A-2AA6-4B6B-83D1-DD8971FF3349/Documents/.vim/pack/__Explore__/start/nerdtree/lib/nerdtree/opener.vim
557.203  000.474  000.474: sourcing /private/var/mobile/Containers/Data/Application/EFEEF93A-2AA6-4B6B-83D1-DD8971FF3349/Documents/.vim/pack/__Explore__/start/nerdtree/lib/nerdtree/creator.vim
558.345  000.400  000.400: sourcing /private/var/mobile/Containers/Data/Application/EFEEF93A-2AA6-4B6B-83D1-DD8971FF3349/Documents/.vim/pack/__Explore__/start/nerdtree/lib/nerdtree/flag_set.vim
559.555  000.478  000.478: sourcing /private/var/mobile/Containers/Data/Application/EFEEF93A-2AA6-4B6B-83D1-DD8971FF3349/Documents/.vim/pack/__Explore__/start/nerdtree/lib/nerdtree/nerdtree.vim
561.110  000.843  000.843: sourcing /private/var/mobile/Containers/Data/Application/EFEEF93A-2AA6-4B6B-83D1-DD8971FF3349/Documents/.vim/pack/__Explore__/start/nerdtree/lib/nerdtree/ui.vim
562.138  000.293  000.293: sourcing /private/var/mobile/Containers/Data/Application/EFEEF93A-2AA6-4B6B-83D1-DD8971FF3349/Documents/.vim/pack/__Explore__/start/nerdtree/lib/nerdtree/event.vim
563.171  000.307  000.307: sourcing /private/var/mobile/Containers/Data/Application/EFEEF93A-2AA6-4B6B-83D1-DD8971FF3349/Documents/.vim/pack/__Explore__/start/nerdtree/lib/nerdtree/notifier.vim
565.246  000.961  000.961: sourcing /private/var/mobile/Containers/Data/Application/EFEEF93A-2AA6-4B6B-83D1-DD8971FF3349/Documents/.vim/pack/__Explore__/start/nerdtree/autoload/nerdtree/ui_glue.vim
569.885  001.259  001.259: sourcing /private/var/mobile/Containers/Data/Application/EFEEF93A-2AA6-4B6B-83D1-DD8971FF3349/Documents/.vim/pack/__Explore__/start/nerdtree_menu_util/nerdtree_plugin/nerdtree_menu_util.vim
571.480  001.230  001.230: sourcing /private/var/mobile/Containers/Data/Application/EFEEF93A-2AA6-4B6B-83D1-DD8971FF3349/Documents/.vim/pack/__Explore__/start/nerdtree_fs_menu/nerdtree_plugin/nerdtree_fs_menu.vim
572.896  000.449  000.449: sourcing /private/var/mobile/Containers/Data/Application/EFEEF93A-2AA6-4B6B-83D1-DD8971FF3349/Documents/.vim/pack/__Explore__/start/nerdtree/nerdtree_plugin/exec_menuitem.vim
574.467  001.136  001.136: sourcing /private/var/mobile/Containers/Data/Application/EFEEF93A-2AA6-4B6B-83D1-DD8971FF3349/Documents/.vim/pack/__Explore__/start/nerdtree/nerdtree_plugin/fs_menu.vim
575.034  000.369  000.369: sourcing /private/var/mobile/Containers/Data/Application/EFEEF93A-2AA6-4B6B-83D1-DD8971FF3349/Documents/.vim/pack/__Explore__/start/nerdtree/nerdtree_plugin/vcs.vim
577.067  035.806  022.249: sourcing /private/var/mobile/Containers/Data/Application/EFEEF93A-2AA6-4B6B-83D1-DD8971FF3349/Documents/_vim/pack/__Explore__/start/nerdtree/plugin/NERD_tree.vim
578.479  000.783  000.783: sourcing /private/var/mobile/Containers/Data/Application/EFEEF93A-2AA6-4B6B-83D1-DD8971FF3349/Documents/_vim/pack/__FileTypes__/start/csv.vim/plugin/csv.vim
579.055  000.268  000.268: sourcing /private/var/mobile/Containers/Data/Application/EFEEF93A-2AA6-4B6B-83D1-DD8971FF3349/Documents/_vim/pack/__FileTypes__/start/csv.vim/ftdetect/csv.vim
580.071  000.605  000.605: sourcing /private/var/mobile/Containers/Data/Application/EFEEF93A-2AA6-4B6B-83D1-DD8971FF3349/Documents/_vim/pack/__FileTypes__/start/jupytext.vim/plugin/jupytext.vim
581.398  000.491  000.491: sourcing /private/var/mobile/Containers/Data/Application/EFEEF93A-2AA6-4B6B-83D1-DD8971FF3349/Documents/_vim/pack/__FileTypes__/start/vim-orgmode/ftdetect/org.vim
584.921  002.811  002.811: sourcing /private/var/mobile/Containers/Data/Application/EFEEF93A-2AA6-4B6B-83D1-DD8971FF3349/Documents/_vim/pack/__FileTypes__/start/vim-polyglot/ftdetect/polyglot.vim
586.007  000.552  000.552: sourcing /private/var/mobile/Containers/Data/Application/EFEEF93A-2AA6-4B6B-83D1-DD8971FF3349/Documents/_vim/pack/__Find&Fold&Indent&Search&Jump__/start/asyncfinder.vim/plugin/asyncfinder.vim
589.471  000.490  000.490: sourcing /private/var/mobile/Containers/Data/Application/EFEEF93A-2AA6-4B6B-83D1-DD8971FF3349/Documents/.vim/pack/__Find&Fold&Indent&Search&Jump__/start/ctrlp.vim/autoload/ctrlp/mrufiles.vim
589.632  002.586  002.096: sourcing /private/var/mobile/Containers/Data/Application/EFEEF93A-2AA6-4B6B-83D1-DD8971FF3349/Documents/_vim/pack/__Find&Fold&Indent&Search&Jump__/start/ctrlp.vim/plugin/ctrlp.vim
593.688  003.391  003.391: sourcing /private/var/mobile/Containers/Data/Application/EFEEF93A-2AA6-4B6B-83D1-DD8971FF3349/Documents/_vim/pack/__Find&Fold&Indent&Search&Jump__/start/eregex.vim/plugin/eregex.vim
594.093  000.268  000.268: sourcing /private/var/mobile/Containers/Data/Application/EFEEF93A-2AA6-4B6B-83D1-DD8971FF3349/Documents/_vim/pack/__Find&Fold&Indent&Search&Jump__/start/eregex.vim/plugin/eregex_e.vim
595.268  000.338  000.338: sourcing /private/var/mobile/Containers/Data/Application/EFEEF93A-2AA6-4B6B-83D1-DD8971FF3349/Documents/_vim/pack/__Find&Fold&Indent&Search&Jump__/start/FoldText/plugin/FoldText.vim
598.194  002.563  002.563: sourcing /private/var/mobile/Containers/Data/Application/EFEEF93A-2AA6-4B6B-83D1-DD8971FF3349/Documents/_vim/pack/__Find&Fold&Indent&Search&Jump__/start/mru/plugin/mru.vim
766.195  167.617  167.617: sourcing /private/var/mobile/Containers/Data/Application/EFEEF93A-2AA6-4B6B-83D1-DD8971FF3349/Documents/_vim/pack/__Find&Fold&Indent&Search&Jump__/start/searchvim/plugin/searchvim.vim
767.282  000.662  000.662: sourcing /private/var/mobile/Containers/Data/Application/EFEEF93A-2AA6-4B6B-83D1-DD8971FF3349/Documents/_vim/pack/__Find&Fold&Indent&Search&Jump__/start/traces.vim/plugin/traces.vim
768.536  000.645  000.645: sourcing /private/var/mobile/Containers/Data/Application/EFEEF93A-2AA6-4B6B-83D1-DD8971FF3349/Documents/_vim/pack/__Find&Fold&Indent&Search&Jump__/start/vim-anzu/plugin/anzu.vim
774.831  000.547  000.547: sourcing /private/var/mobile/Containers/Data/Application/EFEEF93A-2AA6-4B6B-83D1-DD8971FF3349/Documents/.vim/pack/__Find&Fold&Indent&Search&Jump__/start/vim-easygrep/autoload/EasyGrep.vim
793.786  024.848  024.301: sourcing /private/var/mobile/Containers/Data/Application/EFEEF93A-2AA6-4B6B-83D1-DD8971FF3349/Documents/_vim/pack/__Find&Fold&Indent&Search&Jump__/start/vim-easygrep/plugin/EasyGrep.vim
795.085  000.869  000.869: sourcing /private/var/mobile/Containers/Data/Application/EFEEF93A-2AA6-4B6B-83D1-DD8971FF3349/Documents/_vim/pack/__Find&Fold&Indent&Search&Jump__/start/vim-fold-cycle/plugin/fold_cycle.vim
797.961  000.800  000.800: sourcing /private/var/mobile/Containers/Data/Application/EFEEF93A-2AA6-4B6B-83D1-DD8971FF3349/Documents/.vim/pack/__Find&Fold&Indent&Search&Jump__/start/vim-fuzzyfinder/autoload/l9.vim
800.998  001.784  001.784: sourcing /private/var/mobile/Containers/Data/Application/EFEEF93A-2AA6-4B6B-83D1-DD8971FF3349/Documents/.vim/pack/__Find&Fold&Indent&Search&Jump__/start/vim-fuzzyfinder/autoload/fuf.vim
802.343  000.547  000.547: sourcing /private/var/mobile/Containers/Data/Application/EFEEF93A-2AA6-4B6B-83D1-DD8971FF3349/Documents/.vim/pack/__Find&Fold&Indent&Search&Jump__/start/vim-fuzzyfinder/autoload/fuf/buffer.vim
803.452  000.493  000.493: sourcing /private/var/mobile/Containers/Data/Application/EFEEF93A-2AA6-4B6B-83D1-DD8971FF3349/Documents/.vim/pack/__Find&Fold&Indent&Search&Jump__/start/vim-fuzzyfinder/autoload/fuf/file.vim
804.591  000.504  000.504: sourcing /private/var/mobile/Containers/Data/Application/EFEEF93A-2AA6-4B6B-83D1-DD8971FF3349/Documents/.vim/pack/__Find&Fold&Indent&Search&Jump__/start/vim-fuzzyfinder/autoload/fuf/coveragefile.vim
805.629  000.447  000.447: sourcing /private/var/mobile/Containers/Data/Application/EFEEF93A-2AA6-4B6B-83D1-DD8971FF3349/Documents/.vim/pack/__Find&Fold&Indent&Search&Jump__/start/vim-fuzzyfinder/autoload/fuf/dir.vim
806.820  000.557  000.557: sourcing /private/var/mobile/Containers/Data/Application/EFEEF93A-2AA6-4B6B-83D1-DD8971FF3349/Documents/.vim/pack/__Find&Fold&Indent&Search&Jump__/start/vim-fuzzyfinder/autoload/fuf/bookmarkfile.vim
808.064  000.475  000.475: sourcing /private/var/mobile/Containers/Data/Application/EFEEF93A-2AA6-4B6B-83D1-DD8971FF3349/Documents/.vim/pack/__Find&Fold&Indent&Search&Jump__/start/vim-fuzzyfinder/autoload/fuf/bookmarkdir.vim
809.269  000.580  000.580: sourcing /private/var/mobile/Containers/Data/Application/EFEEF93A-2AA6-4B6B-83D1-DD8971FF3349/Documents/.vim/pack/__Find&Fold&Indent&Search&Jump__/start/vim-fuzzyfinder/autoload/fuf/tag.vim
810.512  000.626  000.626: sourcing /private/var/mobile/Containers/Data/Application/EFEEF93A-2AA6-4B6B-83D1-DD8971FF3349/Documents/.vim/pack/__Find&Fold&Indent&Search&Jump__/start/vim-fuzzyfinder/autoload/fuf/buffertag.vim
811.930  000.489  000.489: sourcing /private/var/mobile/Containers/Data/Application/EFEEF93A-2AA6-4B6B-83D1-DD8971FF3349/Documents/.vim/pack/__Find&Fold&Indent&Search&Jump__/start/vim-fuzzyfinder/autoload/fuf/taggedfile.vim
813.089  000.578  000.578: sourcing /private/var/mobile/Containers/Data/Application/EFEEF93A-2AA6-4B6B-83D1-DD8971FF3349/Documents/.vim/pack/__Find&Fold&Indent&Search&Jump__/start/vim-fuzzyfinder/autoload/fuf/jumplist.vim
814.176  000.486  000.486: sourcing /private/var/mobile/Containers/Data/Application/EFEEF93A-2AA6-4B6B-83D1-DD8971FF3349/Documents/.vim/pack/__Find&Fold&Indent&Search&Jump__/start/vim-fuzzyfinder/autoload/fuf/changelist.vim
815.333  000.562  000.562: sourcing /private/var/mobile/Containers/Data/Application/EFEEF93A-2AA6-4B6B-83D1-DD8971FF3349/Documents/.vim/pack/__Find&Fold&Indent&Search&Jump__/start/vim-fuzzyfinder/autoload/fuf/quickfix.vim
816.383  000.441  000.441: sourcing /private/var/mobile/Containers/Data/Application/EFEEF93A-2AA6-4B6B-83D1-DD8971FF3349/Documents/.vim/pack/__Find&Fold&Indent&Search&Jump__/start/vim-fuzzyfinder/autoload/fuf/line.vim
817.514  000.583  000.583: sourcing /private/var/mobile/Containers/Data/Application/EFEEF93A-2AA6-4B6B-83D1-DD8971FF3349/Documents/.vim/pack/__Find&Fold&Indent&Search&Jump__/start/vim-fuzzyfinder/autoload/fuf/help.vim
818.501  000.448  000.448: sourcing /private/var/mobile/Containers/Data/Application/EFEEF93A-2AA6-4B6B-83D1-DD8971FF3349/Documents/.vim/pack/__Find&Fold&Indent&Search&Jump__/start/vim-fuzzyfinder/autoload/fuf/givenfile.vim
819.449  000.459  000.459: sourcing /private/var/mobile/Containers/Data/Application/EFEEF93A-2AA6-4B6B-83D1-DD8971FF3349/Documents/.vim/pack/__Find&Fold&Indent&Search&Jump__/start/vim-fuzzyfinder/autoload/fuf/givendir.vim
820.423  000.476  000.476: sourcing /private/var/mobile/Containers/Data/Application/EFEEF93A-2AA6-4B6B-83D1-DD8971FF3349/Documents/.vim/pack/__Find&Fold&Indent&Search&Jump__/start/vim-fuzzyfinder/autoload/fuf/givencmd.vim
821.375  000.461  000.461: sourcing /private/var/mobile/Containers/Data/Application/EFEEF93A-2AA6-4B6B-83D1-DD8971FF3349/Documents/.vim/pack/__Find&Fold&Indent&Search&Jump__/start/vim-fuzzyfinder/autoload/fuf/callbackfile.vim
822.346  000.449  000.449: sourcing /private/var/mobile/Containers/Data/Application/EFEEF93A-2AA6-4B6B-83D1-DD8971FF3349/Documents/.vim/pack/__Find&Fold&Indent&Search&Jump__/start/vim-fuzzyfinder/autoload/fuf/callbackitem.vim
822.369  026.448  014.203: sourcing /private/var/mobile/Containers/Data/Application/EFEEF93A-2AA6-4B6B-83D1-DD8971FF3349/Documents/_vim/pack/__Find&Fold&Indent&Search&Jump__/start/vim-fuzzyfinder/plugin/fuf.vim
823.156  000.660  000.660: sourcing /private/var/mobile/Containers/Data/Application/EFEEF93A-2AA6-4B6B-83D1-DD8971FF3349/Documents/_vim/pack/__Find&Fold&Indent&Search&Jump__/start/vim-fuzzyfinder/plugin/l9.vim
827.560  004.023  004.023: sourcing /private/var/mobile/Containers/Data/Application/EFEEF93A-2AA6-4B6B-83D1-DD8971FF3349/Documents/_vim/pack/__Find&Fold&Indent&Search&Jump__/start/vim-grepper/plugin/grepper.vim
829.415  001.198  001.198: sourcing /private/var/mobile/Containers/Data/Application/EFEEF93A-2AA6-4B6B-83D1-DD8971FF3349/Documents/_vim/pack/__Find&Fold&Indent&Search&Jump__/start/vim-indentwise/plugin/indentwise.vim
830.363  000.555  000.555: sourcing /private/var/mobile/Containers/Data/Application/EFEEF93A-2AA6-4B6B-83D1-DD8971FF3349/Documents/_vim/pack/__key&mode&motion&op&textobj__/start/do.vim/plugin/do.vim
835.605  004.822  004.822: sourcing /private/var/mobile/Containers/Data/Application/EFEEF93A-2AA6-4B6B-83D1-DD8971FF3349/Documents/_vim/pack/__key&mode&motion&op&textobj__/start/vim-easymotion/plugin/EasyMotion.vim
836.659  000.653  000.653: sourcing /private/var/mobile/Containers/Data/Application/EFEEF93A-2AA6-4B6B-83D1-DD8971FF3349/Documents/_vim/pack/__key&mode&motion&op&textobj__/start/vim-easymotion-chs/plugin/setup.vim
842.307  005.123  005.123: sourcing /private/var/mobile/Containers/Data/Application/EFEEF93A-2AA6-4B6B-83D1-DD8971FF3349/Documents/_vim/pack/__key&mode&motion&op&textobj__/start/vim-sneak/plugin/sneak.vim
843.383  000.620  000.620: sourcing /private/var/mobile/Containers/Data/Application/EFEEF93A-2AA6-4B6B-83D1-DD8971FF3349/Documents/_vim/pack/__key&mode&motion&op&textobj__/start/vim-which-key/plugin/which_key.vim
844.435  000.585  000.585: sourcing /private/var/mobile/Containers/Data/Application/EFEEF93A-2AA6-4B6B-83D1-DD8971FF3349/Documents/_vim/pack/__Markdown__/start/vim-markdown/ftdetect/markdown.vim
845.782  000.679  000.679: sourcing /private/var/mobile/Containers/Data/Application/EFEEF93A-2AA6-4B6B-83D1-DD8971FF3349/Documents/_vim/pack/__Markdown__/start/vim-markdown-toc/ftdetect/markdown.vim
846.787  000.601  000.601: sourcing /private/var/mobile/Containers/Data/Application/EFEEF93A-2AA6-4B6B-83D1-DD8971FF3349/Documents/_vim/pack/__SQL__/start/SQHell.vim/plugin/sqhell.vim
848.578  001.387  001.387: sourcing /private/var/mobile/Containers/Data/Application/EFEEF93A-2AA6-4B6B-83D1-DD8971FF3349/Documents/_vim/pack/__VimL__/start/vfix/plugin/Vfix.vim
849.963  000.899  000.899: sourcing /private/var/mobile/Containers/Data/Application/EFEEF93A-2AA6-4B6B-83D1-DD8971FF3349/Documents/_vim/pack/___deps__/start/tlib_vim/plugin/02tlib.vim
852.381  001.798  001.798: sourcing /private/var/mobile/Containers/Data/Application/EFEEF93A-2AA6-4B6B-83D1-DD8971FF3349/Documents/_vim/pack/___deps__/start/utl.vim/plugin/utl.vim
853.202  000.615  000.615: sourcing /private/var/mobile/Containers/Data/Application/EFEEF93A-2AA6-4B6B-83D1-DD8971FF3349/Documents/_vim/pack/___deps__/start/utl.vim/plugin/utl_rc.vim
854.199  000.844  000.844: sourcing /private/var/mobile/Containers/Data/Application/EFEEF93A-2AA6-4B6B-83D1-DD8971FF3349/Documents/_vim/pack/___deps__/start/utl.vim/plugin/utl_scm.vim
854.840  000.490  000.490: sourcing /private/var/mobile/Containers/Data/Application/EFEEF93A-2AA6-4B6B-83D1-DD8971FF3349/Documents/_vim/pack/___deps__/start/utl.vim/plugin/utl_uri.vim
855.807  000.363  000.363: sourcing /private/var/mobile/Containers/Data/Application/EFEEF93A-2AA6-4B6B-83D1-DD8971FF3349/Documents/_vim/pack/___UI__/start/goyo.vim/plugin/goyo.vim
856.776  000.570  000.570: sourcing /private/var/mobile/Containers/Data/Application/EFEEF93A-2AA6-4B6B-83D1-DD8971FF3349/Documents/_vim/pack/___UI__/start/limelight.vim/plugin/limelight.vim
857.519  000.362  000.362: sourcing /private/var/mobile/Containers/Data/Application/EFEEF93A-2AA6-4B6B-83D1-DD8971FF3349/Documents/_vim/pack/___UI__/start/traces.vim/plugin/traces.vim
859.949  000.574  000.574: sourcing /private/var/mobile/Containers/Data/Application/EFEEF93A-2AA6-4B6B-83D1-DD8971FF3349/Documents/.vim/pack/___UI__/start/vim-airline/autoload/airline/init.vim
861.214  000.364  000.364: sourcing /private/var/mobile/Containers/Data/Application/EFEEF93A-2AA6-4B6B-83D1-DD8971FF3349/Documents/.vim/pack/___UI__/start/vim-airline/autoload/airline/parts.vim
862.699  000.519  000.519: sourcing /private/var/mobile/Containers/Data/Application/EFEEF93A-2AA6-4B6B-83D1-DD8971FF3349/Documents/.vim/pack/___UI__/start/vim-airline/autoload/airline/util.vim
862.833  004.922  003.465: sourcing /private/var/mobile/Containers/Data/Application/EFEEF93A-2AA6-4B6B-83D1-DD8971FF3349/Documents/_vim/pack/___UI__/start/vim-airline/plugin/airline.vim
864.006  000.721  000.721: sourcing /private/var/mobile/Containers/Data/Application/EFEEF93A-2AA6-4B6B-83D1-DD8971FF3349/Documents/_vim/pack/___UI__/start/vim-airline-themes/plugin/airline-themes.vim
865.036  000.545  000.545: sourcing /private/var/mobile/Containers/Data/Application/EFEEF93A-2AA6-4B6B-83D1-DD8971FF3349/Documents/_vim/pack/___UI__/start/vim-pencil/plugin/pencil.vim
865.213  070.746: loading packages
868.099  000.600  000.600: sourcing /private/var/mobile/Containers/Data/Application/EFEEF93A-2AA6-4B6B-83D1-DD8971FF3349/Documents/.vim/pack/__Edit_Diff_Undo_Swap__/start/tabular/autoload/tabular.vim
870.242  004.517  003.917: sourcing /private/var/mobile/Containers/Data/Application/EFEEF93A-2AA6-4B6B-83D1-DD8971FF3349/Documents/.vim/pack/__Edit_Diff_Undo_Swap__/start/tabular/after/plugin/TabularMaps.vim
871.161  000.501  000.501: sourcing /private/var/mobile/Containers/Data/Application/EFEEF93A-2AA6-4B6B-83D1-DD8971FF3349/Documents/.vim/pack/complete-snippets-engine/start/ultisnips/after/plugin/UltiSnips_after.vim
871.245  001.014: loading after plugins
871.251  000.006: inits 3
872.698  001.259  001.259: sourcing $VIMRUNTIME/menu.vim
882.601  000.442  000.442: sourcing /private/var/containers/Bundle/Application/76D344F8-263C-4B2C-A0CD-FE55308DDA68/iVim.app/runtime/syntax/syncolor.vim
884.653  000.849  000.849: sourcing /private/var/mobile/Containers/Data/Application/EFEEF93A-2AA6-4B6B-83D1-DD8971FF3349/Documents/.vim/pack/___UI__/start/vim-airline/autoload/airline/extensions.vim
886.021  000.599  000.599: sourcing /private/var/mobile/Containers/Data/Application/EFEEF93A-2AA6-4B6B-83D1-DD8971FF3349/Documents/.vim/pack/___UI__/start/vim-airline/autoload/airline/extensions/quickfix.vim
887.024  000.675  000.675: sourcing /private/var/mobile/Containers/Data/Application/EFEEF93A-2AA6-4B6B-83D1-DD8971FF3349/Documents/.vim/pack/___UI__/start/vim-airline/autoload/airline.vim
888.271  000.578  000.578: sourcing /private/var/mobile/Containers/Data/Application/EFEEF93A-2AA6-4B6B-83D1-DD8971FF3349/Documents/.vim/pack/___UI__/start/vim-airline/autoload/airline/extensions/netrw.vim
890.138  000.464  000.464: sourcing /private/var/mobile/Containers/Data/Application/EFEEF93A-2AA6-4B6B-83D1-DD8971FF3349/Documents/.vim/pack/___UI__/start/vim-airline/autoload/airline/section.vim
891.026  000.559  000.559: sourcing /private/var/mobile/Containers/Data/Application/EFEEF93A-2AA6-4B6B-83D1-DD8971FF3349/Documents/.vim/pack/___UI__/start/vim-airline/autoload/airline/highlighter.vim
891.165  002.310  001.287: sourcing /private/var/mobile/Containers/Data/Application/EFEEF93A-2AA6-4B6B-83D1-DD8971FF3349/Documents/.vim/pack/___UI__/start/vim-airline/autoload/airline/extensions/term.vim
892.111  000.622  000.622: sourcing /private/var/mobile/Containers/Data/Application/EFEEF93A-2AA6-4B6B-83D1-DD8971FF3349/Documents/.vim/pack/___UI__/start/vim-airline/autoload/airline/extensions/ctrlp.vim
893.197  000.320  000.320: sourcing /private/var/mobile/Containers/Data/Application/EFEEF93A-2AA6-4B6B-83D1-DD8971FF3349/Documents/.vim/pack/___UI__/start/vim-airline/autoload/airline/extensions/undotree.vim
894.017  000.469  000.469: sourcing /private/var/mobile/Containers/Data/Application/EFEEF93A-2AA6-4B6B-83D1-DD8971FF3349/Documents/.vim/pack/___UI__/start/vim-airline/autoload/airline/extensions/hunks.vim
894.776  000.433  000.433: sourcing /private/var/mobile/Containers/Data/Application/EFEEF93A-2AA6-4B6B-83D1-DD8971FF3349/Documents/.vim/pack/___UI__/start/vim-airline/autoload/airline/extensions/tagbar.vim
895.561  000.412  000.412: sourcing /private/var/mobile/Containers/Data/Application/EFEEF93A-2AA6-4B6B-83D1-DD8971FF3349/Documents/.vim/pack/___UI__/start/vim-airline/autoload/airline/extensions/csv.vim
896.516  000.495  000.495: sourcing /private/var/mobile/Containers/Data/Application/EFEEF93A-2AA6-4B6B-83D1-DD8971FF3349/Documents/.vim/pack/___UI__/start/vim-airline/autoload/airline/extensions/whitespace.vim
897.509  000.465  000.465: sourcing /private/var/mobile/Containers/Data/Application/EFEEF93A-2AA6-4B6B-83D1-DD8971FF3349/Documents/.vim/pack/___UI__/start/vim-airline/autoload/airline/extensions/wordcount.vim
898.198  000.342  000.342: sourcing /private/var/mobile/Containers/Data/Application/EFEEF93A-2AA6-4B6B-83D1-DD8971FF3349/Documents/.vim/pack/___UI__/start/vim-airline/autoload/airline/extensions/nrrwrgn.vim
898.929  000.408  000.408: sourcing /private/var/mobile/Containers/Data/Application/EFEEF93A-2AA6-4B6B-83D1-DD8971FF3349/Documents/.vim/pack/___UI__/start/vim-airline/autoload/airline/extensions/unicode.vim
899.650  000.316  000.316: sourcing /private/var/mobile/Containers/Data/Application/EFEEF93A-2AA6-4B6B-83D1-DD8971FF3349/Documents/.vim/pack/___UI__/start/vim-airline/autoload/airline/extensions/grepper.vim
900.326  000.331  000.331: sourcing /private/var/mobile/Containers/Data/Application/EFEEF93A-2AA6-4B6B-83D1-DD8971FF3349/Documents/.vim/pack/___UI__/start/vim-airline/autoload/airline/extensions/keymap.vim
913.365  011.952  011.952: sourcing /private/var/mobile/Containers/Data/Application/EFEEF93A-2AA6-4B6B-83D1-DD8971FF3349/Documents/.vim/pack/__FileTypes__/start/vimtex/autoload/vimtex.vim
914.220  000.515  000.515: sourcing /private/var/mobile/Containers/Data/Application/EFEEF93A-2AA6-4B6B-83D1-DD8971FF3349/Documents/.vim/pack/___UI__/start/vim-airline/autoload/airline/extensions/vimtex.vim
933.121  000.587  000.587: sourcing /private/var/mobile/Containers/Data/Application/EFEEF93A-2AA6-4B6B-83D1-DD8971FF3349/Documents/.vim/pack/___UI__/start/vim-airline/autoload/airline/extensions/ale.vim
933.788  000.318  000.318: sourcing /private/var/mobile/Containers/Data/Application/EFEEF93A-2AA6-4B6B-83D1-DD8971FF3349/Documents/.vim/pack/___UI__/start/vim-airline/autoload/airline/extensions/bookmark.vim
934.697  000.562  000.562: sourcing /private/var/mobile/Containers/Data/Application/EFEEF93A-2AA6-4B6B-83D1-DD8971FF3349/Documents/.vim/pack/___UI__/start/vim-airline/autoload/airline/extensions/branch.vim
935.399  000.327  000.327: sourcing /private/var/mobile/Containers/Data/Application/EFEEF93A-2AA6-4B6B-83D1-DD8971FF3349/Documents/.vim/pack/___UI__/start/vim-airline/autoload/airline/extensions/bufferline.vim
936.067  000.314  000.314: sourcing /private/var/mobile/Containers/Data/Application/EFEEF93A-2AA6-4B6B-83D1-DD8971FF3349/Documents/.vim/pack/___UI__/start/vim-airline/autoload/airline/extensions/capslock.vim
936.762  000.353  000.353: sourcing /private/var/mobile/Containers/Data/Application/EFEEF93A-2AA6-4B6B-83D1-DD8971FF3349/Documents/.vim/pack/___UI__/start/vim-airline/autoload/airline/extensions/coc.vim
937.543  000.398  000.398: sourcing /private/var/mobile/Containers/Data/Application/EFEEF93A-2AA6-4B6B-83D1-DD8971FF3349/Documents/.vim/pack/___UI__/start/vim-airline/autoload/airline/extensions/commandt.vim
938.364  000.327  000.327: sourcing /private/var/mobile/Containers/Data/Application/EFEEF93A-2AA6-4B6B-83D1-DD8971FF3349/Documents/.vim/pack/___UI__/start/vim-airline/autoload/airline/extensions/ctrlspace.vim
939.249  000.545  000.545: sourcing /private/var/mobile/Containers/Data/Application/EFEEF93A-2AA6-4B6B-83D1-DD8971FF3349/Documents/.vim/pack/___UI__/start/vim-airline/autoload/airline/extensions/cursormode.vim
940.015  000.393  000.393: sourcing /private/var/mobile/Containers/Data/Application/EFEEF93A-2AA6-4B6B-83D1-DD8971FF3349/Documents/.vim/pack/___UI__/start/vim-airline/autoload/airline/extensions/default.vim
940.693  000.331  000.331: sourcing /private/var/mobile/Containers/Data/Application/EFEEF93A-2AA6-4B6B-83D1-DD8971FF3349/Documents/.vim/pack/___UI__/start/vim-airline/autoload/airline/extensions/denite.vim
941.363  000.319  000.319: sourcing /private/var/mobile/Containers/Data/Application/EFEEF93A-2AA6-4B6B-83D1-DD8971FF3349/Documents/.vim/pack/___UI__/start/vim-airline/autoload/airline/extensions/dirvish.vim
942.118  000.406  000.406: sourcing /private/var/mobile/Containers/Data/Application/EFEEF93A-2AA6-4B6B-83D1-DD8971FF3349/Documents/.vim/pack/___UI__/start/vim-airline/autoload/airline/extensions/eclim.vim
942.791  000.320  000.320: sourcing /private/var/mobile/Containers/Data/Application/EFEEF93A-2AA6-4B6B-83D1-DD8971FF3349/Documents/.vim/pack/___UI__/start/vim-airline/autoload/airline/extensions/example.vim
943.506  000.345  000.345: sourcing /private/var/mobile/Containers/Data/Application/EFEEF93A-2AA6-4B6B-83D1-DD8971FF3349/Documents/.vim/pack/___UI__/start/vim-airline/autoload/airline/extensions/fugitiveline.vim
944.173  000.324  000.324: sourcing /private/var/mobile/Containers/Data/Application/EFEEF93A-2AA6-4B6B-83D1-DD8971FF3349/Documents/.vim/pack/___UI__/start/vim-airline/autoload/airline/extensions/gina.vim
945.036  000.405  000.405: sourcing /private/var/mobile/Containers/Data/Application/EFEEF93A-2AA6-4B6B-83D1-DD8971FF3349/Documents/.vim/pack/___UI__/start/vim-airline/autoload/airline/extensions/gutentags.vim
946.029  000.493  000.493: sourcing /private/var/mobile/Containers/Data/Application/EFEEF93A-2AA6-4B6B-83D1-DD8971FF3349/Documents/.vim/pack/___UI__/start/vim-airline/autoload/airline/extensions/languageclient.vim
946.774  000.327  000.327: sourcing /private/var/mobile/Containers/Data/Application/EFEEF93A-2AA6-4B6B-83D1-DD8971FF3349/Documents/.vim/pack/___UI__/start/vim-airline/autoload/airline/extensions/localsearch.vim
947.461  000.332  000.332: sourcing /private/var/mobile/Containers/Data/Application/EFEEF93A-2AA6-4B6B-83D1-DD8971FF3349/Documents/.vim/pack/___UI__/start/vim-airline/autoload/airline/extensions/lsp.vim
948.129  000.342  000.342: sourcing /private/var/mobile/Containers/Data/Application/EFEEF93A-2AA6-4B6B-83D1-DD8971FF3349/Documents/.vim/pack/___UI__/start/vim-airline/autoload/airline/extensions/neomake.vim
949.001  000.406  000.406: sourcing /private/var/mobile/Containers/Data/Application/EFEEF93A-2AA6-4B6B-83D1-DD8971FF3349/Documents/.vim/pack/___UI__/start/vim-airline/autoload/airline/extensions/obsession.vim
949.680  000.362  000.362: sourcing /private/var/mobile/Containers/Data/Application/EFEEF93A-2AA6-4B6B-83D1-DD8971FF3349/Documents/.vim/pack/___UI__/start/vim-airline/autoload/airline/extensions/po.vim
950.445  000.436  000.436: sourcing /private/var/mobile/Containers/Data/Application/EFEEF93A-2AA6-4B6B-83D1-DD8971FF3349/Documents/.vim/pack/___UI__/start/vim-airline/autoload/airline/extensions/poetv.vim
951.178  000.333  000.333: sourcing /private/var/mobile/Containers/Data/Application/EFEEF93A-2AA6-4B6B-83D1-DD8971FF3349/Documents/.vim/pack/___UI__/start/vim-airline/autoload/airline/extensions/promptline.vim
952.036  000.366  000.366: sourcing /private/var/mobile/Containers/Data/Application/EFEEF93A-2AA6-4B6B-83D1-DD8971FF3349/Documents/.vim/pack/___UI__/start/vim-airline/autoload/airline/extensions/syntastic.vim
953.034  000.587  000.587: sourcing /private/var/mobile/Containers/Data/Application/EFEEF93A-2AA6-4B6B-83D1-DD8971FF3349/Documents/.vim/pack/___UI__/start/vim-airline/autoload/airline/extensions/tabline.vim
953.804  000.371  000.371: sourcing /private/var/mobile/Containers/Data/Application/EFEEF93A-2AA6-4B6B-83D1-DD8971FF3349/Documents/.vim/pack/___UI__/start/vim-airline/autoload/airline/extensions/tabline/autoshow.vim
954.804  000.638  000.638: sourcing /private/var/mobile/Containers/Data/Application/EFEEF93A-2AA6-4B6B-83D1-DD8971FF3349/Documents/.vim/pack/___UI__/start/vim-airline/autoload/airline/extensions/tabline/tabs.vim
955.729  000.587  000.587: sourcing /private/var/mobile/Containers/Data/Application/EFEEF93A-2AA6-4B6B-83D1-DD8971FF3349/Documents/.vim/pack/___UI__/start/vim-airline/autoload/airline/extensions/tabline/buffers.vim
956.661  000.352  000.352: sourcing /private/var/mobile/Containers/Data/Application/EFEEF93A-2AA6-4B6B-83D1-DD8971FF3349/Documents/.vim/pack/___UI__/start/vim-airline/autoload/airline/extensions/tmuxline.vim
957.645  000.428  000.428: sourcing /private/var/mobile/Containers/Data/Application/EFEEF93A-2AA6-4B6B-83D1-DD8971FF3349/Documents/.vim/pack/___UI__/start/vim-airline/autoload/airline/extensions/unite.vim
958.358  000.337  000.337: sourcing /private/var/mobile/Containers/Data/Application/EFEEF93A-2AA6-4B6B-83D1-DD8971FF3349/Documents/.vim/pack/___UI__/start/vim-airline/autoload/airline/extensions/vimagit.vim
959.207  000.374  000.374: sourcing /private/var/mobile/Containers/Data/Application/EFEEF93A-2AA6-4B6B-83D1-DD8971FF3349/Documents/.vim/pack/___UI__/start/vim-airline/autoload/airline/extensions/virtualenv.vim
960.060  000.446  000.446: sourcing /private/var/mobile/Containers/Data/Application/EFEEF93A-2AA6-4B6B-83D1-DD8971FF3349/Documents/.vim/pack/___UI__/start/vim-airline/autoload/airline/extensions/vista.vim
960.952  000.431  000.431: sourcing /private/var/mobile/Containers/Data/Application/EFEEF93A-2AA6-4B6B-83D1-DD8971FF3349/Documents/.vim/pack/___UI__/start/vim-airline/autoload/airline/extensions/windowswap.vim
961.886  000.441  000.441: sourcing /private/var/mobile/Containers/Data/Application/EFEEF93A-2AA6-4B6B-83D1-DD8971FF3349/Documents/.vim/pack/___UI__/start/vim-airline/autoload/airline/extensions/xkblayout.vim
962.639  000.341  000.341: sourcing /private/var/mobile/Containers/Data/Application/EFEEF93A-2AA6-4B6B-83D1-DD8971FF3349/Documents/.vim/pack/___UI__/start/vim-airline/autoload/airline/extensions/ycm.vim
963.411  000.369  000.369: sourcing /private/var/mobile/Containers/Data/Application/EFEEF93A-2AA6-4B6B-83D1-DD8971FF3349/Documents/.vim/pack/___UI__/start/vim-airline/autoload/airline/extensions/zoomwintab.vim
964.576  000.412  000.412: sourcing /private/var/mobile/Containers/Data/Application/EFEEF93A-2AA6-4B6B-83D1-DD8971FF3349/Documents/.vim/pack/__Find&Fold&Indent&Search&Jump__/start/vim-anzu/autoload/airline/extensions/anzu.vim
966.578  000.511  000.511: sourcing /private/var/mobile/Containers/Data/Application/EFEEF93A-2AA6-4B6B-83D1-DD8971FF3349/Documents/.vim/pack/misc/start/swy-ivim/autoload/airline/extensions/clock.vim
970.541  000.374  000.374: sourcing /private/var/mobile/Containers/Data/Application/EFEEF93A-2AA6-4B6B-83D1-DD8971FF3349/Documents/.vim/pack/___UI__/start/vim-airline/autoload/airline/themes.vim
970.767  001.349  000.975: sourcing /private/var/mobile/Containers/Data/Application/EFEEF93A-2AA6-4B6B-83D1-DD8971FF3349/Documents/.vim/pack/___UI__/start/vim-airline/autoload/airline/themes/dark.vim
985.704  000.484  000.484: sourcing /private/var/mobile/Containers/Data/Application/EFEEF93A-2AA6-4B6B-83D1-DD8971FF3349/Documents/.vim/pack/___UI__/start/vim-airline/autoload/airline/builder.vim
1006.258  092.786: starting GUI
1007.942  001.684: reading viminfo
1007.970  000.028: GUI delay
1007.971  000.001: setting raw mode
1007.973  000.002: start termcap
1007.982  000.009: clearing screen
1012.261  004.279: opening buffers
1017.049  000.496  000.496: sourcing /private/var/mobile/Containers/Data/Application/EFEEF93A-2AA6-4B6B-83D1-DD8971FF3349/Documents/.vim/pack/misc/start/devotion.vim/autoload/devotion/timer.vim
1017.202  003.278  002.782: sourcing /private/var/mobile/Containers/Data/Application/EFEEF93A-2AA6-4B6B-83D1-DD8971FF3349/Documents/.vim/pack/misc/start/devotion.vim/autoload/devotion.vim
1019.079  000.526  000.526: sourcing /private/var/mobile/Containers/Data/Application/EFEEF93A-2AA6-4B6B-83D1-DD8971FF3349/Documents/.vim/pack/_hi&&sy&th_/start/vim-highlighturl/autoload/highlighturl.vim
1020.346  004.281: BufEnter autocommands
1020.348  000.002: editing files in windows
1022.444  000.445  000.445: sourcing /private/var/mobile/Containers/Data/Application/EFEEF93A-2AA6-4B6B-83D1-DD8971FF3349/Documents/.vim/pack/misc/start/devotion.vim/autoload/devotion/log.vim
1027.895  000.458  000.458: sourcing /private/var/containers/Bundle/Application/76D344F8-263C-4B2C-A0CD-FE55308DDA68/iVim.app/runtime/syntax/syncolor.vim
1029.710  000.205  000.205: sourcing /private/var/containers/Bundle/Application/76D344F8-263C-4B2C-A0CD-FE55308DDA68/iVim.app/runtime/syntax/syncolor.vim
1031.256  000.204  000.204: sourcing /private/var/containers/Bundle/Application/76D344F8-263C-4B2C-A0CD-FE55308DDA68/iVim.app/runtime/syntax/syncolor.vim
1032.050  006.691  005.824: sourcing /private/var/containers/Bundle/Application/76D344F8-263C-4B2C-A0CD-FE55308DDA68/iVim.app/runtime/colors/murphy.vim
1079.301  000.637  000.637: sourcing /private/var/mobile/Containers/Data/Application/EFEEF93A-2AA6-4B6B-83D1-DD8971FF3349/Documents/.vim/pack/_hi&&sy&th_/start/vim-cursorword/autoload/cursorword.vim
1223.727  002.077  002.077: sourcing /private/var/mobile/Containers/Data/Application/EFEEF93A-2AA6-4B6B-83D1-DD8971FF3349/Documents/.vim/pack/__Edit_Diff_Undo_Swap__/start/changesPlugin/autoload/changes.vim
1234.739  204.541: VimEnter autocommands
1234.742  000.003: before starting main loop
1237.333  000.600  000.600: sourcing /private/var/mobile/Containers/Data/Application/EFEEF93A-2AA6-4B6B-83D1-DD8971FF3349/Documents/.vim/pack/_hi&&sy&th_/start/vim-illuminate/autoload/illuminate.vim
1238.742  000.636  000.636: sourcing /private/var/mobile/Containers/Data/Application/EFEEF93A-2AA6-4B6B-83D1-DD8971FF3349/Documents/.vim/pack/__Find&Fold&Indent&Search&Jump__/start/vim-anzu/autoload/anzu.vim
1239.926  000.566  000.566: sourcing /private/var/mobile/Containers/Data/Application/EFEEF93A-2AA6-4B6B-83D1-DD8971FF3349/Documents/.vim/pack/___UI__/start/vim-airline/autoload/airline/extensions/tabline/ctrlspace.vim
1240.807  000.551  000.551: sourcing /private/var/mobile/Containers/Data/Application/EFEEF93A-2AA6-4B6B-83D1-DD8971FF3349/Documents/.vim/pack/___UI__/start/vim-airline/autoload/airline/extensions/tabline/tabws.vim
1241.900  000.491  000.491: sourcing /private/var/mobile/Containers/Data/Application/EFEEF93A-2AA6-4B6B-83D1-DD8971FF3349/Documents/.vim/pack/___UI__/start/vim-airline/autoload/airline/extensions/tabline/builder.vim
1242.760  000.493  000.493: sourcing /private/var/mobile/Containers/Data/Application/EFEEF93A-2AA6-4B6B-83D1-DD8971FF3349/Documents/.vim/pack/___UI__/start/vim-airline/autoload/airline/extensions/tabline/buflist.vim
1245.101  000.428  000.428: sourcing /private/var/mobile/Containers/Data/Application/EFEEF93A-2AA6-4B6B-83D1-DD8971FF3349/Documents/.vim/pack/___UI__/start/vim-airline/autoload/airline/extensions/tabline/formatters/default.vim
1270.765  002.805  002.805: sourcing /private/var/mobile/Containers/Data/Application/EFEEF93A-2AA6-4B6B-83D1-DD8971FF3349/Documents/.vim/pack/__Code&DebugLint&Run&Tag__/start/tagbar/autoload/tagbar.vim
1272.521  000.542  000.542: sourcing /private/var/mobile/Containers/Data/Application/EFEEF93A-2AA6-4B6B-83D1-DD8971FF3349/Documents/.vim/pack/__Code&DebugLint&Run&Tag__/start/tagbar/autoload/tagbar/debug.vim
1324.895  001.855  001.855: sourcing /private/var/mobile/Containers/Data/Application/EFEEF93A-2AA6-4B6B-83D1-DD8971FF3349/Documents/.vim/pack/__Code&DebugLint&Run&Tag__/start/tagbar/autoload/tagbar/types/uctags.vim
1326.861  000.469  000.469: sourcing /private/var/mobile/Containers/Data/Application/EFEEF93A-2AA6-4B6B-83D1-DD8971FF3349/Documents/.vim/pack/__Code&DebugLint&Run&Tag__/start/tagbar/autoload/tagbar/prototypes/typeinfo.vim
1347.663  103.485: first screen update
1347.666  000.003: --- VIM STARTED ---
